\BOOKMARK [1][-]{section.1}{Parameters}{}% 1
\BOOKMARK [2][-]{subsection.1.1}{Ask\137for\137CMS\137luminosity\137calculations}{section.1}% 2
\BOOKMARK [2][-]{subsection.1.2}{Ask\137for\137trigger}{section.1}% 3
\BOOKMARK [2][-]{subsection.1.3}{Ask\137for\137trigger\137data\137bunch\137num}{section.1}% 4
\BOOKMARK [2][-]{subsection.1.4}{CollectCutDiagnosticData}{section.1}% 5
\BOOKMARK [2][-]{subsection.1.5}{DoNotSaveEpsFiles}{section.1}% 6
\BOOKMARK [2][-]{subsection.1.6}{MaxNumberOfEventsToAnalyze}{section.1}% 7
\BOOKMARK [2][-]{subsection.1.7}{MaxNumberOfEventsToAnalyzeIsSet}{section.1}% 8
\BOOKMARK [2][-]{subsection.1.8}{NearFarRPUnitsDistanceM}{section.1}% 9
\BOOKMARK [2][-]{subsection.1.9}{ReducedBinaryDataset}{section.1}% 10
\BOOKMARK [2][-]{subsection.1.10}{SaveReducedBinaryDataset}{section.1}% 11
\BOOKMARK [2][-]{subsection.1.11}{SaveRuns}{section.1}% 12
\BOOKMARK [2][-]{subsection.1.12}{analytical\137acceptance\137calculation}{section.1}% 13
\BOOKMARK [2][-]{subsection.1.13}{pile\137up\137inefficiency\137correction\137percent}{section.1}% 14
\BOOKMARK [2][-]{subsection.1.14}{vertical\137RP\137position\137beam\137sigma}{section.1}% 15
\BOOKMARK [1][-]{section.2}{Settings}{}% 16
\BOOKMARK [2][-]{subsection.2.1}{Fill\137number}{section.2}% 17
\BOOKMARK [2][-]{subsection.2.2}{Input\137directory}{section.2}% 18
\BOOKMARK [2][-]{subsection.2.3}{InstallDirectoryOfCode}{section.2}% 19
\BOOKMARK [2][-]{subsection.2.4}{Log\137file\137name}{section.2}% 20
\BOOKMARK [2][-]{subsection.2.5}{MADX\137label\137of\137left\137far\137RP\137detector}{section.2}% 21
\BOOKMARK [2][-]{subsection.2.6}{MADX\137label\137of\137left\137near\137RP\137detector}{section.2}% 22
\BOOKMARK [2][-]{subsection.2.7}{MADX\137label\137of\137right\137far\137RP\137detector}{section.2}% 23
\BOOKMARK [2][-]{subsection.2.8}{MADX\137label\137of\137right\137near\137RP\137detector}{section.2}% 24
\BOOKMARK [2][-]{subsection.2.9}{MAD\137X\137twiss\137beam\1371}{section.2}% 25
\BOOKMARK [2][-]{subsection.2.10}{MAD\137X\137twiss\137beam\1372}{section.2}% 26
\BOOKMARK [2][-]{subsection.2.11}{Output\137directory}{section.2}% 27
\BOOKMARK [2][-]{subsection.2.12}{VersionOfAnalysisCode}{section.2}% 28
\BOOKMARK [2][-]{subsection.2.13}{analysed\137diagonal}{section.2}% 29
\BOOKMARK [2][-]{subsection.2.14}{binning\137file\137name}{section.2}% 30
\BOOKMARK [2][-]{subsection.2.15}{geometrical\137acceptance\137cut\137block}{section.2}% 31
\BOOKMARK [2][-]{subsection.2.16}{label\137of\137vertical\137beam\137divergence\137plot}{section.2}% 32
\BOOKMARK [2][-]{subsection.2.17}{project\137subtask}{section.2}% 33
\BOOKMARK [2][-]{subsection.2.18}{project\137task}{section.2}% 34
\BOOKMARK [2][-]{subsection.2.19}{required\137trigger\137bit\137name}{section.2}% 35
\BOOKMARK [2][-]{subsection.2.20}{vertical\137angular\137left\137acceptance\137cut\137block}{section.2}% 36
\BOOKMARK [2][-]{subsection.2.21}{vertical\137angular\137right\137acceptance\137cut\137block}{section.2}% 37
\BOOKMARK [2][-]{subsection.2.22}{vertical\137beam\137divergence\137cut\137block}{section.2}% 38
\BOOKMARK [1][-]{section.3}{Parameter vectors}{}% 39
\BOOKMARK [1][-]{section.4}{Settings}{}% 40
\BOOKMARK [2][-]{subsection.4.1}{Fill\137number}{section.4}% 41
\BOOKMARK [2][-]{subsection.4.2}{Input\137directory}{section.4}% 42
\BOOKMARK [2][-]{subsection.4.3}{InstallDirectoryOfCode}{section.4}% 43
\BOOKMARK [2][-]{subsection.4.4}{Log\137file\137name}{section.4}% 44
\BOOKMARK [2][-]{subsection.4.5}{MADX\137label\137of\137left\137far\137RP\137detector}{section.4}% 45
\BOOKMARK [2][-]{subsection.4.6}{MADX\137label\137of\137left\137near\137RP\137detector}{section.4}% 46
\BOOKMARK [2][-]{subsection.4.7}{MADX\137label\137of\137right\137far\137RP\137detector}{section.4}% 47
\BOOKMARK [2][-]{subsection.4.8}{MADX\137label\137of\137right\137near\137RP\137detector}{section.4}% 48
\BOOKMARK [2][-]{subsection.4.9}{MAD\137X\137twiss\137beam\1371}{section.4}% 49
\BOOKMARK [2][-]{subsection.4.10}{MAD\137X\137twiss\137beam\1372}{section.4}% 50
\BOOKMARK [2][-]{subsection.4.11}{Output\137directory}{section.4}% 51
\BOOKMARK [2][-]{subsection.4.12}{VersionOfAnalysisCode}{section.4}% 52
\BOOKMARK [2][-]{subsection.4.13}{analysed\137diagonal}{section.4}% 53
\BOOKMARK [2][-]{subsection.4.14}{binning\137file\137name}{section.4}% 54
\BOOKMARK [2][-]{subsection.4.15}{geometrical\137acceptance\137cut\137block}{section.4}% 55
\BOOKMARK [2][-]{subsection.4.16}{label\137of\137vertical\137beam\137divergence\137plot}{section.4}% 56
\BOOKMARK [2][-]{subsection.4.17}{project\137subtask}{section.4}% 57
\BOOKMARK [2][-]{subsection.4.18}{project\137task}{section.4}% 58
\BOOKMARK [2][-]{subsection.4.19}{required\137trigger\137bit\137name}{section.4}% 59
\BOOKMARK [2][-]{subsection.4.20}{vertical\137angular\137left\137acceptance\137cut\137block}{section.4}% 60
\BOOKMARK [2][-]{subsection.4.21}{vertical\137angular\137right\137acceptance\137cut\137block}{section.4}% 61
\BOOKMARK [2][-]{subsection.4.22}{vertical\137beam\137divergence\137cut\137block}{section.4}% 62
\BOOKMARK [1][-]{section.5}{Cuts\137start\137here}{}% 63
\BOOKMARK [1][-]{section.6}{Cut\137definitions\137start\137here}{}% 64
\BOOKMARK [1][-]{section.7}{Cut\137definitions\137end\137here}{}% 65
\BOOKMARK [1][-]{section.8}{Differential\137cross\137sections}{}% 66
\BOOKMARK [1][-]{section.9}{Summary tables}{}% 67
