000 (10216322.004.000) 07/16 16:20:28 Job submitted from host: <188.185.114.121:9618?addrs=188.185.114.121-9618+[2001-1458-d00-a--100-273]-9618&alias=bigbird19.cern.ch&noUDP&sock=schedd_4961_696e>
...
040 (10216322.004.000) 07/16 16:22:45 Started transferring input files
	Transferring to host: <128.142.161.90:9618?addrs=128.142.161.90-9618+[2001-1458-301-b8--100-18]-9618&alias=b9g03p4505.cern.ch&noUDP&sock=slot1_7_6456_9600_3925>
...
040 (10216322.004.000) 07/16 16:22:45 Finished transferring input files
...
001 (10216322.004.000) 07/16 16:22:46 Job executing on host: <128.142.161.90:9618?addrs=128.142.161.90-9618+[2001-1458-301-b8--100-18]-9618&alias=b9g03p4505.cern.ch&noUDP&sock=startd_5705_bbe4>
	SlotName: slot1_7@b9g03p4505.cern.ch
	CondorScratchDir = "/pool/condor/dir_651170"
	Cpus = 1
	Disk = 3234041
	Memory = 2000
...
006 (10216322.004.000) 07/16 16:22:55 Image size of job updated: 684232
	668  -  MemoryUsage of job (MB)
	684000  -  ResidentSetSize of job (KB)
...
006 (10216322.004.000) 07/16 16:25:13 Image size of job updated: 2280604
	783  -  MemoryUsage of job (MB)
	801344  -  ResidentSetSize of job (KB)
...
040 (10216322.004.000) 07/16 16:25:13 Started transferring output files
...
040 (10216322.004.000) 07/16 16:25:13 Finished transferring output files
...
005 (10216322.004.000) 07/16 16:25:13 Job terminated.
	(1) Normal termination (return value 0)
		Usr 0 00:01:32, Sys 0 00:00:04  -  Run Remote Usage
		Usr 0 00:00:00, Sys 0 00:00:00  -  Run Local Usage
		Usr 0 00:01:32, Sys 0 00:00:04  -  Total Remote Usage
		Usr 0 00:00:00, Sys 0 00:00:00  -  Total Local Usage
	950846  -  Run Bytes Sent By Job
	224221  -  Run Bytes Received By Job
	950846  -  Total Bytes Sent By Job
	224221  -  Total Bytes Received By Job
	Partitionable Resources :    Usage  Request Allocated 
	   Cpus                 :                 1         1 
	   Disk (KB)            :     1161      225   3234041 
	   Memory (MB)          :      783     2000      2000 

	Job terminated of its own accord at 2024-07-16T14:25:13Z with exit-code 0.
...
000 (10216324.004.000) 07/16 16:27:20 Job submitted from host: <188.185.114.121:9618?addrs=188.185.114.121-9618+[2001-1458-d00-a--100-273]-9618&alias=bigbird19.cern.ch&noUDP&sock=schedd_4961_696e>
...
040 (10216324.004.000) 07/16 16:31:43 Started transferring input files
	Transferring to host: <128.142.248.247:9618?addrs=128.142.248.247-9618+[2001-1458-301-73--100-f6]-9618&alias=b9g23p0833.cern.ch&noUDP&sock=slot1_9_8405_d52f_5862>
...
040 (10216324.004.000) 07/16 16:31:43 Finished transferring input files
...
001 (10216324.004.000) 07/16 16:31:44 Job executing on host: <128.142.248.247:9618?addrs=128.142.248.247-9618+[2001-1458-301-73--100-f6]-9618&alias=b9g23p0833.cern.ch&noUDP&sock=startd_7775_94ef>
	SlotName: slot1_9@b9g23p0833.cern.ch
	CondorScratchDir = "/pool/condor/dir_858655"
	Cpus = 1
	Disk = 2964031
	Memory = 2000
...
006 (10216324.004.000) 07/16 16:31:52 Image size of job updated: 667516
	652  -  MemoryUsage of job (MB)
	667516  -  ResidentSetSize of job (KB)
...
006 (10216324.004.000) 07/16 16:33:09 Image size of job updated: 1226476
	652  -  MemoryUsage of job (MB)
	667516  -  ResidentSetSize of job (KB)
...
040 (10216324.004.000) 07/16 16:33:09 Started transferring output files
...
040 (10216324.004.000) 07/16 16:33:09 Finished transferring output files
...
005 (10216324.004.000) 07/16 16:33:09 Job terminated.
	(1) Normal termination (return value 0)
		Usr 0 00:00:51, Sys 0 00:00:02  -  Run Remote Usage
		Usr 0 00:00:00, Sys 0 00:00:00  -  Run Local Usage
		Usr 0 00:00:51, Sys 0 00:00:02  -  Total Remote Usage
		Usr 0 00:00:00, Sys 0 00:00:00  -  Total Local Usage
	263205  -  Run Bytes Sent By Job
	224221  -  Run Bytes Received By Job
	263205  -  Total Bytes Sent By Job
	224221  -  Total Bytes Received By Job
	Partitionable Resources :    Usage  Request Allocated 
	   Cpus                 :     0.42        1         1 
	   Disk (KB)            :   497         225   2964031 
	   Memory (MB)          :   652        2000      2000 

	Job terminated of its own accord at 2024-07-16T14:33:09Z with exit-code 0.
...
000 (10216330.004.000) 07/16 16:37:09 Job submitted from host: <188.185.114.121:9618?addrs=188.185.114.121-9618+[2001-1458-d00-a--100-273]-9618&alias=bigbird19.cern.ch&noUDP&sock=schedd_4961_696e>
...
040 (10216330.004.000) 07/16 16:38:58 Started transferring input files
	Transferring to host: <128.142.192.136:9618?addrs=128.142.192.136-9618+[2001-1458-301-56--100-4]-9618&alias=b9g18p1082.cern.ch&noUDP&sock=slot1_10_8333_1a2c_86671>
...
040 (10216330.004.000) 07/16 16:38:58 Finished transferring input files
...
001 (10216330.004.000) 07/16 16:38:59 Job executing on host: <128.142.192.136:9618?addrs=128.142.192.136-9618+[2001-1458-301-56--100-4]-9618&alias=b9g18p1082.cern.ch&noUDP&sock=startd_8262_9f8e>
	SlotName: slot1_10@b9g18p1082.cern.ch
	CondorScratchDir = "/pool/condor/dir_3736364"
	Cpus = 1
	Disk = 2909455
	Memory = 2000
...
006 (10216330.004.000) 07/16 16:39:08 Image size of job updated: 83328
	79  -  MemoryUsage of job (MB)
	80492  -  ResidentSetSize of job (KB)
...
006 (10216330.004.000) 07/16 16:40:36 Image size of job updated: 1195136
	601  -  MemoryUsage of job (MB)
	615304  -  ResidentSetSize of job (KB)
...
040 (10216330.004.000) 07/16 16:40:36 Started transferring output files
...
040 (10216330.004.000) 07/16 16:40:36 Finished transferring output files
...
005 (10216330.004.000) 07/16 16:40:36 Job terminated.
	(1) Normal termination (return value 0)
		Usr 0 00:00:54, Sys 0 00:00:03  -  Run Remote Usage
		Usr 0 00:00:00, Sys 0 00:00:00  -  Run Local Usage
		Usr 0 00:00:54, Sys 0 00:00:03  -  Total Remote Usage
		Usr 0 00:00:00, Sys 0 00:00:00  -  Total Local Usage
	263205  -  Run Bytes Sent By Job
	224221  -  Run Bytes Received By Job
	263205  -  Total Bytes Sent By Job
	224221  -  Total Bytes Received By Job
	Partitionable Resources :    Usage  Request Allocated 
	   Cpus                 :        0        1         1 
	   Disk (KB)            :      497      225   2909455 
	   Memory (MB)          :      601     2000      2000 

	Job terminated of its own accord at 2024-07-16T14:40:36Z with exit-code 0.
...
000 (10216333.004.000) 07/16 16:43:48 Job submitted from host: <188.185.114.121:9618?addrs=188.185.114.121-9618+[2001-1458-d00-a--100-273]-9618&alias=bigbird19.cern.ch&noUDP&sock=schedd_4961_696e>
...
009 (10216333.004.000) 07/16 16:45:10 Job was aborted.
	via condor_rm (by user yelberke)
...
000 (10216335.004.000) 07/16 16:45:17 Job submitted from host: <188.185.114.121:9618?addrs=188.185.114.121-9618+[2001-1458-d00-a--100-273]-9618&alias=bigbird19.cern.ch&noUDP&sock=schedd_4961_696e>
...
040 (10216335.004.000) 07/16 16:46:33 Started transferring input files
	Transferring to host: <188.185.205.206:9618?addrs=188.185.205.206-9618&alias=b9p04p2719.cern.ch&noUDP&sock=slot1_13_4129_0101_146654>
...
040 (10216335.004.000) 07/16 16:46:33 Finished transferring input files
...
001 (10216335.004.000) 07/16 16:46:34 Job executing on host: <188.185.205.206:9618?addrs=188.185.205.206-9618&alias=b9p04p2719.cern.ch&noUDP&sock=startd_3707_45ab>
	SlotName: slot1_13@b9p04p2719.cern.ch
	CondorScratchDir = "/pool/condor/dir_3321663"
	Cpus = 1
	Disk = 2889505
	Memory = 2000
...
006 (10216335.004.000) 07/16 16:46:43 Image size of job updated: 795172
	776  -  MemoryUsage of job (MB)
	794616  -  ResidentSetSize of job (KB)
...
006 (10216335.004.000) 07/16 16:47:36 Image size of job updated: 1201472
	776  -  MemoryUsage of job (MB)
	794616  -  ResidentSetSize of job (KB)
...
040 (10216335.004.000) 07/16 16:47:36 Started transferring output files
...
040 (10216335.004.000) 07/16 16:47:36 Finished transferring output files
...
005 (10216335.004.000) 07/16 16:47:36 Job terminated.
	(1) Normal termination (return value 0)
		Usr 0 00:00:31, Sys 0 00:00:03  -  Run Remote Usage
		Usr 0 00:00:00, Sys 0 00:00:00  -  Run Local Usage
		Usr 0 00:00:31, Sys 0 00:00:03  -  Total Remote Usage
		Usr 0 00:00:00, Sys 0 00:00:00  -  Total Local Usage
	263205  -  Run Bytes Sent By Job
	224220  -  Run Bytes Received By Job
	263205  -  Total Bytes Sent By Job
	224220  -  Total Bytes Received By Job
	Partitionable Resources :    Usage  Request Allocated 
	   Cpus                 :        0        1         1 
	   Disk (KB)            :      497      225   2889505 
	   Memory (MB)          :      776     2000      2000 

	Job terminated of its own accord at 2024-07-16T14:47:36Z with exit-code 0.
...
000 (10216337.004.000) 07/16 16:50:42 Job submitted from host: <188.185.114.121:9618?addrs=188.185.114.121-9618+[2001-1458-d00-a--100-273]-9618&alias=bigbird19.cern.ch&noUDP&sock=schedd_4961_696e>
...
040 (10216337.004.000) 07/16 16:53:45 Started transferring input files
	Transferring to host: <188.185.209.135:9618?addrs=188.185.209.135-9618+[2001-1458-303-12--100-4]-9618&alias=b9p12p1465.cern.ch&noUDP&sock=slot1_11_5248_70ce_133893>
...
040 (10216337.004.000) 07/16 16:53:45 Finished transferring input files
...
001 (10216337.004.000) 07/16 16:53:46 Job executing on host: <188.185.209.135:9618?addrs=188.185.209.135-9618+[2001-1458-303-12--100-4]-9618&alias=b9p12p1465.cern.ch&noUDP&sock=startd_4392_200a>
	SlotName: slot1_11@b9p12p1465.cern.ch
	CondorScratchDir = "/pool/condor/dir_576661"
	Cpus = 8
	Disk = 2834943
	Memory = 16000
...
006 (10216337.004.000) 07/16 16:53:55 Image size of job updated: 380084
	371  -  MemoryUsage of job (MB)
	379428  -  ResidentSetSize of job (KB)
...
006 (10216337.004.000) 07/16 16:58:56 Image size of job updated: 864084
	835  -  MemoryUsage of job (MB)
	854712  -  ResidentSetSize of job (KB)
...
006 (10216337.004.000) 07/16 17:03:57 Image size of job updated: 901472
	858  -  MemoryUsage of job (MB)
	878108  -  ResidentSetSize of job (KB)
...
006 (10216337.004.000) 07/16 17:08:57 Image size of job updated: 915600
	883  -  MemoryUsage of job (MB)
	903792  -  ResidentSetSize of job (KB)
...
006 (10216337.004.000) 07/16 17:13:57 Image size of job updated: 940944
	902  -  MemoryUsage of job (MB)
	922776  -  ResidentSetSize of job (KB)
...
006 (10216337.004.000) 07/16 17:18:58 Image size of job updated: 956452
	902  -  MemoryUsage of job (MB)
	922776  -  ResidentSetSize of job (KB)
...
006 (10216337.004.000) 07/16 17:28:59 Image size of job updated: 960244
	913  -  MemoryUsage of job (MB)
	934836  -  ResidentSetSize of job (KB)
...
006 (10216337.004.000) 07/16 17:33:59 Image size of job updated: 970512
	913  -  MemoryUsage of job (MB)
	934836  -  ResidentSetSize of job (KB)
...
006 (10216337.004.000) 07/16 17:54:01 Image size of job updated: 1026668
	950  -  MemoryUsage of job (MB)
	972560  -  ResidentSetSize of job (KB)
...
006 (10216337.004.000) 07/16 17:59:02 Image size of job updated: 1026668
	952  -  MemoryUsage of job (MB)
	974680  -  ResidentSetSize of job (KB)
...
006 (10216337.004.000) 07/16 18:04:02 Image size of job updated: 1026668
	959  -  MemoryUsage of job (MB)
	981704  -  ResidentSetSize of job (KB)
...
006 (10216337.004.000) 07/16 18:14:03 Image size of job updated: 1026668
	978  -  MemoryUsage of job (MB)
	1000604  -  ResidentSetSize of job (KB)
...
006 (10216337.004.000) 07/16 18:19:04 Image size of job updated: 1031500
	982  -  MemoryUsage of job (MB)
	1005508  -  ResidentSetSize of job (KB)
...
006 (10216337.004.000) 07/16 18:24:04 Image size of job updated: 1033200
	982  -  MemoryUsage of job (MB)
	1005508  -  ResidentSetSize of job (KB)
...
006 (10216337.004.000) 07/16 18:29:04 Image size of job updated: 1057384
	995  -  MemoryUsage of job (MB)
	1018860  -  ResidentSetSize of job (KB)
...
006 (10216337.004.000) 07/16 18:34:05 Image size of job updated: 1057384
	1003  -  MemoryUsage of job (MB)
	1026824  -  ResidentSetSize of job (KB)
...
006 (10216337.004.000) 07/16 18:39:05 Image size of job updated: 1057384
	1006  -  MemoryUsage of job (MB)
	1029632  -  ResidentSetSize of job (KB)
...
006 (10216337.004.000) 07/16 18:44:05 Image size of job updated: 1064588
	1017  -  MemoryUsage of job (MB)
	1041180  -  ResidentSetSize of job (KB)
...
006 (10216337.004.000) 07/16 18:49:06 Image size of job updated: 1072524
	1019  -  MemoryUsage of job (MB)
	1042748  -  ResidentSetSize of job (KB)
...
006 (10216337.004.000) 07/16 18:54:07 Image size of job updated: 1078352
	1032  -  MemoryUsage of job (MB)
	1056548  -  ResidentSetSize of job (KB)
...
006 (10216337.004.000) 07/16 18:59:07 Image size of job updated: 1200820
	1159  -  MemoryUsage of job (MB)
	1186040  -  ResidentSetSize of job (KB)
...
006 (10216337.004.000) 07/16 19:04:07 Image size of job updated: 1208232
	1159  -  MemoryUsage of job (MB)
	1186040  -  ResidentSetSize of job (KB)
...
006 (10216337.004.000) 07/16 19:09:08 Image size of job updated: 1209316
	1159  -  MemoryUsage of job (MB)
	1186040  -  ResidentSetSize of job (KB)
...
006 (10216337.004.000) 07/16 19:24:09 Image size of job updated: 1219236
	1170  -  MemoryUsage of job (MB)
	1197624  -  ResidentSetSize of job (KB)
...
006 (10216337.004.000) 07/16 19:29:10 Image size of job updated: 1225272
	1172  -  MemoryUsage of job (MB)
	1200076  -  ResidentSetSize of job (KB)
...
006 (10216337.004.000) 07/16 19:34:10 Image size of job updated: 1234980
	1179  -  MemoryUsage of job (MB)
	1206712  -  ResidentSetSize of job (KB)
...
006 (10216337.004.000) 07/16 19:44:12 Image size of job updated: 1236148
	1179  -  MemoryUsage of job (MB)
	1206712  -  ResidentSetSize of job (KB)
...
006 (10216337.004.000) 07/16 19:49:12 Image size of job updated: 1238816
	1179  -  MemoryUsage of job (MB)
	1206712  -  ResidentSetSize of job (KB)
...
006 (10216337.004.000) 07/16 19:59:13 Image size of job updated: 1238816
	1180  -  MemoryUsage of job (MB)
	1207616  -  ResidentSetSize of job (KB)
...
006 (10216337.004.000) 07/16 20:04:14 Image size of job updated: 1239220
	1180  -  MemoryUsage of job (MB)
	1207616  -  ResidentSetSize of job (KB)
...
006 (10216337.004.000) 07/16 20:09:14 Image size of job updated: 1305240
	1249  -  MemoryUsage of job (MB)
	1278100  -  ResidentSetSize of job (KB)
...
006 (10216337.004.000) 07/16 20:14:14 Image size of job updated: 1305240
	1262  -  MemoryUsage of job (MB)
	1292036  -  ResidentSetSize of job (KB)
...
006 (10216337.004.000) 07/16 20:19:15 Image size of job updated: 1316128
	1262  -  MemoryUsage of job (MB)
	1292036  -  ResidentSetSize of job (KB)
...
006 (10216337.004.000) 07/16 20:24:16 Image size of job updated: 1316760
	1270  -  MemoryUsage of job (MB)
	1299660  -  ResidentSetSize of job (KB)
...
006 (10216337.004.000) 07/16 20:29:16 Image size of job updated: 1321504
	1270  -  MemoryUsage of job (MB)
	1299660  -  ResidentSetSize of job (KB)
...
006 (10216337.004.000) 07/16 20:44:17 Image size of job updated: 1329024
	1281  -  MemoryUsage of job (MB)
	1311712  -  ResidentSetSize of job (KB)
...
006 (10216337.004.000) 07/16 20:59:19 Image size of job updated: 1341076
	1290  -  MemoryUsage of job (MB)
	1320784  -  ResidentSetSize of job (KB)
...
006 (10216337.004.000) 07/16 21:04:19 Image size of job updated: 1361336
	1299  -  MemoryUsage of job (MB)
	1329792  -  ResidentSetSize of job (KB)
...
006 (10216337.004.000) 07/16 21:09:20 Image size of job updated: 1361336
	1305  -  MemoryUsage of job (MB)
	1335500  -  ResidentSetSize of job (KB)
...
006 (10216337.004.000) 07/16 21:14:21 Image size of job updated: 1368992
	1305  -  MemoryUsage of job (MB)
	1335500  -  ResidentSetSize of job (KB)
...
006 (10216337.004.000) 07/16 21:19:21 Image size of job updated: 1430720
	1363  -  MemoryUsage of job (MB)
	1395488  -  ResidentSetSize of job (KB)
...
006 (10216337.004.000) 07/16 21:24:21 Image size of job updated: 1433012
	1371  -  MemoryUsage of job (MB)
	1402968  -  ResidentSetSize of job (KB)
...
006 (10216337.004.000) 07/16 21:29:22 Image size of job updated: 1433376
	1371  -  MemoryUsage of job (MB)
	1402968  -  ResidentSetSize of job (KB)
...
006 (10216337.004.000) 07/16 21:49:25 Image size of job updated: 1433376
	1379  -  MemoryUsage of job (MB)
	1411728  -  ResidentSetSize of job (KB)
...
006 (10216337.004.000) 07/16 21:54:25 Image size of job updated: 1444164
	1384  -  MemoryUsage of job (MB)
	1416268  -  ResidentSetSize of job (KB)
...
006 (10216337.004.000) 07/16 21:59:25 Image size of job updated: 1449420
	1387  -  MemoryUsage of job (MB)
	1419436  -  ResidentSetSize of job (KB)
...
006 (10216337.004.000) 07/16 22:04:26 Image size of job updated: 1450804
	1392  -  MemoryUsage of job (MB)
	1425304  -  ResidentSetSize of job (KB)
...
006 (10216337.004.000) 07/16 22:09:27 Image size of job updated: 1468508
	1392  -  MemoryUsage of job (MB)
	1425304  -  ResidentSetSize of job (KB)
...
006 (10216337.004.000) 07/16 22:14:27 Image size of job updated: 1469160
	1406  -  MemoryUsage of job (MB)
	1439120  -  ResidentSetSize of job (KB)
...
006 (10216337.004.000) 07/16 22:19:27 Image size of job updated: 1469160
	1414  -  MemoryUsage of job (MB)
	1447604  -  ResidentSetSize of job (KB)
...
006 (10216337.004.000) 07/16 22:24:28 Image size of job updated: 1524148
	1433  -  MemoryUsage of job (MB)
	1466792  -  ResidentSetSize of job (KB)
...
006 (10216337.004.000) 07/16 22:29:28 Image size of job updated: 1524148
	1459  -  MemoryUsage of job (MB)
	1493196  -  ResidentSetSize of job (KB)
...
006 (10216337.004.000) 07/16 22:39:29 Image size of job updated: 1527036
	1459  -  MemoryUsage of job (MB)
	1493196  -  ResidentSetSize of job (KB)
...
006 (10216337.004.000) 07/16 22:44:30 Image size of job updated: 1535568
	1497  -  MemoryUsage of job (MB)
	1532272  -  ResidentSetSize of job (KB)
...
006 (10216337.004.000) 07/16 22:49:30 Image size of job updated: 1554496
	1509  -  MemoryUsage of job (MB)
	1544560  -  ResidentSetSize of job (KB)
...
006 (10216337.004.000) 07/16 22:54:30 Image size of job updated: 1569076
	1509  -  MemoryUsage of job (MB)
	1544560  -  ResidentSetSize of job (KB)
...
006 (10216337.004.000) 07/16 23:14:32 Image size of job updated: 1585068
	1546  -  MemoryUsage of job (MB)
	1582556  -  ResidentSetSize of job (KB)
...
006 (10216337.004.000) 07/16 23:29:33 Image size of job updated: 1587332
	1546  -  MemoryUsage of job (MB)
	1582556  -  ResidentSetSize of job (KB)
...
006 (10216337.004.000) 07/16 23:34:34 Image size of job updated: 1653388
	1572  -  MemoryUsage of job (MB)
	1609112  -  ResidentSetSize of job (KB)
...
006 (10216337.004.000) 07/16 23:39:34 Image size of job updated: 1659788
	1599  -  MemoryUsage of job (MB)
	1637072  -  ResidentSetSize of job (KB)
...
006 (10216337.004.000) 07/16 23:44:34 Image size of job updated: 1664144
	1599  -  MemoryUsage of job (MB)
	1637072  -  ResidentSetSize of job (KB)
...
006 (10216337.004.000) 07/16 23:59:36 Image size of job updated: 1668464
	1603  -  MemoryUsage of job (MB)
	1640712  -  ResidentSetSize of job (KB)
...
006 (10216337.004.000) 07/17 00:04:36 Image size of job updated: 1691548
	1626  -  MemoryUsage of job (MB)
	1664752  -  ResidentSetSize of job (KB)
...
006 (10216337.004.000) 07/17 00:19:38 Image size of job updated: 1700232
	1626  -  MemoryUsage of job (MB)
	1664752  -  ResidentSetSize of job (KB)
...
006 (10216337.004.000) 07/17 00:24:39 Image size of job updated: 1700232
	1635  -  MemoryUsage of job (MB)
	1673948  -  ResidentSetSize of job (KB)
...
006 (10216337.004.000) 07/17 00:29:40 Image size of job updated: 1709584
	1635  -  MemoryUsage of job (MB)
	1673948  -  ResidentSetSize of job (KB)
...
006 (10216337.004.000) 07/17 00:34:40 Image size of job updated: 1768344
	1707  -  MemoryUsage of job (MB)
	1747264  -  ResidentSetSize of job (KB)
...
006 (10216337.004.000) 07/17 00:39:40 Image size of job updated: 1769636
	1726  -  MemoryUsage of job (MB)
	1766908  -  ResidentSetSize of job (KB)
...
006 (10216337.004.000) 07/17 00:44:41 Image size of job updated: 1780068
	1726  -  MemoryUsage of job (MB)
	1766908  -  ResidentSetSize of job (KB)
...
006 (10216337.004.000) 07/17 00:49:42 Image size of job updated: 1783508
	1726  -  MemoryUsage of job (MB)
	1766908  -  ResidentSetSize of job (KB)
...
006 (10216337.004.000) 07/17 00:54:42 Image size of job updated: 1783984
	1726  -  MemoryUsage of job (MB)
	1766908  -  ResidentSetSize of job (KB)
...
006 (10216337.004.000) 07/17 00:59:43 Image size of job updated: 1796328
	1726  -  MemoryUsage of job (MB)
	1766908  -  ResidentSetSize of job (KB)
...
006 (10216337.004.000) 07/17 01:34:46 Image size of job updated: 1839396
	1765  -  MemoryUsage of job (MB)
	1807068  -  ResidentSetSize of job (KB)
...
006 (10216337.004.000) 07/17 01:44:47 Image size of job updated: 1846448
	1772  -  MemoryUsage of job (MB)
	1814180  -  ResidentSetSize of job (KB)
...
006 (10216337.004.000) 07/17 01:49:48 Image size of job updated: 1847164
	1772  -  MemoryUsage of job (MB)
	1814384  -  ResidentSetSize of job (KB)
...
006 (10216337.004.000) 07/17 01:54:49 Image size of job updated: 1847164
	1778  -  MemoryUsage of job (MB)
	1820268  -  ResidentSetSize of job (KB)
...
006 (10216337.004.000) 07/17 01:59:49 Image size of job updated: 1857000
	1785  -  MemoryUsage of job (MB)
	1827236  -  ResidentSetSize of job (KB)
...
006 (10216337.004.000) 07/17 02:04:49 Image size of job updated: 1866932
	1785  -  MemoryUsage of job (MB)
	1827236  -  ResidentSetSize of job (KB)
...
006 (10216337.004.000) 07/17 02:09:50 Image size of job updated: 1866932
	1792  -  MemoryUsage of job (MB)
	1834332  -  ResidentSetSize of job (KB)
...
006 (10216337.004.000) 07/17 02:14:51 Image size of job updated: 1867888
	1802  -  MemoryUsage of job (MB)
	1844996  -  ResidentSetSize of job (KB)
...
006 (10216337.004.000) 07/17 02:39:52 Image size of job updated: 1867888
	1809  -  MemoryUsage of job (MB)
	1852188  -  ResidentSetSize of job (KB)
...
006 (10216337.004.000) 07/17 02:44:53 Image size of job updated: 1930676
	1857  -  MemoryUsage of job (MB)
	1900576  -  ResidentSetSize of job (KB)
...
006 (10216337.004.000) 07/17 02:49:54 Image size of job updated: 1932164
	1863  -  MemoryUsage of job (MB)
	1906832  -  ResidentSetSize of job (KB)
...
006 (10216337.004.000) 07/17 02:54:54 Image size of job updated: 1936412
	1879  -  MemoryUsage of job (MB)
	1924020  -  ResidentSetSize of job (KB)
...
006 (10216337.004.000) 07/17 02:59:54 Image size of job updated: 1944012
	1879  -  MemoryUsage of job (MB)
	1924020  -  ResidentSetSize of job (KB)
...
006 (10216337.004.000) 07/17 03:04:55 Image size of job updated: 1950148
	1881  -  MemoryUsage of job (MB)
	1925136  -  ResidentSetSize of job (KB)
...
006 (10216337.004.000) 07/17 03:14:56 Image size of job updated: 1959528
	1888  -  MemoryUsage of job (MB)
	1932632  -  ResidentSetSize of job (KB)
...
006 (10216337.004.000) 07/17 03:19:56 Image size of job updated: 1972620
	1903  -  MemoryUsage of job (MB)
	1947784  -  ResidentSetSize of job (KB)
...
006 (10216337.004.000) 07/17 03:24:58 Image size of job updated: 1988900
	1903  -  MemoryUsage of job (MB)
	1947784  -  ResidentSetSize of job (KB)
...
006 (10216337.004.000) 07/17 03:29:58 Image size of job updated: 1989120
	1914  -  MemoryUsage of job (MB)
	1958944  -  ResidentSetSize of job (KB)
...
006 (10216337.004.000) 07/17 03:39:59 Image size of job updated: 1989120
	1929  -  MemoryUsage of job (MB)
	1974636  -  ResidentSetSize of job (KB)
...
006 (10216337.004.000) 07/17 03:45:00 Image size of job updated: 2056464
	1996  -  MemoryUsage of job (MB)
	2043812  -  ResidentSetSize of job (KB)
...
006 (10216337.004.000) 07/17 03:50:00 Image size of job updated: 2061040
	1996  -  MemoryUsage of job (MB)
	2043812  -  ResidentSetSize of job (KB)
...
006 (10216337.004.000) 07/17 03:55:00 Image size of job updated: 2061340
	1996  -  MemoryUsage of job (MB)
	2043812  -  ResidentSetSize of job (KB)
...
006 (10216337.004.000) 07/17 04:00:01 Image size of job updated: 2065604
	1996  -  MemoryUsage of job (MB)
	2043812  -  ResidentSetSize of job (KB)
...
006 (10216337.004.000) 07/17 04:05:02 Image size of job updated: 2065604
	1997  -  MemoryUsage of job (MB)
	2044376  -  ResidentSetSize of job (KB)
...
006 (10216337.004.000) 07/17 04:10:02 Image size of job updated: 2077800
	2001  -  MemoryUsage of job (MB)
	2048204  -  ResidentSetSize of job (KB)
...
006 (10216337.004.000) 07/17 04:15:03 Image size of job updated: 2077800
	2008  -  MemoryUsage of job (MB)
	2056036  -  ResidentSetSize of job (KB)
...
006 (10216337.004.000) 07/17 04:20:04 Image size of job updated: 2079976
	2008  -  MemoryUsage of job (MB)
	2056036  -  ResidentSetSize of job (KB)
...
006 (10216337.004.000) 07/17 04:30:04 Image size of job updated: 2092012
	2020  -  MemoryUsage of job (MB)
	2067624  -  ResidentSetSize of job (KB)
...
006 (10216337.004.000) 07/17 04:35:05 Image size of job updated: 2093684
	2020  -  MemoryUsage of job (MB)
	2067624  -  ResidentSetSize of job (KB)
...
006 (10216337.004.000) 07/17 04:40:06 Image size of job updated: 2106068
	2032  -  MemoryUsage of job (MB)
	2080124  -  ResidentSetSize of job (KB)
...
006 (10216337.004.000) 07/17 04:45:06 Image size of job updated: 2110600
	2036  -  MemoryUsage of job (MB)
	2084356  -  ResidentSetSize of job (KB)
...
006 (10216337.004.000) 07/17 04:50:06 Image size of job updated: 2110600
	2053  -  MemoryUsage of job (MB)
	2101580  -  ResidentSetSize of job (KB)
...
006 (10216337.004.000) 07/17 04:55:07 Image size of job updated: 2164800
	2100  -  MemoryUsage of job (MB)
	2149548  -  ResidentSetSize of job (KB)
...
006 (10216337.004.000) 07/17 05:00:08 Image size of job updated: 2175436
	2100  -  MemoryUsage of job (MB)
	2149548  -  ResidentSetSize of job (KB)
...
006 (10216337.004.000) 07/17 05:15:10 Image size of job updated: 2175700
	2123  -  MemoryUsage of job (MB)
	2173480  -  ResidentSetSize of job (KB)
...
006 (10216337.004.000) 07/17 05:20:10 Image size of job updated: 2195844
	2123  -  MemoryUsage of job (MB)
	2173480  -  ResidentSetSize of job (KB)
...
006 (10216337.004.000) 07/17 05:25:10 Image size of job updated: 2199460
	2123  -  MemoryUsage of job (MB)
	2173480  -  ResidentSetSize of job (KB)
...
006 (10216337.004.000) 07/17 05:35:11 Image size of job updated: 2203612
	2126  -  MemoryUsage of job (MB)
	2176664  -  ResidentSetSize of job (KB)
...
006 (10216337.004.000) 07/17 05:45:12 Image size of job updated: 2205908
	2126  -  MemoryUsage of job (MB)
	2176664  -  ResidentSetSize of job (KB)
...
006 (10216337.004.000) 07/17 05:50:12 Image size of job updated: 2205908
	2128  -  MemoryUsage of job (MB)
	2178608  -  ResidentSetSize of job (KB)
...
006 (10216337.004.000) 07/17 06:00:14 Image size of job updated: 2282444
	2206  -  MemoryUsage of job (MB)
	2258476  -  ResidentSetSize of job (KB)
...
006 (10216337.004.000) 07/17 06:05:14 Image size of job updated: 2288316
	2206  -  MemoryUsage of job (MB)
	2258476  -  ResidentSetSize of job (KB)
...
006 (10216337.004.000) 07/17 06:20:16 Image size of job updated: 2289372
	2217  -  MemoryUsage of job (MB)
	2269492  -  ResidentSetSize of job (KB)
...
006 (10216337.004.000) 07/17 06:25:16 Image size of job updated: 2294596
	2217  -  MemoryUsage of job (MB)
	2269492  -  ResidentSetSize of job (KB)
...
006 (10216337.004.000) 07/17 06:35:17 Image size of job updated: 2294596
	2217  -  MemoryUsage of job (MB)
	2269776  -  ResidentSetSize of job (KB)
...
006 (10216337.004.000) 07/17 06:45:18 Image size of job updated: 2298140
	2220  -  MemoryUsage of job (MB)
	2272724  -  ResidentSetSize of job (KB)
...
006 (10216337.004.000) 07/17 06:50:19 Image size of job updated: 2298140
	2238  -  MemoryUsage of job (MB)
	2290992  -  ResidentSetSize of job (KB)
...
006 (10216337.004.000) 07/17 06:55:19 Image size of job updated: 2326068
	2238  -  MemoryUsage of job (MB)
	2290992  -  ResidentSetSize of job (KB)
...
006 (10216337.004.000) 07/17 07:05:22 Image size of job updated: 2326068
	2253  -  MemoryUsage of job (MB)
	2306276  -  ResidentSetSize of job (KB)
...
006 (10216337.004.000) 07/17 07:10:22 Image size of job updated: 2395920
	2306  -  MemoryUsage of job (MB)
	2361076  -  ResidentSetSize of job (KB)
...
006 (10216337.004.000) 07/17 07:15:22 Image size of job updated: 2399700
	2321  -  MemoryUsage of job (MB)
	2375884  -  ResidentSetSize of job (KB)
...
006 (10216337.004.000) 07/17 07:20:23 Image size of job updated: 2401812
	2322  -  MemoryUsage of job (MB)
	2377628  -  ResidentSetSize of job (KB)
...
006 (10216337.004.000) 07/17 07:25:24 Image size of job updated: 2401836
	2322  -  MemoryUsage of job (MB)
	2377628  -  ResidentSetSize of job (KB)
...
006 (10216337.004.000) 07/17 07:30:24 Image size of job updated: 2406396
	2324  -  MemoryUsage of job (MB)
	2379532  -  ResidentSetSize of job (KB)
...
006 (10216337.004.000) 07/17 07:35:24 Image size of job updated: 2408332
	2324  -  MemoryUsage of job (MB)
	2379532  -  ResidentSetSize of job (KB)
...
006 (10216337.004.000) 07/17 07:40:25 Image size of job updated: 2420552
	2324  -  MemoryUsage of job (MB)
	2379532  -  ResidentSetSize of job (KB)
...
006 (10216337.004.000) 07/17 07:45:25 Image size of job updated: 2420552
	2337  -  MemoryUsage of job (MB)
	2392740  -  ResidentSetSize of job (KB)
...
006 (10216337.004.000) 07/17 07:50:25 Image size of job updated: 2424868
	2343  -  MemoryUsage of job (MB)
	2399136  -  ResidentSetSize of job (KB)
...
006 (10216337.004.000) 07/17 07:55:26 Image size of job updated: 2429436
	2343  -  MemoryUsage of job (MB)
	2399136  -  ResidentSetSize of job (KB)
...
006 (10216337.004.000) 07/17 08:00:27 Image size of job updated: 2429436
	2351  -  MemoryUsage of job (MB)
	2406884  -  ResidentSetSize of job (KB)
...
006 (10216337.004.000) 07/17 08:05:27 Image size of job updated: 2440944
	2351  -  MemoryUsage of job (MB)
	2406884  -  ResidentSetSize of job (KB)
...
006 (10216337.004.000) 07/17 08:10:28 Image size of job updated: 2440944
	2361  -  MemoryUsage of job (MB)
	2417620  -  ResidentSetSize of job (KB)
...
006 (10216337.004.000) 07/17 08:15:29 Image size of job updated: 2477236
	2405  -  MemoryUsage of job (MB)
	2462188  -  ResidentSetSize of job (KB)
...
006 (10216337.004.000) 07/17 08:20:29 Image size of job updated: 2486444
	2419  -  MemoryUsage of job (MB)
	2477052  -  ResidentSetSize of job (KB)
...
006 (10216337.004.000) 07/17 08:25:29 Image size of job updated: 2504664
	2435  -  MemoryUsage of job (MB)
	2493272  -  ResidentSetSize of job (KB)
...
006 (10216337.004.000) 07/17 08:30:30 Image size of job updated: 2509572
	2435  -  MemoryUsage of job (MB)
	2493272  -  ResidentSetSize of job (KB)
...
006 (10216337.004.000) 07/17 08:35:31 Image size of job updated: 2511792
	2435  -  MemoryUsage of job (MB)
	2493272  -  ResidentSetSize of job (KB)
...
006 (10216337.004.000) 07/17 08:45:32 Image size of job updated: 2520564
	2435  -  MemoryUsage of job (MB)
	2493272  -  ResidentSetSize of job (KB)
...
006 (10216337.004.000) 07/17 08:50:33 Image size of job updated: 2521668
	2435  -  MemoryUsage of job (MB)
	2493272  -  ResidentSetSize of job (KB)
...
006 (10216337.004.000) 07/17 08:55:33 Image size of job updated: 2524316
	2444  -  MemoryUsage of job (MB)
	2502520  -  ResidentSetSize of job (KB)
...
006 (10216337.004.000) 07/17 09:00:33 Image size of job updated: 2528436
	2467  -  MemoryUsage of job (MB)
	2525544  -  ResidentSetSize of job (KB)
...
006 (10216337.004.000) 07/17 09:05:34 Image size of job updated: 2534188
	2467  -  MemoryUsage of job (MB)
	2525544  -  ResidentSetSize of job (KB)
...
006 (10216337.004.000) 07/17 09:10:34 Image size of job updated: 2546924
	2467  -  MemoryUsage of job (MB)
	2525544  -  ResidentSetSize of job (KB)
...
006 (10216337.004.000) 07/17 09:30:36 Image size of job updated: 2608800
	2513  -  MemoryUsage of job (MB)
	2572916  -  ResidentSetSize of job (KB)
...
006 (10216337.004.000) 07/17 09:35:36 Image size of job updated: 2613624
	2519  -  MemoryUsage of job (MB)
	2578520  -  ResidentSetSize of job (KB)
...
006 (10216337.004.000) 07/17 09:40:37 Image size of job updated: 2613624
	2524  -  MemoryUsage of job (MB)
	2583788  -  ResidentSetSize of job (KB)
...
006 (10216337.004.000) 07/17 09:55:38 Image size of job updated: 2615448
	2524  -  MemoryUsage of job (MB)
	2583788  -  ResidentSetSize of job (KB)
...
006 (10216337.004.000) 07/17 10:20:40 Image size of job updated: 2616140
	2527  -  MemoryUsage of job (MB)
	2586680  -  ResidentSetSize of job (KB)
...
006 (10216337.004.000) 07/17 10:30:41 Image size of job updated: 2617656
	2534  -  MemoryUsage of job (MB)
	2594008  -  ResidentSetSize of job (KB)
...
006 (10216337.004.000) 07/17 10:35:42 Image size of job updated: 2636212
	2552  -  MemoryUsage of job (MB)
	2613060  -  ResidentSetSize of job (KB)
...
006 (10216337.004.000) 07/17 10:40:42 Image size of job updated: 2681100
	2613  -  MemoryUsage of job (MB)
	2675068  -  ResidentSetSize of job (KB)
...
006 (10216337.004.000) 07/17 10:45:43 Image size of job updated: 2701584
	2613  -  MemoryUsage of job (MB)
	2675068  -  ResidentSetSize of job (KB)
...
006 (10216337.004.000) 07/17 10:50:44 Image size of job updated: 2707276
	2613  -  MemoryUsage of job (MB)
	2675068  -  ResidentSetSize of job (KB)
...
006 (10216337.004.000) 07/17 10:55:44 Image size of job updated: 2707276
	2619  -  MemoryUsage of job (MB)
	2680944  -  ResidentSetSize of job (KB)
...
006 (10216337.004.000) 07/17 11:00:44 Image size of job updated: 2707276
	2642  -  MemoryUsage of job (MB)
	2704616  -  ResidentSetSize of job (KB)
...
006 (10216337.004.000) 07/17 11:05:46 Image size of job updated: 2713928
	2642  -  MemoryUsage of job (MB)
	2704616  -  ResidentSetSize of job (KB)
...
006 (10216337.004.000) 07/17 11:10:46 Image size of job updated: 2718020
	2642  -  MemoryUsage of job (MB)
	2704616  -  ResidentSetSize of job (KB)
...
006 (10216337.004.000) 07/17 11:15:46 Image size of job updated: 2730896
	2642  -  MemoryUsage of job (MB)
	2704616  -  ResidentSetSize of job (KB)
...
006 (10216337.004.000) 07/17 11:25:48 Image size of job updated: 2732332
	2642  -  MemoryUsage of job (MB)
	2704616  -  ResidentSetSize of job (KB)
...
006 (10216337.004.000) 07/17 11:30:48 Image size of job updated: 2732876
	2642  -  MemoryUsage of job (MB)
	2704616  -  ResidentSetSize of job (KB)
...
006 (10216337.004.000) 07/17 11:35:48 Image size of job updated: 2732876
	2653  -  MemoryUsage of job (MB)
	2716412  -  ResidentSetSize of job (KB)
...
006 (10216337.004.000) 07/17 11:40:49 Image size of job updated: 2749568
	2666  -  MemoryUsage of job (MB)
	2729964  -  ResidentSetSize of job (KB)
...
006 (10216337.004.000) 07/17 11:45:49 Image size of job updated: 2764948
	2672  -  MemoryUsage of job (MB)
	2735568  -  ResidentSetSize of job (KB)
...
006 (10216337.004.000) 07/17 11:50:49 Image size of job updated: 2823712
	2737  -  MemoryUsage of job (MB)
	2802656  -  ResidentSetSize of job (KB)
...
006 (10216337.004.000) 07/17 11:55:50 Image size of job updated: 2830040
	2737  -  MemoryUsage of job (MB)
	2802656  -  ResidentSetSize of job (KB)
...
006 (10216337.004.000) 07/17 12:00:51 Image size of job updated: 2830964
	2742  -  MemoryUsage of job (MB)
	2806944  -  ResidentSetSize of job (KB)
...
006 (10216337.004.000) 07/17 12:05:51 Image size of job updated: 2842448
	2748  -  MemoryUsage of job (MB)
	2813856  -  ResidentSetSize of job (KB)
...
006 (10216337.004.000) 07/17 12:10:51 Image size of job updated: 2843964
	2756  -  MemoryUsage of job (MB)
	2821540  -  ResidentSetSize of job (KB)
...
006 (10216337.004.000) 07/17 12:15:52 Image size of job updated: 2872436
	2781  -  MemoryUsage of job (MB)
	2847116  -  ResidentSetSize of job (KB)
...
006 (10216337.004.000) 07/17 12:20:52 Image size of job updated: 2875784
	2781  -  MemoryUsage of job (MB)
	2847116  -  ResidentSetSize of job (KB)
...
006 (10216337.004.000) 07/17 12:25:52 Image size of job updated: 2876788
	2789  -  MemoryUsage of job (MB)
	2855100  -  ResidentSetSize of job (KB)
...
006 (10216337.004.000) 07/17 12:30:53 Image size of job updated: 2886324
	2789  -  MemoryUsage of job (MB)
	2855200  -  ResidentSetSize of job (KB)
...
006 (10216337.004.000) 07/17 12:45:55 Image size of job updated: 2886324
	2791  -  MemoryUsage of job (MB)
	2857676  -  ResidentSetSize of job (KB)
...
006 (10216337.004.000) 07/17 12:50:56 Image size of job updated: 2889092
	2795  -  MemoryUsage of job (MB)
	2861348  -  ResidentSetSize of job (KB)
...
006 (10216337.004.000) 07/17 12:55:56 Image size of job updated: 2902632
	2811  -  MemoryUsage of job (MB)
	2877932  -  ResidentSetSize of job (KB)
...
006 (10216337.004.000) 07/17 13:00:56 Image size of job updated: 2969284
	2878  -  MemoryUsage of job (MB)
	2946468  -  ResidentSetSize of job (KB)
...
006 (10216337.004.000) 07/17 13:05:57 Image size of job updated: 2976328
	2878  -  MemoryUsage of job (MB)
	2946468  -  ResidentSetSize of job (KB)
...
006 (10216337.004.000) 07/17 13:15:57 Image size of job updated: 2976796
	2888  -  MemoryUsage of job (MB)
	2956500  -  ResidentSetSize of job (KB)
...
006 (10216337.004.000) 07/17 13:20:58 Image size of job updated: 2984432
	2892  -  MemoryUsage of job (MB)
	2960512  -  ResidentSetSize of job (KB)
...
006 (10216337.004.000) 07/17 13:25:59 Image size of job updated: 2988604
	2898  -  MemoryUsage of job (MB)
	2967480  -  ResidentSetSize of job (KB)
...
006 (10216337.004.000) 07/17 13:29:45 Image size of job updated: 3116796
	2898  -  MemoryUsage of job (MB)
	2967480  -  ResidentSetSize of job (KB)
...
040 (10216337.004.000) 07/17 13:29:45 Started transferring output files
...
040 (10216337.004.000) 07/17 13:29:46 Finished transferring output files
...
005 (10216337.004.000) 07/17 13:29:46 Job terminated.
	(1) Normal termination (return value 0)
		Usr 0 07:49:25, Sys 0 00:12:39  -  Run Remote Usage
		Usr 0 00:00:00, Sys 0 00:00:00  -  Run Local Usage
		Usr 0 07:49:25, Sys 0 00:12:39  -  Total Remote Usage
		Usr 0 00:00:00, Sys 0 00:00:00  -  Total Local Usage
	1886974  -  Run Bytes Sent By Job
	224220  -  Run Bytes Received By Job
	1886974  -  Total Bytes Sent By Job
	224220  -  Total Bytes Received By Job
	Partitionable Resources :    Usage  Request Allocated 
	   Cpus                 :     0.36        8         8 
	   Disk (KB)            :  2083         225   2834943 
	   Memory (MB)          :  2898       16000     16000 

	Job terminated of its own accord at 2024-07-17T11:29:45Z with exit-code 0.
...
