000 (10216322.001.000) 07/16 16:20:28 Job submitted from host: <188.185.114.121:9618?addrs=188.185.114.121-9618+[2001-1458-d00-a--100-273]-9618&alias=bigbird19.cern.ch&noUDP&sock=schedd_4961_696e>
...
040 (10216322.001.000) 07/16 16:22:44 Started transferring input files
	Transferring to host: <128.142.161.103:9618?addrs=128.142.161.103-9618+[2001-1458-301-b8--100-25]-9618&alias=b9g03p3851.cern.ch&noUDP&sock=slot1_4_2020408_f5e8_16466>
...
040 (10216322.001.000) 07/16 16:22:45 Finished transferring input files
...
001 (10216322.001.000) 07/16 16:22:46 Job executing on host: <128.142.161.103:9618?addrs=128.142.161.103-9618+[2001-1458-301-b8--100-25]-9618&alias=b9g03p3851.cern.ch&noUDP&sock=startd_3185_393b>
	SlotName: slot1_4@b9g03p3851.cern.ch
	CondorScratchDir = "/pool/condor/dir_3101653"
	Cpus = 1
	Disk = 3180167
	Memory = 2000
...
006 (10216322.001.000) 07/16 16:22:54 Image size of job updated: 1684
	2  -  MemoryUsage of job (MB)
	1456  -  ResidentSetSize of job (KB)
...
006 (10216322.001.000) 07/16 16:25:05 Image size of job updated: 1242916
	611  -  MemoryUsage of job (MB)
	625592  -  ResidentSetSize of job (KB)
...
040 (10216322.001.000) 07/16 16:25:05 Started transferring output files
...
040 (10216322.001.000) 07/16 16:25:05 Finished transferring output files
...
005 (10216322.001.000) 07/16 16:25:05 Job terminated.
	(1) Normal termination (return value 0)
		Usr 0 00:01:02, Sys 0 00:00:02  -  Run Remote Usage
		Usr 0 00:00:00, Sys 0 00:00:00  -  Run Local Usage
		Usr 0 00:01:02, Sys 0 00:00:02  -  Total Remote Usage
		Usr 0 00:00:00, Sys 0 00:00:00  -  Total Local Usage
	934308  -  Run Bytes Sent By Job
	816775  -  Run Bytes Received By Job
	934308  -  Total Bytes Sent By Job
	816775  -  Total Bytes Received By Job
	Partitionable Resources :    Usage  Request Allocated 
	   Cpus                 :        0        1         1 
	   Disk (KB)            :     1731     1000   3180167 
	   Memory (MB)          :      611     2000      2000 

	Job terminated of its own accord at 2024-07-16T14:25:05Z with exit-code 0.
...
000 (10216324.001.000) 07/16 16:27:20 Job submitted from host: <188.185.114.121:9618?addrs=188.185.114.121-9618+[2001-1458-d00-a--100-273]-9618&alias=bigbird19.cern.ch&noUDP&sock=schedd_4961_696e>
...
040 (10216324.001.000) 07/16 16:31:42 Started transferring input files
	Transferring to host: <128.142.161.78:9618?addrs=128.142.161.78-9618+[2001-1458-301-b8--100-c]-9618&alias=b9g03p1171.cern.ch&noUDP&sock=slot1_7_3127102_fff4_4137>
...
040 (10216324.001.000) 07/16 16:31:42 Finished transferring input files
...
001 (10216324.001.000) 07/16 16:31:43 Job executing on host: <128.142.161.78:9618?addrs=128.142.161.78-9618+[2001-1458-301-b8--100-c]-9618&alias=b9g03p1171.cern.ch&noUDP&sock=startd_6669_f530>
	SlotName: slot1_7@b9g03p1171.cern.ch
	CondorScratchDir = "/pool/condor/dir_527942"
	Cpus = 1
	Disk = 3208307
	Memory = 2000
...
006 (10216324.001.000) 07/16 16:31:52 Image size of job updated: 628260
	614  -  MemoryUsage of job (MB)
	628260  -  ResidentSetSize of job (KB)
...
006 (10216324.001.000) 07/16 16:33:30 Image size of job updated: 1230116
	614  -  MemoryUsage of job (MB)
	628260  -  ResidentSetSize of job (KB)
...
040 (10216324.001.000) 07/16 16:33:30 Started transferring output files
...
040 (10216324.001.000) 07/16 16:33:30 Finished transferring output files
...
005 (10216324.001.000) 07/16 16:33:30 Job terminated.
	(1) Normal termination (return value 0)
		Usr 0 00:01:02, Sys 0 00:00:02  -  Run Remote Usage
		Usr 0 00:00:00, Sys 0 00:00:00  -  Run Local Usage
		Usr 0 00:01:02, Sys 0 00:00:02  -  Total Remote Usage
		Usr 0 00:00:00, Sys 0 00:00:00  -  Total Local Usage
	949388  -  Run Bytes Sent By Job
	816775  -  Run Bytes Received By Job
	949388  -  Total Bytes Sent By Job
	816775  -  Total Bytes Received By Job
	Partitionable Resources :    Usage  Request Allocated 
	   Cpus                 :        0        1         1 
	   Disk (KB)            :     1746     1000   3208307 
	   Memory (MB)          :      614     2000      2000 

	Job terminated of its own accord at 2024-07-16T14:33:30Z with exit-code 0.
...
000 (10216330.001.000) 07/16 16:37:09 Job submitted from host: <188.185.114.121:9618?addrs=188.185.114.121-9618+[2001-1458-d00-a--100-273]-9618&alias=bigbird19.cern.ch&noUDP&sock=schedd_4961_696e>
...
040 (10216330.001.000) 07/16 16:38:57 Started transferring input files
	Transferring to host: <128.142.192.175:9618?addrs=128.142.192.175-9618+[2001-1458-301-56--100-2b]-9618&alias=b9g18p5008.cern.ch&noUDP&sock=slot1_22_3823_6635_103039>
...
040 (10216330.001.000) 07/16 16:38:57 Finished transferring input files
...
001 (10216330.001.000) 07/16 16:38:58 Job executing on host: <128.142.192.175:9618?addrs=128.142.192.175-9618+[2001-1458-301-56--100-2b]-9618&alias=b9g18p5008.cern.ch&noUDP&sock=startd_3484_500c>
	SlotName: slot1_22@b9g18p5008.cern.ch
	CondorScratchDir = "/pool/condor/dir_596870"
	Cpus = 1
	Disk = 2897393
	Memory = 2000
...
006 (10216330.001.000) 07/16 16:39:06 Image size of job updated: 197416
	193  -  MemoryUsage of job (MB)
	197164  -  ResidentSetSize of job (KB)
...
006 (10216330.001.000) 07/16 16:40:49 Image size of job updated: 1148340
	576  -  MemoryUsage of job (MB)
	588844  -  ResidentSetSize of job (KB)
...
040 (10216330.001.000) 07/16 16:40:49 Started transferring output files
...
040 (10216330.001.000) 07/16 16:40:49 Finished transferring output files
...
005 (10216330.001.000) 07/16 16:40:49 Job terminated.
	(1) Normal termination (return value 0)
		Usr 0 00:01:05, Sys 0 00:00:04  -  Run Remote Usage
		Usr 0 00:00:00, Sys 0 00:00:00  -  Run Local Usage
		Usr 0 00:01:05, Sys 0 00:00:04  -  Total Remote Usage
		Usr 0 00:00:00, Sys 0 00:00:00  -  Total Local Usage
	949388  -  Run Bytes Sent By Job
	816775  -  Run Bytes Received By Job
	949388  -  Total Bytes Sent By Job
	816775  -  Total Bytes Received By Job
	Partitionable Resources :    Usage  Request Allocated 
	   Cpus                 :        0        1         1 
	   Disk (KB)            :     1746     1000   2897393 
	   Memory (MB)          :      576     2000      2000 

	Job terminated of its own accord at 2024-07-16T14:40:49Z with exit-code 0.
...
000 (10216333.001.000) 07/16 16:43:48 Job submitted from host: <188.185.114.121:9618?addrs=188.185.114.121-9618+[2001-1458-d00-a--100-273]-9618&alias=bigbird19.cern.ch&noUDP&sock=schedd_4961_696e>
...
009 (10216333.001.000) 07/16 16:45:10 Job was aborted.
	via condor_rm (by user yelberke)
...
000 (10216335.001.000) 07/16 16:45:17 Job submitted from host: <188.185.114.121:9618?addrs=188.185.114.121-9618+[2001-1458-d00-a--100-273]-9618&alias=bigbird19.cern.ch&noUDP&sock=schedd_4961_696e>
...
040 (10216335.001.000) 07/16 16:46:32 Started transferring input files
	Transferring to host: <128.142.248.214:9618?addrs=128.142.248.214-9618+[2001-1458-301-73--100-d5]-9618&alias=b9g23p2447.cern.ch&noUDP&sock=slot1_10_3242_083d_13221>
...
040 (10216335.001.000) 07/16 16:46:32 Finished transferring input files
...
001 (10216335.001.000) 07/16 16:46:33 Job executing on host: <128.142.248.214:9618?addrs=128.142.248.214-9618+[2001-1458-301-73--100-d5]-9618&alias=b9g23p2447.cern.ch&noUDP&sock=startd_3197_745e>
	SlotName: slot1_10@b9g23p2447.cern.ch
	CondorScratchDir = "/pool/condor/dir_1973771"
	Cpus = 1
	Disk = 2992280
	Memory = 2000
...
006 (10216335.001.000) 07/16 16:46:42 Image size of job updated: 631024
	617  -  MemoryUsage of job (MB)
	631020  -  ResidentSetSize of job (KB)
...
006 (10216335.001.000) 07/16 16:47:55 Image size of job updated: 1153248
	617  -  MemoryUsage of job (MB)
	631020  -  ResidentSetSize of job (KB)
...
040 (10216335.001.000) 07/16 16:47:55 Started transferring output files
...
040 (10216335.001.000) 07/16 16:47:55 Finished transferring output files
...
005 (10216335.001.000) 07/16 16:47:55 Job terminated.
	(1) Normal termination (return value 0)
		Usr 0 00:00:38, Sys 0 00:00:02  -  Run Remote Usage
		Usr 0 00:00:00, Sys 0 00:00:00  -  Run Local Usage
		Usr 0 00:00:38, Sys 0 00:00:02  -  Total Remote Usage
		Usr 0 00:00:00, Sys 0 00:00:00  -  Total Local Usage
	949388  -  Run Bytes Sent By Job
	816774  -  Run Bytes Received By Job
	949388  -  Total Bytes Sent By Job
	816774  -  Total Bytes Received By Job
	Partitionable Resources :    Usage  Request Allocated 
	   Cpus                 :                 1         1 
	   Disk (KB)            :     1738     1000   2992280 
	   Memory (MB)          :      617     2000      2000 

	Job terminated of its own accord at 2024-07-16T14:47:55Z with exit-code 0.
...
000 (10216337.001.000) 07/16 16:50:42 Job submitted from host: <188.185.114.121:9618?addrs=188.185.114.121-9618+[2001-1458-d00-a--100-273]-9618&alias=bigbird19.cern.ch&noUDP&sock=schedd_4961_696e>
...
040 (10216337.001.000) 07/16 16:53:43 Started transferring input files
	Transferring to host: <188.185.207.197:9618?addrs=188.185.207.197-9618+[2001-1458-303-e--100-42]-9618&alias=b9p08p9966.cern.ch&noUDP&sock=slot1_8_7360_8924_134700>
...
040 (10216337.001.000) 07/16 16:53:43 Finished transferring input files
...
001 (10216337.001.000) 07/16 16:53:44 Job executing on host: <188.185.207.197:9618?addrs=188.185.207.197-9618+[2001-1458-303-e--100-42]-9618&alias=b9p08p9966.cern.ch&noUDP&sock=startd_5698_eeba>
	SlotName: slot1_8@b9p08p9966.cern.ch
	CondorScratchDir = "/pool/condor/dir_3057218"
	Cpus = 8
	Disk = 2870866
	Memory = 16000
...
006 (10216337.001.000) 07/16 16:53:53 Image size of job updated: 414844
	405  -  MemoryUsage of job (MB)
	414044  -  ResidentSetSize of job (KB)
...
006 (10216337.001.000) 07/16 16:58:55 Image size of job updated: 872404
	847  -  MemoryUsage of job (MB)
	866992  -  ResidentSetSize of job (KB)
...
006 (10216337.001.000) 07/16 17:03:55 Image size of job updated: 885616
	847  -  MemoryUsage of job (MB)
	866992  -  ResidentSetSize of job (KB)
...
006 (10216337.001.000) 07/16 17:23:57 Image size of job updated: 1064584
	1024  -  MemoryUsage of job (MB)
	1047984  -  ResidentSetSize of job (KB)
...
006 (10216337.001.000) 07/16 17:28:57 Image size of job updated: 1083972
	1032  -  MemoryUsage of job (MB)
	1056472  -  ResidentSetSize of job (KB)
...
006 (10216337.001.000) 07/16 17:33:58 Image size of job updated: 1114704
	1032  -  MemoryUsage of job (MB)
	1056472  -  ResidentSetSize of job (KB)
...
006 (10216337.001.000) 07/16 17:43:59 Image size of job updated: 1206728
	1132  -  MemoryUsage of job (MB)
	1158704  -  ResidentSetSize of job (KB)
...
006 (10216337.001.000) 07/16 18:29:02 Image size of job updated: 1228096
	1171  -  MemoryUsage of job (MB)
	1198180  -  ResidentSetSize of job (KB)
...
006 (10216337.001.000) 07/16 18:34:03 Image size of job updated: 1305044
	1238  -  MemoryUsage of job (MB)
	1267468  -  ResidentSetSize of job (KB)
...
006 (10216337.001.000) 07/16 18:39:03 Image size of job updated: 1305044
	1240  -  MemoryUsage of job (MB)
	1269300  -  ResidentSetSize of job (KB)
...
006 (10216337.001.000) 07/16 18:44:03 Image size of job updated: 1315924
	1249  -  MemoryUsage of job (MB)
	1278488  -  ResidentSetSize of job (KB)
...
006 (10216337.001.000) 07/16 18:49:04 Image size of job updated: 1321824
	1267  -  MemoryUsage of job (MB)
	1297160  -  ResidentSetSize of job (KB)
...
006 (10216337.001.000) 07/16 18:54:05 Image size of job updated: 1325232
	1287  -  MemoryUsage of job (MB)
	1317588  -  ResidentSetSize of job (KB)
...
006 (10216337.001.000) 07/16 18:59:05 Image size of job updated: 1352128
	1289  -  MemoryUsage of job (MB)
	1319636  -  ResidentSetSize of job (KB)
...
006 (10216337.001.000) 07/17 00:34:38 Image size of job updated: 1394328
	1331  -  MemoryUsage of job (MB)
	1362608  -  ResidentSetSize of job (KB)
...
006 (10216337.001.000) 07/17 00:39:38 Image size of job updated: 1394328
	1347  -  MemoryUsage of job (MB)
	1378428  -  ResidentSetSize of job (KB)
...
006 (10216337.001.000) 07/17 00:44:39 Image size of job updated: 1397920
	1347  -  MemoryUsage of job (MB)
	1378428  -  ResidentSetSize of job (KB)
...
006 (10216337.001.000) 07/17 00:59:40 Image size of job updated: 1398868
	1347  -  MemoryUsage of job (MB)
	1378428  -  ResidentSetSize of job (KB)
...
006 (10216337.001.000) 07/17 01:09:42 Image size of job updated: 1405168
	1347  -  MemoryUsage of job (MB)
	1378428  -  ResidentSetSize of job (KB)
...
006 (10216337.001.000) 07/17 01:14:42 Image size of job updated: 1460444
	1395  -  MemoryUsage of job (MB)
	1427976  -  ResidentSetSize of job (KB)
...
006 (10216337.001.000) 07/17 01:19:42 Image size of job updated: 1460444
	1399  -  MemoryUsage of job (MB)
	1432380  -  ResidentSetSize of job (KB)
...
006 (10216337.001.000) 07/17 01:24:43 Image size of job updated: 1472136
	1417  -  MemoryUsage of job (MB)
	1450688  -  ResidentSetSize of job (KB)
...
006 (10216337.001.000) 07/17 01:29:43 Image size of job updated: 1473708
	1417  -  MemoryUsage of job (MB)
	1450688  -  ResidentSetSize of job (KB)
...
006 (10216337.001.000) 07/17 01:39:44 Image size of job updated: 1480004
	1417  -  MemoryUsage of job (MB)
	1450688  -  ResidentSetSize of job (KB)
...
006 (10216337.001.000) 07/17 01:44:45 Image size of job updated: 1480004
	1425  -  MemoryUsage of job (MB)
	1458720  -  ResidentSetSize of job (KB)
...
006 (10216337.001.000) 07/17 01:49:45 Image size of job updated: 1480004
	1426  -  MemoryUsage of job (MB)
	1459388  -  ResidentSetSize of job (KB)
...
006 (10216337.001.000) 07/17 01:54:45 Image size of job updated: 1537616
	1500  -  MemoryUsage of job (MB)
	1535100  -  ResidentSetSize of job (KB)
...
006 (10216337.001.000) 07/17 01:59:46 Image size of job updated: 1539644
	1500  -  MemoryUsage of job (MB)
	1535100  -  ResidentSetSize of job (KB)
...
006 (10216337.001.000) 07/17 02:09:47 Image size of job updated: 1543840
	1500  -  MemoryUsage of job (MB)
	1535100  -  ResidentSetSize of job (KB)
...
006 (10216337.001.000) 07/17 02:14:47 Image size of job updated: 1544416
	1500  -  MemoryUsage of job (MB)
	1535100  -  ResidentSetSize of job (KB)
...
006 (10216337.001.000) 07/17 02:19:48 Image size of job updated: 1548220
	1500  -  MemoryUsage of job (MB)
	1535100  -  ResidentSetSize of job (KB)
...
006 (10216337.001.000) 07/17 02:24:49 Image size of job updated: 1564852
	1500  -  MemoryUsage of job (MB)
	1535100  -  ResidentSetSize of job (KB)
...
006 (10216337.001.000) 07/17 02:39:51 Image size of job updated: 1630384
	1562  -  MemoryUsage of job (MB)
	1599096  -  ResidentSetSize of job (KB)
...
006 (10216337.001.000) 07/17 02:49:51 Image size of job updated: 1633136
	1562  -  MemoryUsage of job (MB)
	1599096  -  ResidentSetSize of job (KB)
...
006 (10216337.001.000) 07/17 02:54:52 Image size of job updated: 1637872
	1562  -  MemoryUsage of job (MB)
	1599096  -  ResidentSetSize of job (KB)
...
006 (10216337.001.000) 07/17 03:04:53 Image size of job updated: 1641696
	1575  -  MemoryUsage of job (MB)
	1611816  -  ResidentSetSize of job (KB)
...
006 (10216337.001.000) 07/17 03:09:54 Image size of job updated: 1641696
	1581  -  MemoryUsage of job (MB)
	1618940  -  ResidentSetSize of job (KB)
...
006 (10216337.001.000) 07/17 03:14:55 Image size of job updated: 1652208
	1581  -  MemoryUsage of job (MB)
	1618940  -  ResidentSetSize of job (KB)
...
006 (10216337.001.000) 07/17 03:19:55 Image size of job updated: 1652208
	1589  -  MemoryUsage of job (MB)
	1626880  -  ResidentSetSize of job (KB)
...
006 (10216337.001.000) 07/17 03:24:55 Image size of job updated: 1693092
	1647  -  MemoryUsage of job (MB)
	1685672  -  ResidentSetSize of job (KB)
...
006 (10216337.001.000) 07/17 03:29:56 Image size of job updated: 1734112
	1670  -  MemoryUsage of job (MB)
	1710000  -  ResidentSetSize of job (KB)
...
006 (10216337.001.000) 07/17 03:34:57 Image size of job updated: 1735952
	1670  -  MemoryUsage of job (MB)
	1710000  -  ResidentSetSize of job (KB)
...
006 (10216337.001.000) 07/17 03:49:58 Image size of job updated: 1735952
	1678  -  MemoryUsage of job (MB)
	1717924  -  ResidentSetSize of job (KB)
...
006 (10216337.001.000) 07/17 03:54:59 Image size of job updated: 1738664
	1678  -  MemoryUsage of job (MB)
	1717924  -  ResidentSetSize of job (KB)
...
006 (10216337.001.000) 07/17 03:59:59 Image size of job updated: 1759008
	1685  -  MemoryUsage of job (MB)
	1724768  -  ResidentSetSize of job (KB)
...
006 (10216337.001.000) 07/17 04:04:59 Image size of job updated: 1813552
	1760  -  MemoryUsage of job (MB)
	1801608  -  ResidentSetSize of job (KB)
...
006 (10216337.001.000) 07/17 04:10:00 Image size of job updated: 1822924
	1760  -  MemoryUsage of job (MB)
	1801608  -  ResidentSetSize of job (KB)
...
006 (10216337.001.000) 07/17 04:15:01 Image size of job updated: 1824748
	1760  -  MemoryUsage of job (MB)
	1801608  -  ResidentSetSize of job (KB)
...
006 (10216337.001.000) 07/17 04:25:01 Image size of job updated: 1827028
	1760  -  MemoryUsage of job (MB)
	1801608  -  ResidentSetSize of job (KB)
...
006 (10216337.001.000) 07/17 04:30:02 Image size of job updated: 1830520
	1760  -  MemoryUsage of job (MB)
	1801608  -  ResidentSetSize of job (KB)
...
006 (10216337.001.000) 07/17 04:45:04 Image size of job updated: 1889736
	1814  -  MemoryUsage of job (MB)
	1856692  -  ResidentSetSize of job (KB)
...
006 (10216337.001.000) 07/17 04:50:05 Image size of job updated: 1889736
	1823  -  MemoryUsage of job (MB)
	1866416  -  ResidentSetSize of job (KB)
...
006 (10216337.001.000) 07/17 05:05:06 Image size of job updated: 1889736
	1827  -  MemoryUsage of job (MB)
	1870148  -  ResidentSetSize of job (KB)
...
006 (10216337.001.000) 07/17 05:10:07 Image size of job updated: 1889736
	1835  -  MemoryUsage of job (MB)
	1878532  -  ResidentSetSize of job (KB)
...
006 (10216337.001.000) 07/17 05:15:07 Image size of job updated: 1945708
	1896  -  MemoryUsage of job (MB)
	1941436  -  ResidentSetSize of job (KB)
...
006 (10216337.001.000) 07/17 05:20:07 Image size of job updated: 1967520
	1897  -  MemoryUsage of job (MB)
	1942404  -  ResidentSetSize of job (KB)
...
006 (10216337.001.000) 07/17 05:25:08 Image size of job updated: 1967520
	1906  -  MemoryUsage of job (MB)
	1950764  -  ResidentSetSize of job (KB)
...
006 (10216337.001.000) 07/17 05:30:09 Image size of job updated: 1988016
	1912  -  MemoryUsage of job (MB)
	1957128  -  ResidentSetSize of job (KB)
...
006 (10216337.001.000) 07/17 05:40:10 Image size of job updated: 2041120
	1990  -  MemoryUsage of job (MB)
	2036848  -  ResidentSetSize of job (KB)
...
006 (10216337.001.000) 07/17 05:45:11 Image size of job updated: 2057488
	1990  -  MemoryUsage of job (MB)
	2036848  -  ResidentSetSize of job (KB)
...
006 (10216337.001.000) 07/17 05:55:11 Image size of job updated: 2057488
	1999  -  MemoryUsage of job (MB)
	2046488  -  ResidentSetSize of job (KB)
...
006 (10216337.001.000) 07/17 06:00:12 Image size of job updated: 2057712
	2005  -  MemoryUsage of job (MB)
	2052736  -  ResidentSetSize of job (KB)
...
006 (10216337.001.000) 07/17 06:05:13 Image size of job updated: 2139300
	2068  -  MemoryUsage of job (MB)
	2117432  -  ResidentSetSize of job (KB)
...
006 (10216337.001.000) 07/17 06:10:13 Image size of job updated: 2142364
	2075  -  MemoryUsage of job (MB)
	2124344  -  ResidentSetSize of job (KB)
...
006 (10216337.001.000) 07/17 06:15:13 Image size of job updated: 2154000
	2089  -  MemoryUsage of job (MB)
	2139120  -  ResidentSetSize of job (KB)
...
006 (10216337.001.000) 07/17 06:20:14 Image size of job updated: 2158716
	2096  -  MemoryUsage of job (MB)
	2145412  -  ResidentSetSize of job (KB)
...
006 (10216337.001.000) 07/17 06:25:15 Image size of job updated: 2165532
	2103  -  MemoryUsage of job (MB)
	2152796  -  ResidentSetSize of job (KB)
...
006 (10216337.001.000) 07/17 06:30:15 Image size of job updated: 2214304
	2155  -  MemoryUsage of job (MB)
	2205836  -  ResidentSetSize of job (KB)
...
006 (10216337.001.000) 07/17 06:35:15 Image size of job updated: 2229004
	2162  -  MemoryUsage of job (MB)
	2212892  -  ResidentSetSize of job (KB)
...
006 (10216337.001.000) 07/17 06:40:16 Image size of job updated: 2229004
	2163  -  MemoryUsage of job (MB)
	2213992  -  ResidentSetSize of job (KB)
...
006 (10216337.001.000) 07/17 06:45:16 Image size of job updated: 2251024
	2169  -  MemoryUsage of job (MB)
	2220596  -  ResidentSetSize of job (KB)
...
006 (10216337.001.000) 07/17 06:55:17 Image size of job updated: 2251024
	2174  -  MemoryUsage of job (MB)
	2225828  -  ResidentSetSize of job (KB)
...
006 (10216337.001.000) 07/17 07:00:18 Image size of job updated: 2304340
	2227  -  MemoryUsage of job (MB)
	2280424  -  ResidentSetSize of job (KB)
...
006 (10216337.001.000) 07/17 07:05:18 Image size of job updated: 2314000
	2227  -  MemoryUsage of job (MB)
	2280424  -  ResidentSetSize of job (KB)
...
006 (10216337.001.000) 07/17 07:10:18 Image size of job updated: 2314000
	2249  -  MemoryUsage of job (MB)
	2302576  -  ResidentSetSize of job (KB)
...
006 (10216337.001.000) 07/17 07:15:19 Image size of job updated: 2331664
	2254  -  MemoryUsage of job (MB)
	2307740  -  ResidentSetSize of job (KB)
...
006 (10216337.001.000) 07/17 07:20:20 Image size of job updated: 2331664
	2254  -  MemoryUsage of job (MB)
	2307944  -  ResidentSetSize of job (KB)
...
006 (10216337.001.000) 07/17 07:25:20 Image size of job updated: 2331664
	2255  -  MemoryUsage of job (MB)
	2308412  -  ResidentSetSize of job (KB)
...
006 (10216337.001.000) 07/17 07:30:21 Image size of job updated: 2401424
	2293  -  MemoryUsage of job (MB)
	2347528  -  ResidentSetSize of job (KB)
...
006 (10216337.001.000) 07/17 07:35:22 Image size of job updated: 2405728
	2322  -  MemoryUsage of job (MB)
	2377324  -  ResidentSetSize of job (KB)
...
006 (10216337.001.000) 07/17 07:40:22 Image size of job updated: 2414048
	2331  -  MemoryUsage of job (MB)
	2386156  -  ResidentSetSize of job (KB)
...
006 (10216337.001.000) 07/17 07:50:22 Image size of job updated: 2414048
	2333  -  MemoryUsage of job (MB)
	2388844  -  ResidentSetSize of job (KB)
...
006 (10216337.001.000) 07/17 07:55:23 Image size of job updated: 2469468
	2398  -  MemoryUsage of job (MB)
	2454552  -  ResidentSetSize of job (KB)
...
006 (10216337.001.000) 07/17 08:00:24 Image size of job updated: 2476016
	2401  -  MemoryUsage of job (MB)
	2457824  -  ResidentSetSize of job (KB)
...
006 (10216337.001.000) 07/17 08:05:24 Image size of job updated: 2482280
	2408  -  MemoryUsage of job (MB)
	2465620  -  ResidentSetSize of job (KB)
...
006 (10216337.001.000) 07/17 08:10:24 Image size of job updated: 2500912
	2417  -  MemoryUsage of job (MB)
	2474900  -  ResidentSetSize of job (KB)
...
006 (10216337.001.000) 07/17 08:15:26 Image size of job updated: 2500912
	2422  -  MemoryUsage of job (MB)
	2479940  -  ResidentSetSize of job (KB)
...
006 (10216337.001.000) 07/17 08:20:26 Image size of job updated: 2544252
	2480  -  MemoryUsage of job (MB)
	2539008  -  ResidentSetSize of job (KB)
...
006 (10216337.001.000) 07/17 08:25:26 Image size of job updated: 2556176
	2480  -  MemoryUsage of job (MB)
	2539008  -  ResidentSetSize of job (KB)
...
006 (10216337.001.000) 07/17 08:30:27 Image size of job updated: 2568984
	2487  -  MemoryUsage of job (MB)
	2545976  -  ResidentSetSize of job (KB)
...
006 (10216337.001.000) 07/17 08:35:28 Image size of job updated: 2568984
	2499  -  MemoryUsage of job (MB)
	2558776  -  ResidentSetSize of job (KB)
...
006 (10216337.001.000) 07/17 08:40:28 Image size of job updated: 2571812
	2499  -  MemoryUsage of job (MB)
	2558776  -  ResidentSetSize of job (KB)
...
006 (10216337.001.000) 07/17 08:45:28 Image size of job updated: 2626668
	2534  -  MemoryUsage of job (MB)
	2593824  -  ResidentSetSize of job (KB)
...
006 (10216337.001.000) 07/17 08:50:29 Image size of job updated: 2631228
	2562  -  MemoryUsage of job (MB)
	2622580  -  ResidentSetSize of job (KB)
...
006 (10216337.001.000) 07/17 08:55:30 Image size of job updated: 2651960
	2574  -  MemoryUsage of job (MB)
	2635104  -  ResidentSetSize of job (KB)
...
006 (10216337.001.000) 07/17 09:00:30 Image size of job updated: 2667088
	2586  -  MemoryUsage of job (MB)
	2647672  -  ResidentSetSize of job (KB)
...
006 (10216337.001.000) 07/17 09:05:31 Image size of job updated: 2667408
	2588  -  MemoryUsage of job (MB)
	2649136  -  ResidentSetSize of job (KB)
...
006 (10216337.001.000) 07/17 09:10:32 Image size of job updated: 2683556
	2597  -  MemoryUsage of job (MB)
	2658884  -  ResidentSetSize of job (KB)
...
006 (10216337.001.000) 07/17 09:15:32 Image size of job updated: 2734932
	2671  -  MemoryUsage of job (MB)
	2734412  -  ResidentSetSize of job (KB)
...
006 (10216337.001.000) 07/17 09:20:33 Image size of job updated: 2739932
	2671  -  MemoryUsage of job (MB)
	2734412  -  ResidentSetSize of job (KB)
...
006 (10216337.001.000) 07/17 09:25:34 Image size of job updated: 2748964
	2673  -  MemoryUsage of job (MB)
	2736584  -  ResidentSetSize of job (KB)
...
006 (10216337.001.000) 07/17 09:30:34 Image size of job updated: 2755600
	2673  -  MemoryUsage of job (MB)
	2736584  -  ResidentSetSize of job (KB)
...
006 (10216337.001.000) 07/17 09:35:34 Image size of job updated: 2766196
	2684  -  MemoryUsage of job (MB)
	2747828  -  ResidentSetSize of job (KB)
...
006 (10216337.001.000) 07/17 09:40:35 Image size of job updated: 2766196
	2685  -  MemoryUsage of job (MB)
	2749080  -  ResidentSetSize of job (KB)
...
006 (10216337.001.000) 07/17 09:45:36 Image size of job updated: 2833372
	2743  -  MemoryUsage of job (MB)
	2808012  -  ResidentSetSize of job (KB)
...
006 (10216337.001.000) 07/17 09:50:36 Image size of job updated: 2833372
	2745  -  MemoryUsage of job (MB)
	2810464  -  ResidentSetSize of job (KB)
...
006 (10216337.001.000) 07/17 09:55:37 Image size of job updated: 2833372
	2750  -  MemoryUsage of job (MB)
	2814992  -  ResidentSetSize of job (KB)
...
006 (10216337.001.000) 07/17 10:00:38 Image size of job updated: 2850088
	2767  -  MemoryUsage of job (MB)
	2832668  -  ResidentSetSize of job (KB)
...
006 (10216337.001.000) 07/17 10:05:38 Image size of job updated: 2850088
	2770  -  MemoryUsage of job (MB)
	2835992  -  ResidentSetSize of job (KB)
...
006 (10216337.001.000) 07/17 10:10:38 Image size of job updated: 2867956
	2770  -  MemoryUsage of job (MB)
	2835992  -  ResidentSetSize of job (KB)
...
006 (10216337.001.000) 07/17 10:15:39 Image size of job updated: 2923084
	2840  -  MemoryUsage of job (MB)
	2907836  -  ResidentSetSize of job (KB)
...
006 (10216337.001.000) 07/17 10:20:40 Image size of job updated: 2923228
	2840  -  MemoryUsage of job (MB)
	2907836  -  ResidentSetSize of job (KB)
...
006 (10216337.001.000) 07/17 10:25:40 Image size of job updated: 2931248
	2860  -  MemoryUsage of job (MB)
	2928500  -  ResidentSetSize of job (KB)
...
006 (10216337.001.000) 07/17 10:30:41 Image size of job updated: 2934904
	2860  -  MemoryUsage of job (MB)
	2928500  -  ResidentSetSize of job (KB)
...
006 (10216337.001.000) 07/17 10:35:42 Image size of job updated: 2942488
	2860  -  MemoryUsage of job (MB)
	2928500  -  ResidentSetSize of job (KB)
...
006 (10216337.001.000) 07/17 10:40:42 Image size of job updated: 2942488
	2863  -  MemoryUsage of job (MB)
	2931116  -  ResidentSetSize of job (KB)
...
006 (10216337.001.000) 07/17 10:45:42 Image size of job updated: 2955400
	2877  -  MemoryUsage of job (MB)
	2945104  -  ResidentSetSize of job (KB)
...
006 (10216337.001.000) 07/17 10:50:43 Image size of job updated: 3003664
	2930  -  MemoryUsage of job (MB)
	3000248  -  ResidentSetSize of job (KB)
...
006 (10216337.001.000) 07/17 10:55:43 Image size of job updated: 3025368
	2933  -  MemoryUsage of job (MB)
	3003056  -  ResidentSetSize of job (KB)
...
006 (10216337.001.000) 07/17 11:00:43 Image size of job updated: 3030960
	2933  -  MemoryUsage of job (MB)
	3003056  -  ResidentSetSize of job (KB)
...
006 (10216337.001.000) 07/17 11:05:44 Image size of job updated: 3030960
	2948  -  MemoryUsage of job (MB)
	3017732  -  ResidentSetSize of job (KB)
...
006 (10216337.001.000) 07/17 11:10:45 Image size of job updated: 3031304
	2948  -  MemoryUsage of job (MB)
	3017732  -  ResidentSetSize of job (KB)
...
006 (10216337.001.000) 07/17 11:15:45 Image size of job updated: 3031304
	2951  -  MemoryUsage of job (MB)
	3021496  -  ResidentSetSize of job (KB)
...
006 (10216337.001.000) 07/17 11:20:46 Image size of job updated: 3111256
	3017  -  MemoryUsage of job (MB)
	3088796  -  ResidentSetSize of job (KB)
...
006 (10216337.001.000) 07/17 11:25:47 Image size of job updated: 3111256
	3032  -  MemoryUsage of job (MB)
	3104128  -  ResidentSetSize of job (KB)
...
006 (10216337.001.000) 07/17 11:30:47 Image size of job updated: 3119012
	3032  -  MemoryUsage of job (MB)
	3104128  -  ResidentSetSize of job (KB)
...
006 (10216337.001.000) 07/17 11:45:49 Image size of job updated: 3119012
	3037  -  MemoryUsage of job (MB)
	3109852  -  ResidentSetSize of job (KB)
...
006 (10216337.001.000) 07/17 11:50:49 Image size of job updated: 3184012
	3110  -  MemoryUsage of job (MB)
	3184012  -  ResidentSetSize of job (KB)
...
006 (10216337.001.000) 07/17 11:55:50 Image size of job updated: 3185680
	3110  -  MemoryUsage of job (MB)
	3184012  -  ResidentSetSize of job (KB)
...
006 (10216337.001.000) 07/17 12:05:51 Image size of job updated: 3196844
	3110  -  MemoryUsage of job (MB)
	3184012  -  ResidentSetSize of job (KB)
...
006 (10216337.001.000) 07/17 12:10:51 Image size of job updated: 3196844
	3113  -  MemoryUsage of job (MB)
	3187420  -  ResidentSetSize of job (KB)
...
006 (10216337.001.000) 07/17 12:15:52 Image size of job updated: 3209760
	3117  -  MemoryUsage of job (MB)
	3191060  -  ResidentSetSize of job (KB)
...
006 (10216337.001.000) 07/17 12:20:53 Image size of job updated: 3259476
	3179  -  MemoryUsage of job (MB)
	3255068  -  ResidentSetSize of job (KB)
...
006 (10216337.001.000) 07/17 12:25:53 Image size of job updated: 3269656
	3179  -  MemoryUsage of job (MB)
	3255068  -  ResidentSetSize of job (KB)
...
006 (10216337.001.000) 07/17 12:30:53 Image size of job updated: 3272180
	3189  -  MemoryUsage of job (MB)
	3265452  -  ResidentSetSize of job (KB)
...
006 (10216337.001.000) 07/17 12:40:54 Image size of job updated: 3291512
	3193  -  MemoryUsage of job (MB)
	3269288  -  ResidentSetSize of job (KB)
...
006 (10216337.001.000) 07/17 12:45:54 Image size of job updated: 3357712
	3260  -  MemoryUsage of job (MB)
	3338196  -  ResidentSetSize of job (KB)
...
006 (10216337.001.000) 07/17 12:50:55 Image size of job updated: 3361592
	3265  -  MemoryUsage of job (MB)
	3342392  -  ResidentSetSize of job (KB)
...
006 (10216337.001.000) 07/17 12:55:56 Image size of job updated: 3363276
	3265  -  MemoryUsage of job (MB)
	3342392  -  ResidentSetSize of job (KB)
...
006 (10216337.001.000) 07/17 13:05:56 Image size of job updated: 3365792
	3265  -  MemoryUsage of job (MB)
	3342392  -  ResidentSetSize of job (KB)
...
006 (10216337.001.000) 07/17 13:10:57 Image size of job updated: 3370408
	3266  -  MemoryUsage of job (MB)
	3343896  -  ResidentSetSize of job (KB)
...
006 (10216337.001.000) 07/17 13:13:24 Image size of job updated: 3500640
	3266  -  MemoryUsage of job (MB)
	3343896  -  ResidentSetSize of job (KB)
...
040 (10216337.001.000) 07/17 13:13:24 Started transferring output files
...
040 (10216337.001.000) 07/17 13:13:25 Finished transferring output files
...
005 (10216337.001.000) 07/17 13:13:25 Job terminated.
	(1) Normal termination (return value 0)
		Usr 0 06:47:30, Sys 0 00:16:22  -  Run Remote Usage
		Usr 0 00:00:00, Sys 0 00:00:00  -  Run Local Usage
		Usr 0 06:47:30, Sys 0 00:16:22  -  Total Remote Usage
		Usr 0 00:00:00, Sys 0 00:00:00  -  Total Local Usage
	2800003  -  Run Bytes Sent By Job
	816774  -  Run Bytes Received By Job
	2800003  -  Total Bytes Sent By Job
	816774  -  Total Bytes Received By Job
	Partitionable Resources :    Usage  Request Allocated 
	   Cpus                 :     0.27        8         8 
	   Disk (KB)            :  3554        1000   2870866 
	   Memory (MB)          :  3266       16000     16000 

	Job terminated of its own accord at 2024-07-17T11:13:24Z with exit-code 0.
...
