000 (10216322.002.000) 07/16 16:20:28 Job submitted from host: <188.185.114.121:9618?addrs=188.185.114.121-9618+[2001-1458-d00-a--100-273]-9618&alias=bigbird19.cern.ch&noUDP&sock=schedd_4961_696e>
...
040 (10216322.002.000) 07/16 16:22:45 Started transferring input files
	Transferring to host: <128.142.161.113:9618?addrs=128.142.161.113-9618+[2001-1458-301-b8--100-2f]-9618&alias=b9g03p5497.cern.ch&noUDP&sock=slot1_8_280168_737a_1132>
...
040 (10216322.002.000) 07/16 16:22:45 Finished transferring input files
...
001 (10216322.002.000) 07/16 16:22:46 Job executing on host: <128.142.161.113:9618?addrs=128.142.161.113-9618+[2001-1458-301-b8--100-2f]-9618&alias=b9g03p5497.cern.ch&noUDP&sock=startd_7638_9c75>
	SlotName: slot1_8@b9g03p5497.cern.ch
	CondorScratchDir = "/pool/condor/dir_3490137"
	Cpus = 1
	Disk = 3157013
	Memory = 2000
...
006 (10216322.002.000) 07/16 16:22:55 Image size of job updated: 669612
	654  -  MemoryUsage of job (MB)
	669612  -  ResidentSetSize of job (KB)
...
006 (10216322.002.000) 07/16 16:25:12 Image size of job updated: 2277060
	773  -  MemoryUsage of job (MB)
	791376  -  ResidentSetSize of job (KB)
...
040 (10216322.002.000) 07/16 16:25:12 Started transferring output files
...
040 (10216322.002.000) 07/16 16:25:12 Finished transferring output files
...
005 (10216322.002.000) 07/16 16:25:12 Job terminated.
	(1) Normal termination (return value 0)
		Usr 0 00:01:31, Sys 0 00:00:04  -  Run Remote Usage
		Usr 0 00:00:00, Sys 0 00:00:00  -  Run Local Usage
		Usr 0 00:01:31, Sys 0 00:00:04  -  Total Remote Usage
		Usr 0 00:00:00, Sys 0 00:00:00  -  Total Local Usage
	950847  -  Run Bytes Sent By Job
	804577  -  Run Bytes Received By Job
	950847  -  Total Bytes Sent By Job
	804577  -  Total Bytes Received By Job
	Partitionable Resources :    Usage  Request Allocated 
	   Cpus                 :     0.50        1         1 
	   Disk (KB)            :  1735        1000   3157013 
	   Memory (MB)          :   773        2000      2000 

	Job terminated of its own accord at 2024-07-16T14:25:12Z with exit-code 0.
...
000 (10216324.002.000) 07/16 16:27:20 Job submitted from host: <188.185.114.121:9618?addrs=188.185.114.121-9618+[2001-1458-d00-a--100-273]-9618&alias=bigbird19.cern.ch&noUDP&sock=schedd_4961_696e>
...
040 (10216324.002.000) 07/16 16:31:43 Started transferring input files
	Transferring to host: <128.142.161.117:9618?addrs=128.142.161.117-9618+[2001-1458-301-b8--100-33]-9618&alias=b9g03p0247.cern.ch&noUDP&sock=slot1_10_572938_66bb_2390>
...
040 (10216324.002.000) 07/16 16:31:43 Finished transferring input files
...
001 (10216324.002.000) 07/16 16:31:44 Job executing on host: <128.142.161.117:9618?addrs=128.142.161.117-9618+[2001-1458-301-b8--100-33]-9618&alias=b9g03p0247.cern.ch&noUDP&sock=startd_3060_7be4>
	SlotName: slot1_10@b9g03p0247.cern.ch
	CondorScratchDir = "/pool/condor/dir_634082"
	Cpus = 1
	Disk = 3230099
	Memory = 2000
...
006 (10216324.002.000) 07/16 16:31:52 Image size of job updated: 4
	0  -  MemoryUsage of job (MB)
	0  -  ResidentSetSize of job (KB)
...
006 (10216324.002.000) 07/16 16:35:01 Image size of job updated: 1233288
	605  -  MemoryUsage of job (MB)
	619376  -  ResidentSetSize of job (KB)
...
040 (10216324.002.000) 07/16 16:35:01 Started transferring output files
...
040 (10216324.002.000) 07/16 16:35:01 Finished transferring output files
...
005 (10216324.002.000) 07/16 16:35:01 Job terminated.
	(1) Normal termination (return value 0)
		Usr 0 00:00:59, Sys 0 00:00:02  -  Run Remote Usage
		Usr 0 00:00:00, Sys 0 00:00:00  -  Run Local Usage
		Usr 0 00:00:59, Sys 0 00:00:02  -  Total Remote Usage
		Usr 0 00:00:00, Sys 0 00:00:00  -  Total Local Usage
	935279  -  Run Bytes Sent By Job
	804577  -  Run Bytes Received By Job
	935279  -  Total Bytes Sent By Job
	804577  -  Total Bytes Received By Job
	Partitionable Resources :    Usage  Request Allocated 
	   Cpus                 :        0        1         1 
	   Disk (KB)            :     1720     1000   3230099 
	   Memory (MB)          :      605     2000      2000 

	Job terminated of its own accord at 2024-07-16T14:35:01Z with exit-code 0.
...
000 (10216330.002.000) 07/16 16:37:09 Job submitted from host: <188.185.114.121:9618?addrs=188.185.114.121-9618+[2001-1458-d00-a--100-273]-9618&alias=bigbird19.cern.ch&noUDP&sock=schedd_4961_696e>
...
040 (10216330.002.000) 07/16 16:38:58 Started transferring input files
	Transferring to host: <128.142.192.198:9618?addrs=128.142.192.198-9618+[2001-1458-301-56--100-42]-9618&alias=b9g18p5254.cern.ch&noUDP&sock=slot1_24_3264_887e_103702>
...
040 (10216330.002.000) 07/16 16:38:58 Finished transferring input files
...
001 (10216330.002.000) 07/16 16:38:59 Job executing on host: <128.142.192.198:9618?addrs=128.142.192.198-9618+[2001-1458-301-56--100-42]-9618&alias=b9g18p5254.cern.ch&noUDP&sock=startd_2784_2bc0>
	SlotName: slot1_24@b9g18p5254.cern.ch
	CondorScratchDir = "/pool/condor/dir_3911281"
	Cpus = 1
	Disk = 2937833
	Memory = 2000
...
006 (10216330.002.000) 07/16 16:39:07 Image size of job updated: 219796
	215  -  MemoryUsage of job (MB)
	219692  -  ResidentSetSize of job (KB)
...
006 (10216330.002.000) 07/16 16:40:52 Image size of job updated: 1140420
	587  -  MemoryUsage of job (MB)
	600208  -  ResidentSetSize of job (KB)
...
040 (10216330.002.000) 07/16 16:40:52 Started transferring output files
...
040 (10216330.002.000) 07/16 16:40:52 Finished transferring output files
...
005 (10216330.002.000) 07/16 16:40:52 Job terminated.
	(1) Normal termination (return value 0)
		Usr 0 00:01:07, Sys 0 00:00:04  -  Run Remote Usage
		Usr 0 00:00:00, Sys 0 00:00:00  -  Run Local Usage
		Usr 0 00:01:07, Sys 0 00:00:04  -  Total Remote Usage
		Usr 0 00:00:00, Sys 0 00:00:00  -  Total Local Usage
	935279  -  Run Bytes Sent By Job
	804577  -  Run Bytes Received By Job
	935279  -  Total Bytes Sent By Job
	804577  -  Total Bytes Received By Job
	Partitionable Resources :    Usage  Request Allocated 
	   Cpus                 :        0        1         1 
	   Disk (KB)            :     1720     1000   2937833 
	   Memory (MB)          :      587     2000      2000 

	Job terminated of its own accord at 2024-07-16T14:40:52Z with exit-code 0.
...
000 (10216333.002.000) 07/16 16:43:48 Job submitted from host: <188.185.114.121:9618?addrs=188.185.114.121-9618+[2001-1458-d00-a--100-273]-9618&alias=bigbird19.cern.ch&noUDP&sock=schedd_4961_696e>
...
009 (10216333.002.000) 07/16 16:45:10 Job was aborted.
	via condor_rm (by user yelberke)
...
000 (10216335.002.000) 07/16 16:45:17 Job submitted from host: <188.185.114.121:9618?addrs=188.185.114.121-9618+[2001-1458-d00-a--100-273]-9618&alias=bigbird19.cern.ch&noUDP&sock=schedd_4961_696e>
...
040 (10216335.002.000) 07/16 16:46:32 Started transferring input files
	Transferring to host: <188.185.205.169:9618?addrs=188.185.205.169-9618&alias=b9p04p5518.cern.ch&noUDP&sock=slot1_25_7382_0965_146351>
...
040 (10216335.002.000) 07/16 16:46:32 Finished transferring input files
...
001 (10216335.002.000) 07/16 16:46:33 Job executing on host: <188.185.205.169:9618?addrs=188.185.205.169-9618&alias=b9p04p5518.cern.ch&noUDP&sock=startd_7309_f1cd>
	SlotName: slot1_25@b9p04p5518.cern.ch
	CondorScratchDir = "/pool/condor/dir_7367"
	Cpus = 1
	Disk = 2874802
	Memory = 2000
...
006 (10216335.002.000) 07/16 16:46:42 Image size of job updated: 790804
	772  -  MemoryUsage of job (MB)
	789876  -  ResidentSetSize of job (KB)
...
006 (10216335.002.000) 07/16 16:47:38 Image size of job updated: 1202032
	772  -  MemoryUsage of job (MB)
	789876  -  ResidentSetSize of job (KB)
...
040 (10216335.002.000) 07/16 16:47:38 Started transferring output files
...
040 (10216335.002.000) 07/16 16:47:38 Finished transferring output files
...
005 (10216335.002.000) 07/16 16:47:38 Job terminated.
	(1) Normal termination (return value 0)
		Usr 0 00:00:31, Sys 0 00:00:02  -  Run Remote Usage
		Usr 0 00:00:00, Sys 0 00:00:00  -  Run Local Usage
		Usr 0 00:00:31, Sys 0 00:00:02  -  Total Remote Usage
		Usr 0 00:00:00, Sys 0 00:00:00  -  Total Local Usage
	935279  -  Run Bytes Sent By Job
	804576  -  Run Bytes Received By Job
	935279  -  Total Bytes Sent By Job
	804576  -  Total Bytes Received By Job
	Partitionable Resources :    Usage  Request Allocated 
	   Cpus                 :     0.60        1         1 
	   Disk (KB)            :  1720        1000   2874802 
	   Memory (MB)          :   772        2000      2000 

	Job terminated of its own accord at 2024-07-16T14:47:38Z with exit-code 0.
...
000 (10216337.002.000) 07/16 16:50:42 Job submitted from host: <188.185.114.121:9618?addrs=188.185.114.121-9618+[2001-1458-d00-a--100-273]-9618&alias=bigbird19.cern.ch&noUDP&sock=schedd_4961_696e>
...
040 (10216337.002.000) 07/16 16:53:44 Started transferring input files
	Transferring to host: <188.185.205.24:9618?addrs=188.185.205.24-9618+[2001-1458-303-9--100-8c]-9618&alias=b9p03p5835.cern.ch&noUDP&sock=slot1_10_3711_7c30_73781>
...
040 (10216337.002.000) 07/16 16:53:44 Finished transferring input files
...
001 (10216337.002.000) 07/16 16:53:45 Job executing on host: <188.185.205.24:9618?addrs=188.185.205.24-9618+[2001-1458-303-9--100-8c]-9618&alias=b9p03p5835.cern.ch&noUDP&sock=startd_3386_17c4>
	SlotName: slot1_10@b9p03p5835.cern.ch
	CondorScratchDir = "/pool/condor/dir_1231955"
	Cpus = 8
	Disk = 2940992
	Memory = 16000
...
006 (10216337.002.000) 07/16 16:53:54 Image size of job updated: 411400
	402  -  MemoryUsage of job (MB)
	411076  -  ResidentSetSize of job (KB)
...
006 (10216337.002.000) 07/16 16:58:55 Image size of job updated: 866396
	844  -  MemoryUsage of job (MB)
	863420  -  ResidentSetSize of job (KB)
...
006 (10216337.002.000) 07/16 17:03:56 Image size of job updated: 895356
	868  -  MemoryUsage of job (MB)
	888108  -  ResidentSetSize of job (KB)
...
006 (10216337.002.000) 07/16 17:08:56 Image size of job updated: 915736
	881  -  MemoryUsage of job (MB)
	901928  -  ResidentSetSize of job (KB)
...
006 (10216337.002.000) 07/16 17:13:56 Image size of job updated: 957276
	903  -  MemoryUsage of job (MB)
	923808  -  ResidentSetSize of job (KB)
...
006 (10216337.002.000) 07/16 17:18:57 Image size of job updated: 959968
	918  -  MemoryUsage of job (MB)
	939020  -  ResidentSetSize of job (KB)
...
006 (10216337.002.000) 07/16 17:23:57 Image size of job updated: 962092
	927  -  MemoryUsage of job (MB)
	948480  -  ResidentSetSize of job (KB)
...
006 (10216337.002.000) 07/16 17:28:57 Image size of job updated: 981124
	946  -  MemoryUsage of job (MB)
	967692  -  ResidentSetSize of job (KB)
...
006 (10216337.002.000) 07/16 17:33:58 Image size of job updated: 1095384
	1040  -  MemoryUsage of job (MB)
	1064512  -  ResidentSetSize of job (KB)
...
006 (10216337.002.000) 07/16 17:38:59 Image size of job updated: 1112744
	1040  -  MemoryUsage of job (MB)
	1064512  -  ResidentSetSize of job (KB)
...
006 (10216337.002.000) 07/16 17:43:59 Image size of job updated: 1112744
	1079  -  MemoryUsage of job (MB)
	1104348  -  ResidentSetSize of job (KB)
...
006 (10216337.002.000) 07/16 17:48:59 Image size of job updated: 1172008
	1124  -  MemoryUsage of job (MB)
	1150204  -  ResidentSetSize of job (KB)
...
006 (10216337.002.000) 07/16 17:59:01 Image size of job updated: 1208840
	1174  -  MemoryUsage of job (MB)
	1201560  -  ResidentSetSize of job (KB)
...
006 (10216337.002.000) 07/16 18:04:01 Image size of job updated: 1217332
	1177  -  MemoryUsage of job (MB)
	1204868  -  ResidentSetSize of job (KB)
...
006 (10216337.002.000) 07/16 18:09:01 Image size of job updated: 1385984
	1345  -  MemoryUsage of job (MB)
	1376388  -  ResidentSetSize of job (KB)
...
006 (10216337.002.000) 07/16 18:14:02 Image size of job updated: 1408332
	1368  -  MemoryUsage of job (MB)
	1400280  -  ResidentSetSize of job (KB)
...
006 (10216337.002.000) 07/16 18:24:03 Image size of job updated: 1411688
	1368  -  MemoryUsage of job (MB)
	1400280  -  ResidentSetSize of job (KB)
...
006 (10216337.002.000) 07/16 18:29:04 Image size of job updated: 1421324
	1368  -  MemoryUsage of job (MB)
	1400280  -  ResidentSetSize of job (KB)
...
006 (10216337.002.000) 07/16 18:34:05 Image size of job updated: 1421324
	1374  -  MemoryUsage of job (MB)
	1406004  -  ResidentSetSize of job (KB)
...
006 (10216337.002.000) 07/16 18:54:07 Image size of job updated: 1470244
	1413  -  MemoryUsage of job (MB)
	1446776  -  ResidentSetSize of job (KB)
...
006 (10216337.002.000) 07/16 18:59:07 Image size of job updated: 1482284
	1413  -  MemoryUsage of job (MB)
	1446776  -  ResidentSetSize of job (KB)
...
006 (10216337.002.000) 07/16 19:04:07 Image size of job updated: 1482284
	1416  -  MemoryUsage of job (MB)
	1449740  -  ResidentSetSize of job (KB)
...
006 (10216337.002.000) 07/16 19:14:08 Image size of job updated: 1484720
	1419  -  MemoryUsage of job (MB)
	1452276  -  ResidentSetSize of job (KB)
...
006 (10216337.002.000) 07/16 19:19:08 Image size of job updated: 1484720
	1426  -  MemoryUsage of job (MB)
	1459504  -  ResidentSetSize of job (KB)
...
006 (10216337.002.000) 07/16 19:24:09 Image size of job updated: 1484796
	1435  -  MemoryUsage of job (MB)
	1468632  -  ResidentSetSize of job (KB)
...
006 (10216337.002.000) 07/16 19:29:10 Image size of job updated: 1492852
	1445  -  MemoryUsage of job (MB)
	1479236  -  ResidentSetSize of job (KB)
...
006 (10216337.002.000) 07/16 19:39:10 Image size of job updated: 1544692
	1507  -  MemoryUsage of job (MB)
	1543016  -  ResidentSetSize of job (KB)
...
006 (10216337.002.000) 07/16 19:44:11 Image size of job updated: 1572052
	1520  -  MemoryUsage of job (MB)
	1556268  -  ResidentSetSize of job (KB)
...
006 (10216337.002.000) 07/16 19:49:12 Image size of job updated: 1579960
	1520  -  MemoryUsage of job (MB)
	1556268  -  ResidentSetSize of job (KB)
...
006 (10216337.002.000) 07/16 20:54:17 Image size of job updated: 1581296
	1520  -  MemoryUsage of job (MB)
	1556268  -  ResidentSetSize of job (KB)
...
006 (10216337.002.000) 07/16 21:04:18 Image size of job updated: 1588228
	1526  -  MemoryUsage of job (MB)
	1562368  -  ResidentSetSize of job (KB)
...
006 (10216337.002.000) 07/16 21:19:20 Image size of job updated: 1638420
	1587  -  MemoryUsage of job (MB)
	1624648  -  ResidentSetSize of job (KB)
...
006 (10216337.002.000) 07/16 21:24:20 Image size of job updated: 1673572
	1587  -  MemoryUsage of job (MB)
	1624648  -  ResidentSetSize of job (KB)
...
006 (10216337.002.000) 07/16 21:34:22 Image size of job updated: 1673572
	1588  -  MemoryUsage of job (MB)
	1625388  -  ResidentSetSize of job (KB)
...
006 (10216337.002.000) 07/16 21:39:22 Image size of job updated: 1673572
	1623  -  MemoryUsage of job (MB)
	1661884  -  ResidentSetSize of job (KB)
...
006 (10216337.002.000) 07/16 21:54:24 Image size of job updated: 1676484
	1623  -  MemoryUsage of job (MB)
	1661884  -  ResidentSetSize of job (KB)
...
006 (10216337.002.000) 07/16 22:04:25 Image size of job updated: 1682124
	1623  -  MemoryUsage of job (MB)
	1661884  -  ResidentSetSize of job (KB)
...
006 (10216337.002.000) 07/16 22:09:26 Image size of job updated: 1719520
	1673  -  MemoryUsage of job (MB)
	1712160  -  ResidentSetSize of job (KB)
...
006 (10216337.002.000) 07/16 22:14:26 Image size of job updated: 1743116
	1673  -  MemoryUsage of job (MB)
	1712160  -  ResidentSetSize of job (KB)
...
006 (10216337.002.000) 07/16 22:19:27 Image size of job updated: 1758088
	1679  -  MemoryUsage of job (MB)
	1718520  -  ResidentSetSize of job (KB)
...
006 (10216337.002.000) 07/16 22:24:28 Image size of job updated: 1758088
	1693  -  MemoryUsage of job (MB)
	1733548  -  ResidentSetSize of job (KB)
...
006 (10216337.002.000) 07/16 22:44:30 Image size of job updated: 1760840
	1694  -  MemoryUsage of job (MB)
	1734484  -  ResidentSetSize of job (KB)
...
006 (10216337.002.000) 07/16 22:49:30 Image size of job updated: 1766632
	1694  -  MemoryUsage of job (MB)
	1734484  -  ResidentSetSize of job (KB)
...
006 (10216337.002.000) 07/16 22:54:31 Image size of job updated: 1800496
	1727  -  MemoryUsage of job (MB)
	1767464  -  ResidentSetSize of job (KB)
...
006 (10216337.002.000) 07/16 22:59:32 Image size of job updated: 1800496
	1740  -  MemoryUsage of job (MB)
	1780992  -  ResidentSetSize of job (KB)
...
006 (10216337.002.000) 07/16 23:04:32 Image size of job updated: 1815712
	1740  -  MemoryUsage of job (MB)
	1780992  -  ResidentSetSize of job (KB)
...
006 (10216337.002.000) 07/16 23:14:33 Image size of job updated: 1816324
	1740  -  MemoryUsage of job (MB)
	1780992  -  ResidentSetSize of job (KB)
...
006 (10216337.002.000) 07/16 23:19:33 Image size of job updated: 1816324
	1746  -  MemoryUsage of job (MB)
	1787000  -  ResidentSetSize of job (KB)
...
006 (10216337.002.000) 07/16 23:24:33 Image size of job updated: 1816324
	1756  -  MemoryUsage of job (MB)
	1797156  -  ResidentSetSize of job (KB)
...
006 (10216337.002.000) 07/16 23:34:35 Image size of job updated: 1882132
	1808  -  MemoryUsage of job (MB)
	1851244  -  ResidentSetSize of job (KB)
...
006 (10216337.002.000) 07/16 23:39:35 Image size of job updated: 1882132
	1817  -  MemoryUsage of job (MB)
	1860600  -  ResidentSetSize of job (KB)
...
006 (10216337.002.000) 07/17 00:04:38 Image size of job updated: 1882132
	1820  -  MemoryUsage of job (MB)
	1862740  -  ResidentSetSize of job (KB)
...
006 (10216337.002.000) 07/17 00:09:39 Image size of job updated: 1883416
	1820  -  MemoryUsage of job (MB)
	1862740  -  ResidentSetSize of job (KB)
...
006 (10216337.002.000) 07/17 00:14:39 Image size of job updated: 1928676
	1875  -  MemoryUsage of job (MB)
	1919100  -  ResidentSetSize of job (KB)
...
006 (10216337.002.000) 07/17 00:19:40 Image size of job updated: 1937008
	1875  -  MemoryUsage of job (MB)
	1919100  -  ResidentSetSize of job (KB)
...
006 (10216337.002.000) 07/17 00:29:41 Image size of job updated: 1937584
	1875  -  MemoryUsage of job (MB)
	1919100  -  ResidentSetSize of job (KB)
...
006 (10216337.002.000) 07/17 00:54:44 Image size of job updated: 1946964
	1888  -  MemoryUsage of job (MB)
	1933308  -  ResidentSetSize of job (KB)
...
006 (10216337.002.000) 07/17 00:59:45 Image size of job updated: 1952968
	1888  -  MemoryUsage of job (MB)
	1933308  -  ResidentSetSize of job (KB)
...
006 (10216337.002.000) 07/17 01:09:46 Image size of job updated: 1958220
	1902  -  MemoryUsage of job (MB)
	1947224  -  ResidentSetSize of job (KB)
...
006 (10216337.002.000) 07/17 01:14:47 Image size of job updated: 1962212
	1902  -  MemoryUsage of job (MB)
	1947224  -  ResidentSetSize of job (KB)
...
006 (10216337.002.000) 07/17 02:24:53 Image size of job updated: 1966620
	1908  -  MemoryUsage of job (MB)
	1953124  -  ResidentSetSize of job (KB)
...
006 (10216337.002.000) 07/17 02:29:53 Image size of job updated: 1983632
	1908  -  MemoryUsage of job (MB)
	1953124  -  ResidentSetSize of job (KB)
...
006 (10216337.002.000) 07/17 02:34:54 Image size of job updated: 1983632
	1917  -  MemoryUsage of job (MB)
	1962316  -  ResidentSetSize of job (KB)
...
006 (10216337.002.000) 07/17 02:39:55 Image size of job updated: 1986780
	1917  -  MemoryUsage of job (MB)
	1962316  -  ResidentSetSize of job (KB)
...
006 (10216337.002.000) 07/17 03:04:57 Image size of job updated: 2036872
	1951  -  MemoryUsage of job (MB)
	1997232  -  ResidentSetSize of job (KB)
...
006 (10216337.002.000) 07/17 03:35:01 Image size of job updated: 2060016
	1951  -  MemoryUsage of job (MB)
	1997232  -  ResidentSetSize of job (KB)
...
006 (10216337.002.000) 07/17 03:45:02 Image size of job updated: 2079760
	2019  -  MemoryUsage of job (MB)
	2067256  -  ResidentSetSize of job (KB)
...
006 (10216337.002.000) 07/17 03:50:03 Image size of job updated: 2095444
	2019  -  MemoryUsage of job (MB)
	2067256  -  ResidentSetSize of job (KB)
...
006 (10216337.002.000) 07/17 03:55:03 Image size of job updated: 2095444
	2022  -  MemoryUsage of job (MB)
	2069696  -  ResidentSetSize of job (KB)
...
006 (10216337.002.000) 07/17 04:00:03 Image size of job updated: 2101528
	2028  -  MemoryUsage of job (MB)
	2076660  -  ResidentSetSize of job (KB)
...
006 (10216337.002.000) 07/17 04:15:04 Image size of job updated: 2102464
	2028  -  MemoryUsage of job (MB)
	2076660  -  ResidentSetSize of job (KB)
...
006 (10216337.002.000) 07/17 04:20:05 Image size of job updated: 2157112
	2070  -  MemoryUsage of job (MB)
	2119472  -  ResidentSetSize of job (KB)
...
006 (10216337.002.000) 07/17 04:25:06 Image size of job updated: 2157112
	2077  -  MemoryUsage of job (MB)
	2125868  -  ResidentSetSize of job (KB)
...
006 (10216337.002.000) 07/17 04:30:06 Image size of job updated: 2157748
	2082  -  MemoryUsage of job (MB)
	2131524  -  ResidentSetSize of job (KB)
...
006 (10216337.002.000) 07/17 04:40:08 Image size of job updated: 2157748
	2090  -  MemoryUsage of job (MB)
	2139372  -  ResidentSetSize of job (KB)
...
006 (10216337.002.000) 07/17 04:55:10 Image size of job updated: 2211108
	2133  -  MemoryUsage of job (MB)
	2183284  -  ResidentSetSize of job (KB)
...
006 (10216337.002.000) 07/17 05:00:10 Image size of job updated: 2217820
	2133  -  MemoryUsage of job (MB)
	2183284  -  ResidentSetSize of job (KB)
...
006 (10216337.002.000) 07/17 05:05:10 Image size of job updated: 2221124
	2133  -  MemoryUsage of job (MB)
	2183284  -  ResidentSetSize of job (KB)
...
006 (10216337.002.000) 07/17 05:10:11 Image size of job updated: 2221124
	2138  -  MemoryUsage of job (MB)
	2189144  -  ResidentSetSize of job (KB)
...
006 (10216337.002.000) 07/17 05:35:13 Image size of job updated: 2273952
	2205  -  MemoryUsage of job (MB)
	2257608  -  ResidentSetSize of job (KB)
...
006 (10216337.002.000) 07/17 05:40:14 Image size of job updated: 2290164
	2205  -  MemoryUsage of job (MB)
	2257608  -  ResidentSetSize of job (KB)
...
006 (10216337.002.000) 07/17 06:05:17 Image size of job updated: 2296668
	2207  -  MemoryUsage of job (MB)
	2259720  -  ResidentSetSize of job (KB)
...
006 (10216337.002.000) 07/17 06:10:17 Image size of job updated: 2296668
	2213  -  MemoryUsage of job (MB)
	2265384  -  ResidentSetSize of job (KB)
...
006 (10216337.002.000) 07/17 06:15:19 Image size of job updated: 2339864
	2265  -  MemoryUsage of job (MB)
	2319084  -  ResidentSetSize of job (KB)
...
006 (10216337.002.000) 07/17 06:20:19 Image size of job updated: 2341912
	2265  -  MemoryUsage of job (MB)
	2319084  -  ResidentSetSize of job (KB)
...
006 (10216337.002.000) 07/17 06:25:19 Image size of job updated: 2353300
	2265  -  MemoryUsage of job (MB)
	2319084  -  ResidentSetSize of job (KB)
...
006 (10216337.002.000) 07/17 06:30:20 Image size of job updated: 2360540
	2279  -  MemoryUsage of job (MB)
	2332692  -  ResidentSetSize of job (KB)
...
006 (10216337.002.000) 07/17 06:40:21 Image size of job updated: 2360540
	2280  -  MemoryUsage of job (MB)
	2333764  -  ResidentSetSize of job (KB)
...
006 (10216337.002.000) 07/17 06:45:21 Image size of job updated: 2363064
	2281  -  MemoryUsage of job (MB)
	2335160  -  ResidentSetSize of job (KB)
...
006 (10216337.002.000) 07/17 06:50:22 Image size of job updated: 2364016
	2281  -  MemoryUsage of job (MB)
	2335160  -  ResidentSetSize of job (KB)
...
006 (10216337.002.000) 07/17 06:55:23 Image size of job updated: 2424552
	2335  -  MemoryUsage of job (MB)
	2390104  -  ResidentSetSize of job (KB)
...
006 (10216337.002.000) 07/17 07:00:23 Image size of job updated: 2432384
	2353  -  MemoryUsage of job (MB)
	2409228  -  ResidentSetSize of job (KB)
...
006 (10216337.002.000) 07/17 07:25:26 Image size of job updated: 2439500
	2379  -  MemoryUsage of job (MB)
	2436024  -  ResidentSetSize of job (KB)
...
006 (10216337.002.000) 07/17 07:30:27 Image size of job updated: 2439748
	2379  -  MemoryUsage of job (MB)
	2436024  -  ResidentSetSize of job (KB)
...
006 (10216337.002.000) 07/17 07:35:27 Image size of job updated: 2473992
	2406  -  MemoryUsage of job (MB)
	2463608  -  ResidentSetSize of job (KB)
...
006 (10216337.002.000) 07/17 07:40:28 Image size of job updated: 2500576
	2406  -  MemoryUsage of job (MB)
	2463608  -  ResidentSetSize of job (KB)
...
006 (10216337.002.000) 07/17 07:45:29 Image size of job updated: 2500576
	2411  -  MemoryUsage of job (MB)
	2468436  -  ResidentSetSize of job (KB)
...
006 (10216337.002.000) 07/17 07:55:29 Image size of job updated: 2500576
	2414  -  MemoryUsage of job (MB)
	2471876  -  ResidentSetSize of job (KB)
...
006 (10216337.002.000) 07/17 08:00:30 Image size of job updated: 2500576
	2416  -  MemoryUsage of job (MB)
	2473264  -  ResidentSetSize of job (KB)
...
006 (10216337.002.000) 07/17 08:05:31 Image size of job updated: 2500576
	2424  -  MemoryUsage of job (MB)
	2481320  -  ResidentSetSize of job (KB)
...
006 (10216337.002.000) 07/17 08:10:31 Image size of job updated: 2501500
	2424  -  MemoryUsage of job (MB)
	2481320  -  ResidentSetSize of job (KB)
...
006 (10216337.002.000) 07/17 08:20:32 Image size of job updated: 2571356
	2481  -  MemoryUsage of job (MB)
	2540420  -  ResidentSetSize of job (KB)
...
006 (10216337.002.000) 07/17 08:30:33 Image size of job updated: 2573172
	2481  -  MemoryUsage of job (MB)
	2540420  -  ResidentSetSize of job (KB)
...
006 (10216337.002.000) 07/17 08:40:34 Image size of job updated: 2573172
	2502  -  MemoryUsage of job (MB)
	2561044  -  ResidentSetSize of job (KB)
...
006 (10216337.002.000) 07/17 08:55:36 Image size of job updated: 2586088
	2502  -  MemoryUsage of job (MB)
	2561044  -  ResidentSetSize of job (KB)
...
006 (10216337.002.000) 07/17 09:00:37 Image size of job updated: 2624876
	2548  -  MemoryUsage of job (MB)
	2609060  -  ResidentSetSize of job (KB)
...
006 (10216337.002.000) 07/17 09:05:37 Image size of job updated: 2637384
	2548  -  MemoryUsage of job (MB)
	2609060  -  ResidentSetSize of job (KB)
...
006 (10216337.002.000) 07/17 09:10:37 Image size of job updated: 2637760
	2553  -  MemoryUsage of job (MB)
	2613864  -  ResidentSetSize of job (KB)
...
006 (10216337.002.000) 07/17 09:15:38 Image size of job updated: 2645324
	2553  -  MemoryUsage of job (MB)
	2613864  -  ResidentSetSize of job (KB)
...
006 (10216337.002.000) 07/17 09:30:39 Image size of job updated: 2645324
	2565  -  MemoryUsage of job (MB)
	2626372  -  ResidentSetSize of job (KB)
...
006 (10216337.002.000) 07/17 09:40:40 Image size of job updated: 2710088
	2605  -  MemoryUsage of job (MB)
	2667420  -  ResidentSetSize of job (KB)
...
006 (10216337.002.000) 07/17 09:45:41 Image size of job updated: 2710088
	2616  -  MemoryUsage of job (MB)
	2677988  -  ResidentSetSize of job (KB)
...
006 (10216337.002.000) 07/17 10:10:43 Image size of job updated: 2710796
	2623  -  MemoryUsage of job (MB)
	2685016  -  ResidentSetSize of job (KB)
...
006 (10216337.002.000) 07/17 10:15:43 Image size of job updated: 2767508
	2688  -  MemoryUsage of job (MB)
	2751556  -  ResidentSetSize of job (KB)
...
006 (10216337.002.000) 07/17 10:20:44 Image size of job updated: 2774836
	2688  -  MemoryUsage of job (MB)
	2751660  -  ResidentSetSize of job (KB)
...
006 (10216337.002.000) 07/17 10:25:44 Image size of job updated: 2781748
	2698  -  MemoryUsage of job (MB)
	2762292  -  ResidentSetSize of job (KB)
...
006 (10216337.002.000) 07/17 10:30:44 Image size of job updated: 2787808
	2698  -  MemoryUsage of job (MB)
	2762292  -  ResidentSetSize of job (KB)
...
006 (10216337.002.000) 07/17 10:40:46 Image size of job updated: 2794476
	2698  -  MemoryUsage of job (MB)
	2762292  -  ResidentSetSize of job (KB)
...
006 (10216337.002.000) 07/17 10:50:47 Image size of job updated: 2794476
	2715  -  MemoryUsage of job (MB)
	2779820  -  ResidentSetSize of job (KB)
...
006 (10216337.002.000) 07/17 11:00:48 Image size of job updated: 2837260
	2746  -  MemoryUsage of job (MB)
	2810916  -  ResidentSetSize of job (KB)
...
006 (10216337.002.000) 07/17 11:05:48 Image size of job updated: 2842756
	2747  -  MemoryUsage of job (MB)
	2812220  -  ResidentSetSize of job (KB)
...
006 (10216337.002.000) 07/17 11:10:49 Image size of job updated: 2842756
	2756  -  MemoryUsage of job (MB)
	2821196  -  ResidentSetSize of job (KB)
...
006 (10216337.002.000) 07/17 11:15:49 Image size of job updated: 2856616
	2756  -  MemoryUsage of job (MB)
	2821196  -  ResidentSetSize of job (KB)
...
006 (10216337.002.000) 07/17 11:25:50 Image size of job updated: 2856616
	2757  -  MemoryUsage of job (MB)
	2822232  -  ResidentSetSize of job (KB)
...
006 (10216337.002.000) 07/17 11:30:51 Image size of job updated: 2857364
	2766  -  MemoryUsage of job (MB)
	2832188  -  ResidentSetSize of job (KB)
...
006 (10216337.002.000) 07/17 11:35:51 Image size of job updated: 2904876
	2820  -  MemoryUsage of job (MB)
	2886956  -  ResidentSetSize of job (KB)
...
006 (10216337.002.000) 07/17 11:40:52 Image size of job updated: 2925060
	2823  -  MemoryUsage of job (MB)
	2890716  -  ResidentSetSize of job (KB)
...
006 (10216337.002.000) 07/17 11:50:53 Image size of job updated: 2925060
	2827  -  MemoryUsage of job (MB)
	2894728  -  ResidentSetSize of job (KB)
...
006 (10216337.002.000) 07/17 11:55:53 Image size of job updated: 2933068
	2832  -  MemoryUsage of job (MB)
	2899872  -  ResidentSetSize of job (KB)
...
006 (10216337.002.000) 07/17 12:00:54 Image size of job updated: 2933688
	2838  -  MemoryUsage of job (MB)
	2905776  -  ResidentSetSize of job (KB)
...
006 (10216337.002.000) 07/17 12:10:55 Image size of job updated: 2937016
	2848  -  MemoryUsage of job (MB)
	2915412  -  ResidentSetSize of job (KB)
...
006 (10216337.002.000) 07/17 12:15:55 Image size of job updated: 2937608
	2848  -  MemoryUsage of job (MB)
	2915412  -  ResidentSetSize of job (KB)
...
006 (10216337.002.000) 07/17 12:20:56 Image size of job updated: 3005148
	2914  -  MemoryUsage of job (MB)
	2983388  -  ResidentSetSize of job (KB)
...
006 (10216337.002.000) 07/17 12:50:59 Image size of job updated: 3005148
	2921  -  MemoryUsage of job (MB)
	2990392  -  ResidentSetSize of job (KB)
...
006 (10216337.002.000) 07/17 12:56:00 Image size of job updated: 3048784
	2964  -  MemoryUsage of job (MB)
	3034800  -  ResidentSetSize of job (KB)
...
006 (10216337.002.000) 07/17 13:01:00 Image size of job updated: 3048784
	2964  -  MemoryUsage of job (MB)
	3034836  -  ResidentSetSize of job (KB)
...
006 (10216337.002.000) 07/17 13:06:01 Image size of job updated: 3055112
	2967  -  MemoryUsage of job (MB)
	3037476  -  ResidentSetSize of job (KB)
...
006 (10216337.002.000) 07/17 13:11:02 Image size of job updated: 3060956
	2967  -  MemoryUsage of job (MB)
	3037476  -  ResidentSetSize of job (KB)
...
006 (10216337.002.000) 07/17 13:16:02 Image size of job updated: 3060956
	2969  -  MemoryUsage of job (MB)
	3039652  -  ResidentSetSize of job (KB)
...
006 (10216337.002.000) 07/17 13:21:02 Image size of job updated: 3103864
	3017  -  MemoryUsage of job (MB)
	3088652  -  ResidentSetSize of job (KB)
...
006 (10216337.002.000) 07/17 13:26:03 Image size of job updated: 3111492
	3019  -  MemoryUsage of job (MB)
	3090508  -  ResidentSetSize of job (KB)
...
006 (10216337.002.000) 07/17 13:31:04 Image size of job updated: 3118888
	3019  -  MemoryUsage of job (MB)
	3090508  -  ResidentSetSize of job (KB)
...
006 (10216337.002.000) 07/17 13:36:04 Image size of job updated: 3118888
	3032  -  MemoryUsage of job (MB)
	3103772  -  ResidentSetSize of job (KB)
...
006 (10216337.002.000) 07/17 13:51:06 Image size of job updated: 3188352
	3088  -  MemoryUsage of job (MB)
	3161832  -  ResidentSetSize of job (KB)
...
006 (10216337.002.000) 07/17 13:56:06 Image size of job updated: 3188352
	3089  -  MemoryUsage of job (MB)
	3162984  -  ResidentSetSize of job (KB)
...
006 (10216337.002.000) 07/17 14:06:08 Image size of job updated: 3188568
	3111  -  MemoryUsage of job (MB)
	3185436  -  ResidentSetSize of job (KB)
...
006 (10216337.002.000) 07/17 14:11:08 Image size of job updated: 3198232
	3111  -  MemoryUsage of job (MB)
	3185436  -  ResidentSetSize of job (KB)
...
006 (10216337.002.000) 07/17 14:16:08 Image size of job updated: 3229076
	3151  -  MemoryUsage of job (MB)
	3225612  -  ResidentSetSize of job (KB)
...
006 (10216337.002.000) 07/17 14:21:09 Image size of job updated: 3254768
	3151  -  MemoryUsage of job (MB)
	3225612  -  ResidentSetSize of job (KB)
...
006 (10216337.002.000) 07/17 14:21:45 Image size of job updated: 3312236
	3151  -  MemoryUsage of job (MB)
	3225612  -  ResidentSetSize of job (KB)
...
040 (10216337.002.000) 07/17 14:21:45 Started transferring output files
...
040 (10216337.002.000) 07/17 14:21:45 Finished transferring output files
...
005 (10216337.002.000) 07/17 14:21:45 Job terminated.
	(1) Normal termination (return value 0)
		Usr 0 09:17:03, Sys 0 00:13:38  -  Run Remote Usage
		Usr 0 00:00:00, Sys 0 00:00:00  -  Run Local Usage
		Usr 0 09:17:03, Sys 0 00:13:38  -  Total Remote Usage
		Usr 0 00:00:00, Sys 0 00:00:00  -  Total Local Usage
	2613151  -  Run Bytes Sent By Job
	804576  -  Run Bytes Received By Job
	2613151  -  Total Bytes Sent By Job
	804576  -  Total Bytes Received By Job
	Partitionable Resources :    Usage  Request Allocated 
	   Cpus                 :     0.42        8         8 
	   Disk (KB)            :  3359        1000   2940992 
	   Memory (MB)          :  3151       16000     16000 

	Job terminated of its own accord at 2024-07-17T12:21:45Z with exit-code 0.
...
