000 (10215340.000.000) 07/16 14:27:31 Job submitted from host: <188.185.114.121:9618?addrs=188.185.114.121-9618+[2001-1458-d00-a--100-273]-9618&alias=bigbird19.cern.ch&noUDP&sock=schedd_4961_696e>
...
040 (10215340.000.000) 07/16 14:32:30 Started transferring input files
	Transferring to host: <128.142.60.164:9618?addrs=128.142.60.164-9618+[2001-1458-301-22--100-a3]-9618&alias=b9s05p0387.cern.ch&noUDP&sock=slot1_2_3492512_66bf_60371>
...
040 (10215340.000.000) 07/16 14:32:30 Finished transferring input files
...
001 (10215340.000.000) 07/16 14:32:31 Job executing on host: <128.142.60.164:9618?addrs=128.142.60.164-9618+[2001-1458-301-22--100-a3]-9618&alias=b9s05p0387.cern.ch&noUDP&sock=startd_3957837_8fcc>
	SlotName: slot1_2@b9s05p0387.cern.ch
	CondorScratchDir = "/pool/condor/dir_3080770"
	Cpus = 1
	Disk = 2992530
	Memory = 2000
...
006 (10215340.000.000) 07/16 14:32:31 Image size of job updated: 7516
	3  -  MemoryUsage of job (MB)
	2544  -  ResidentSetSize of job (KB)
...
040 (10215340.000.000) 07/16 14:32:31 Started transferring output files
...
040 (10215340.000.000) 07/16 14:32:31 Finished transferring output files
...
005 (10215340.000.000) 07/16 14:32:31 Job terminated.
	(1) Normal termination (return value 0)
		Usr 0 00:00:00, Sys 0 00:00:00  -  Run Remote Usage
		Usr 0 00:00:00, Sys 0 00:00:00  -  Run Local Usage
		Usr 0 00:00:00, Sys 0 00:00:00  -  Total Remote Usage
		Usr 0 00:00:00, Sys 0 00:00:00  -  Total Local Usage
	0  -  Run Bytes Sent By Job
	3264  -  Run Bytes Received By Job
	0  -  Total Bytes Sent By Job
	3264  -  Total Bytes Received By Job
	Partitionable Resources :    Usage  Request Allocated 
	   Cpus                 :        0        1         1 
	   Disk (KB)            :       27        4   2992530 
	   Memory (MB)          :        3     2000      2000 

	Job terminated of its own accord at 2024-07-16T12:32:31Z with exit-code 0.
...
000 (10215935.000.000) 07/16 14:57:13 Job submitted from host: <188.185.114.121:9618?addrs=188.185.114.121-9618+[2001-1458-d00-a--100-273]-9618&alias=bigbird19.cern.ch&noUDP&sock=schedd_4961_696e>
...
040 (10215935.000.000) 07/16 14:58:53 Started transferring input files
	Transferring to host: <128.142.63.68:9618?addrs=128.142.63.68-9618+[2001-1458-301-38--100-41]-9618&alias=b9s08p6061.cern.ch&noUDP&sock=slot1_23_4341_608a_21270>
...
040 (10215935.000.000) 07/16 14:58:53 Finished transferring input files
...
001 (10215935.000.000) 07/16 14:58:54 Job executing on host: <128.142.63.68:9618?addrs=128.142.63.68-9618+[2001-1458-301-38--100-41]-9618&alias=b9s08p6061.cern.ch&noUDP&sock=startd_3566_8ed0>
	SlotName: slot1_23@b9s08p6061.cern.ch
	CondorScratchDir = "/pool/condor/dir_1519631"
	Cpus = 1
	Disk = 2916804
	Memory = 2000
...
006 (10215935.000.000) 07/16 14:58:55 Image size of job updated: 5892
	1  -  MemoryUsage of job (MB)
	992  -  ResidentSetSize of job (KB)
...
040 (10215935.000.000) 07/16 14:58:55 Started transferring output files
...
040 (10215935.000.000) 07/16 14:58:55 Finished transferring output files
...
005 (10215935.000.000) 07/16 14:58:55 Job terminated.
	(1) Normal termination (return value 0)
		Usr 0 00:00:00, Sys 0 00:00:00  -  Run Remote Usage
		Usr 0 00:00:00, Sys 0 00:00:00  -  Run Local Usage
		Usr 0 00:00:00, Sys 0 00:00:00  -  Total Remote Usage
		Usr 0 00:00:00, Sys 0 00:00:00  -  Total Local Usage
	0  -  Run Bytes Sent By Job
	3264  -  Run Bytes Received By Job
	0  -  Total Bytes Sent By Job
	3264  -  Total Bytes Received By Job
	Partitionable Resources :    Usage  Request Allocated 
	   Cpus                 :        0        1         1 
	   Disk (KB)            :       28        4   2916804 
	   Memory (MB)          :        1     2000      2000 

	Job terminated of its own accord at 2024-07-16T12:58:55Z with exit-code 0.
...
000 (10215969.000.000) 07/16 15:08:58 Job submitted from host: <188.185.114.121:9618?addrs=188.185.114.121-9618+[2001-1458-d00-a--100-273]-9618&alias=bigbird19.cern.ch&noUDP&sock=schedd_4961_696e>
...
040 (10215969.000.000) 07/16 15:12:15 Started transferring input files
	Transferring to host: <188.185.194.65:9618?addrs=188.185.194.65-9618+[2001-1458-303-21--100-3d]-9618&alias=b9p20p5952.cern.ch&noUDP&sock=slot1_12_187415_925e_16649>
...
040 (10215969.000.000) 07/16 15:12:15 Finished transferring input files
...
001 (10215969.000.000) 07/16 15:12:16 Job executing on host: <188.185.194.65:9618?addrs=188.185.194.65-9618+[2001-1458-303-21--100-3d]-9618&alias=b9p20p5952.cern.ch&noUDP&sock=startd_177727_848d>
	SlotName: slot1_12@b9p20p5952.cern.ch
	CondorScratchDir = "/pool/condor/dir_1244505"
	Cpus = 1
	Disk = 3060646
	Memory = 2000
...
006 (10215969.000.000) 07/16 15:12:16 Image size of job updated: 13272
	2  -  MemoryUsage of job (MB)
	1364  -  ResidentSetSize of job (KB)
...
040 (10215969.000.000) 07/16 15:12:16 Started transferring output files
...
040 (10215969.000.000) 07/16 15:12:16 Finished transferring output files
...
005 (10215969.000.000) 07/16 15:12:16 Job terminated.
	(1) Normal termination (return value 0)
		Usr 0 00:00:00, Sys 0 00:00:00  -  Run Remote Usage
		Usr 0 00:00:00, Sys 0 00:00:00  -  Run Local Usage
		Usr 0 00:00:00, Sys 0 00:00:00  -  Total Remote Usage
		Usr 0 00:00:00, Sys 0 00:00:00  -  Total Local Usage
	211  -  Run Bytes Sent By Job
	3258  -  Run Bytes Received By Job
	211  -  Total Bytes Sent By Job
	3258  -  Total Bytes Received By Job
	Partitionable Resources :    Usage  Request Allocated 
	   Cpus                 :        0        1         1 
	   Disk (KB)            :       28        4   3060646 
	   Memory (MB)          :        2     2000      2000 

	Job terminated of its own accord at 2024-07-16T13:12:16Z with exit-code 0.
...
000 (10216037.000.000) 07/16 15:17:36 Job submitted from host: <188.185.114.121:9618?addrs=188.185.114.121-9618+[2001-1458-d00-a--100-273]-9618&alias=bigbird19.cern.ch&noUDP&sock=schedd_4961_696e>
...
040 (10216037.000.000) 07/16 15:22:47 Started transferring input files
	Transferring to host: <128.142.60.133:9618?addrs=128.142.60.133-9618+[2001-1458-301-22--100-84]-9618&alias=b9s05p0039.cern.ch&noUDP&sock=slot1_1_418715_589c_59090>
...
040 (10216037.000.000) 07/16 15:22:47 Finished transferring input files
...
001 (10216037.000.000) 07/16 15:22:48 Job executing on host: <128.142.60.133:9618?addrs=128.142.60.133-9618+[2001-1458-301-22--100-84]-9618&alias=b9s05p0039.cern.ch&noUDP&sock=startd_45439_f3f9>
	SlotName: slot1_1@b9s05p0039.cern.ch
	CondorScratchDir = "/pool/condor/dir_2477496"
	Cpus = 1
	Disk = 2991480
	Memory = 2000
...
006 (10216037.000.000) 07/16 15:22:49 Image size of job updated: 5808
	1  -  MemoryUsage of job (MB)
	816  -  ResidentSetSize of job (KB)
...
040 (10216037.000.000) 07/16 15:22:49 Started transferring output files
...
040 (10216037.000.000) 07/16 15:22:49 Finished transferring output files
...
005 (10216037.000.000) 07/16 15:22:49 Job terminated.
	(1) Normal termination (return value 0)
		Usr 0 00:00:00, Sys 0 00:00:00  -  Run Remote Usage
		Usr 0 00:00:00, Sys 0 00:00:00  -  Run Local Usage
		Usr 0 00:00:00, Sys 0 00:00:00  -  Total Remote Usage
		Usr 0 00:00:00, Sys 0 00:00:00  -  Total Local Usage
	106  -  Run Bytes Sent By Job
	3260  -  Run Bytes Received By Job
	106  -  Total Bytes Sent By Job
	3260  -  Total Bytes Received By Job
	Partitionable Resources :    Usage  Request Allocated 
	   Cpus                 :        0        1         1 
	   Disk (KB)            :       27        4   2991480 
	   Memory (MB)          :        1     2000      2000 

	Job terminated of its own accord at 2024-07-16T13:22:49Z with exit-code 0.
...
000 (10216170.000.000) 07/16 15:29:22 Job submitted from host: <188.185.114.121:9618?addrs=188.185.114.121-9618+[2001-1458-d00-a--100-273]-9618&alias=bigbird19.cern.ch&noUDP&sock=schedd_4961_696e>
...
040 (10216170.000.000) 07/16 15:34:10 Started transferring input files
	Transferring to host: <128.142.248.42:9618?addrs=128.142.248.42-9618+[2001-1458-301-73--100-11a]-9618&alias=b9g23p2144.cern.ch&noUDP&sock=slot1_39_2075005_7c74_14280>
...
040 (10216170.000.000) 07/16 15:34:10 Finished transferring input files
...
001 (10216170.000.000) 07/16 15:34:11 Job executing on host: <128.142.248.42:9618?addrs=128.142.248.42-9618+[2001-1458-301-73--100-11a]-9618&alias=b9g23p2144.cern.ch&noUDP&sock=startd_118633_f2f2>
	SlotName: slot1_39@b9g23p2144.cern.ch
	CondorScratchDir = "/pool/condor/dir_2703503"
	Cpus = 1
	Disk = 2952134
	Memory = 2000
...
006 (10216170.000.000) 07/16 15:34:12 Image size of job updated: 14276
	3  -  MemoryUsage of job (MB)
	2484  -  ResidentSetSize of job (KB)
...
040 (10216170.000.000) 07/16 15:34:12 Started transferring output files
...
040 (10216170.000.000) 07/16 15:34:12 Finished transferring output files
...
005 (10216170.000.000) 07/16 15:34:12 Job terminated.
	(1) Normal termination (return value 0)
		Usr 0 00:00:00, Sys 0 00:00:00  -  Run Remote Usage
		Usr 0 00:00:00, Sys 0 00:00:00  -  Run Local Usage
		Usr 0 00:00:00, Sys 0 00:00:00  -  Total Remote Usage
		Usr 0 00:00:00, Sys 0 00:00:00  -  Total Local Usage
	211  -  Run Bytes Sent By Job
	3258  -  Run Bytes Received By Job
	211  -  Total Bytes Sent By Job
	3258  -  Total Bytes Received By Job
	Partitionable Resources :    Usage  Request Allocated 
	   Cpus                 :                 1         1 
	   Disk (KB)            :       20        4   2952134 
	   Memory (MB)          :        3     2000      2000 

	Job terminated of its own accord at 2024-07-16T13:34:12Z with exit-code 0.
...
000 (10216279.000.000) 07/16 15:43:36 Job submitted from host: <188.185.114.121:9618?addrs=188.185.114.121-9618+[2001-1458-d00-a--100-273]-9618&alias=bigbird19.cern.ch&noUDP&sock=schedd_4961_696e>
...
040 (10216279.000.000) 07/16 15:47:36 Started transferring input files
	Transferring to host: <128.142.60.63:9618?addrs=128.142.60.63-9618+[2001-1458-301-22--100-3e]-9618&alias=b9s05p4470.cern.ch&noUDP&sock=slot1_18_1796877_2646_87626>
...
040 (10216279.000.000) 07/16 15:47:36 Finished transferring input files
...
001 (10216279.000.000) 07/16 15:47:37 Job executing on host: <128.142.60.63:9618?addrs=128.142.60.63-9618+[2001-1458-301-22--100-3e]-9618&alias=b9s05p4470.cern.ch&noUDP&sock=startd_2945_9a80>
	SlotName: slot1_18@b9s05p4470.cern.ch
	CondorScratchDir = "/pool/condor/dir_173980"
	Cpus = 1
	Disk = 2895748
	Memory = 2000
...
006 (10216279.000.000) 07/16 15:47:40 Image size of job updated: 50524
	17  -  MemoryUsage of job (MB)
	16564  -  ResidentSetSize of job (KB)
...
040 (10216279.000.000) 07/16 15:47:40 Started transferring output files
...
040 (10216279.000.000) 07/16 15:47:40 Finished transferring output files
...
005 (10216279.000.000) 07/16 15:47:40 Job terminated.
	(1) Normal termination (return value 0)
		Usr 0 00:00:00, Sys 0 00:00:00  -  Run Remote Usage
		Usr 0 00:00:00, Sys 0 00:00:00  -  Run Local Usage
		Usr 0 00:00:00, Sys 0 00:00:00  -  Total Remote Usage
		Usr 0 00:00:00, Sys 0 00:00:00  -  Total Local Usage
	608  -  Run Bytes Sent By Job
	3307  -  Run Bytes Received By Job
	608  -  Total Bytes Sent By Job
	3307  -  Total Bytes Received By Job
	Partitionable Resources :    Usage  Request Allocated 
	   Cpus                 :                 1         1 
	   Disk (KB)            :      836        4   2895748 
	   Memory (MB)          :       17     2000      2000 

	Job terminated of its own accord at 2024-07-16T13:47:40Z with exit-code 0.
...
000 (10216283.000.000) 07/16 15:50:30 Job submitted from host: <188.185.114.121:9618?addrs=188.185.114.121-9618+[2001-1458-d00-a--100-273]-9618&alias=bigbird19.cern.ch&noUDP&sock=schedd_4961_696e>
...
040 (10216283.000.000) 07/16 15:52:39 Started transferring input files
	Transferring to host: <128.142.161.83:9618?addrs=128.142.161.83-9618+[2001-1458-301-b8--100-11]-9618&alias=b9g03p4706.cern.ch&noUDP&sock=slot1_10_826096_1d32_5134>
...
040 (10216283.000.000) 07/16 15:52:39 Finished transferring input files
...
001 (10216283.000.000) 07/16 15:52:40 Job executing on host: <128.142.161.83:9618?addrs=128.142.161.83-9618+[2001-1458-301-b8--100-11]-9618&alias=b9g03p4706.cern.ch&noUDP&sock=startd_5907_4a05>
	SlotName: slot1_10@b9g03p4706.cern.ch
	CondorScratchDir = "/pool/condor/dir_1559720"
	Cpus = 1
	Disk = 3231027
	Memory = 2000
...
006 (10216283.000.000) 07/16 15:52:48 Image size of job updated: 4
	0  -  MemoryUsage of job (MB)
	0  -  ResidentSetSize of job (KB)
...
006 (10216283.000.000) 07/16 15:53:10 Image size of job updated: 81612
	51  -  MemoryUsage of job (MB)
	51860  -  ResidentSetSize of job (KB)
...
040 (10216283.000.000) 07/16 15:53:10 Started transferring output files
...
040 (10216283.000.000) 07/16 15:53:10 Finished transferring output files
...
005 (10216283.000.000) 07/16 15:53:10 Job terminated.
	(1) Normal termination (return value 0)
		Usr 0 00:00:01, Sys 0 00:00:01  -  Run Remote Usage
		Usr 0 00:00:00, Sys 0 00:00:00  -  Run Local Usage
		Usr 0 00:00:01, Sys 0 00:00:01  -  Total Remote Usage
		Usr 0 00:00:00, Sys 0 00:00:00  -  Total Local Usage
	773  -  Run Bytes Sent By Job
	3307  -  Run Bytes Received By Job
	773  -  Total Bytes Sent By Job
	3307  -  Total Bytes Received By Job
	Partitionable Resources :    Usage  Request Allocated 
	   Cpus                 :        0        1         1 
	   Disk (KB)            :      865        4   3231027 
	   Memory (MB)          :       51     2000      2000 

	Job terminated of its own accord at 2024-07-16T13:53:10Z with exit-code 0.
...
000 (10216311.000.000) 07/16 16:06:18 Job submitted from host: <188.185.114.121:9618?addrs=188.185.114.121-9618+[2001-1458-d00-a--100-273]-9618&alias=bigbird19.cern.ch&noUDP&sock=schedd_4961_696e>
...
040 (10216311.000.000) 07/16 16:08:06 Started transferring input files
	Transferring to host: <128.142.248.84:9618?addrs=128.142.248.84-9618+[2001-1458-301-73--100-144]-9618&alias=b9g23p6084.cern.ch&noUDP&sock=slot1_12_1794279_9f9d_10928>
...
040 (10216311.000.000) 07/16 16:08:06 Finished transferring input files
...
001 (10216311.000.000) 07/16 16:08:07 Job executing on host: <128.142.248.84:9618?addrs=128.142.248.84-9618+[2001-1458-301-73--100-144]-9618&alias=b9g23p6084.cern.ch&noUDP&sock=startd_118599_a0b9>
	SlotName: slot1_12@b9g23p6084.cern.ch
	CondorScratchDir = "/pool/condor/dir_416213"
	Cpus = 1
	Disk = 2909407
	Memory = 2000
...
006 (10216311.000.000) 07/16 16:08:15 Image size of job updated: 2116
	2  -  MemoryUsage of job (MB)
	1492  -  ResidentSetSize of job (KB)
...
006 (10216311.000.000) 07/16 16:10:38 Image size of job updated: 1102424
	544  -  MemoryUsage of job (MB)
	556344  -  ResidentSetSize of job (KB)
...
040 (10216311.000.000) 07/16 16:10:38 Started transferring output files
...
040 (10216311.000.000) 07/16 16:10:38 Finished transferring output files
...
005 (10216311.000.000) 07/16 16:10:38 Job terminated.
	(1) Normal termination (return value 0)
		Usr 0 00:01:16, Sys 0 00:00:03  -  Run Remote Usage
		Usr 0 00:00:00, Sys 0 00:00:00  -  Run Local Usage
		Usr 0 00:01:16, Sys 0 00:00:03  -  Total Remote Usage
		Usr 0 00:00:00, Sys 0 00:00:00  -  Total Local Usage
	934308  -  Run Bytes Sent By Job
	3321  -  Run Bytes Received By Job
	934308  -  Total Bytes Sent By Job
	3321  -  Total Bytes Received By Job
	Partitionable Resources :    Usage  Request Allocated 
	   Cpus                 :                 1         1 
	   Disk (KB)            :      929        4   2909407 
	   Memory (MB)          :      544     2000      2000 

	Job terminated of its own accord at 2024-07-16T14:10:38Z with exit-code 0.
...
000 (10216320.000.000) 07/16 16:13:42 Job submitted from host: <188.185.114.121:9618?addrs=188.185.114.121-9618+[2001-1458-d00-a--100-273]-9618&alias=bigbird19.cern.ch&noUDP&sock=schedd_4961_696e>
...
040 (10216320.000.000) 07/16 16:14:29 Started transferring input files
	Transferring to host: <188.185.195.11:9618?addrs=188.185.195.11-9618+[2001-1458-303-22--100-7]-9618&alias=b9p17p7276.cern.ch&noUDP&sock=slot1_16_2613961_be91_18697>
...
040 (10216320.000.000) 07/16 16:14:30 Finished transferring input files
...
001 (10216320.000.000) 07/16 16:14:31 Job executing on host: <188.185.195.11:9618?addrs=188.185.195.11-9618+[2001-1458-303-22--100-7]-9618&alias=b9p17p7276.cern.ch&noUDP&sock=startd_127950_a2d4>
	SlotName: slot1_16@b9p17p7276.cern.ch
	CondorScratchDir = "/pool/condor/dir_311979"
	Cpus = 1
	Disk = 3062076
	Memory = 2000
...
006 (10216320.000.000) 07/16 16:14:39 Image size of job updated: 164676
	161  -  MemoryUsage of job (MB)
	164424  -  ResidentSetSize of job (KB)
...
006 (10216320.000.000) 07/16 16:16:58 Image size of job updated: 1217832
	584  -  MemoryUsage of job (MB)
	597856  -  ResidentSetSize of job (KB)
...
040 (10216320.000.000) 07/16 16:16:58 Started transferring output files
...
040 (10216320.000.000) 07/16 16:16:58 Finished transferring output files
...
005 (10216320.000.000) 07/16 16:16:58 Job terminated.
	(1) Normal termination (return value 0)
		Usr 0 00:01:13, Sys 0 00:00:03  -  Run Remote Usage
		Usr 0 00:00:00, Sys 0 00:00:00  -  Run Local Usage
		Usr 0 00:01:13, Sys 0 00:00:03  -  Total Remote Usage
		Usr 0 00:00:00, Sys 0 00:00:00  -  Total Local Usage
	934308  -  Run Bytes Sent By Job
	803222  -  Run Bytes Received By Job
	934308  -  Total Bytes Sent By Job
	803222  -  Total Bytes Received By Job
	Partitionable Resources :    Usage  Request Allocated 
	   Cpus                 :        0        1         1 
	   Disk (KB)            :     1718     1000   3062076 
	   Memory (MB)          :      584     2000      2000 

	Job terminated of its own accord at 2024-07-16T14:16:58Z with exit-code 0.
...
000 (10216322.000.000) 07/16 16:20:28 Job submitted from host: <188.185.114.121:9618?addrs=188.185.114.121-9618+[2001-1458-d00-a--100-273]-9618&alias=bigbird19.cern.ch&noUDP&sock=schedd_4961_696e>
...
040 (10216322.000.000) 07/16 16:22:44 Started transferring input files
	Transferring to host: <128.142.161.114:9618?addrs=128.142.161.114-9618+[2001-1458-301-b8--100-30]-9618&alias=b9g03p3124.cern.ch&noUDP&sock=slot1_2_3076714_1873_1051>
...
040 (10216322.000.000) 07/16 16:22:44 Finished transferring input files
...
001 (10216322.000.000) 07/16 16:22:45 Job executing on host: <128.142.161.114:9618?addrs=128.142.161.114-9618+[2001-1458-301-b8--100-30]-9618&alias=b9g03p3124.cern.ch&noUDP&sock=startd_6041_33b6>
	SlotName: slot1_2@b9g03p3124.cern.ch
	CondorScratchDir = "/pool/condor/dir_3759423"
	Cpus = 1
	Disk = 3209823
	Memory = 2000
...
006 (10216322.000.000) 07/16 16:22:54 Image size of job updated: 700404
	684  -  MemoryUsage of job (MB)
	700400  -  ResidentSetSize of job (KB)
...
006 (10216322.000.000) 07/16 16:25:13 Image size of job updated: 2270908
	784  -  MemoryUsage of job (MB)
	801804  -  ResidentSetSize of job (KB)
...
040 (10216322.000.000) 07/16 16:25:13 Started transferring output files
...
040 (10216322.000.000) 07/16 16:25:13 Finished transferring output files
...
005 (10216322.000.000) 07/16 16:25:13 Job terminated.
	(1) Normal termination (return value 0)
		Usr 0 00:01:30, Sys 0 00:00:04  -  Run Remote Usage
		Usr 0 00:00:00, Sys 0 00:00:00  -  Run Local Usage
		Usr 0 00:01:30, Sys 0 00:00:04  -  Total Remote Usage
		Usr 0 00:00:00, Sys 0 00:00:00  -  Total Local Usage
	950847  -  Run Bytes Sent By Job
	803222  -  Run Bytes Received By Job
	950847  -  Total Bytes Sent By Job
	803222  -  Total Bytes Received By Job
	Partitionable Resources :    Usage  Request Allocated 
	   Cpus                 :                 1         1 
	   Disk (KB)            :     1726     1000   3209823 
	   Memory (MB)          :      784     2000      2000 

	Job terminated of its own accord at 2024-07-16T14:25:13Z with exit-code 0.
...
000 (10216324.000.000) 07/16 16:27:20 Job submitted from host: <188.185.114.121:9618?addrs=188.185.114.121-9618+[2001-1458-d00-a--100-273]-9618&alias=bigbird19.cern.ch&noUDP&sock=schedd_4961_696e>
...
040 (10216324.000.000) 07/16 16:31:41 Started transferring input files
	Transferring to host: <128.142.161.113:9618?addrs=128.142.161.113-9618+[2001-1458-301-b8--100-2f]-9618&alias=b9g03p5497.cern.ch&noUDP&sock=slot1_8_280168_737a_1139>
...
040 (10216324.000.000) 07/16 16:31:41 Finished transferring input files
...
001 (10216324.000.000) 07/16 16:31:42 Job executing on host: <128.142.161.113:9618?addrs=128.142.161.113-9618+[2001-1458-301-b8--100-2f]-9618&alias=b9g03p5497.cern.ch&noUDP&sock=startd_7638_9c75>
	SlotName: slot1_8@b9g03p5497.cern.ch
	CondorScratchDir = "/pool/condor/dir_3496030"
	Cpus = 1
	Disk = 3154870
	Memory = 2000
...
006 (10216324.000.000) 07/16 16:31:51 Image size of job updated: 240256
	233  -  MemoryUsage of job (MB)
	238512  -  ResidentSetSize of job (KB)
...
006 (10216324.000.000) 07/16 16:33:31 Image size of job updated: 629600
	233  -  MemoryUsage of job (MB)
	238512  -  ResidentSetSize of job (KB)
...
040 (10216324.000.000) 07/16 16:33:31 Started transferring output files
...
040 (10216324.000.000) 07/16 16:33:31 Finished transferring output files
...
005 (10216324.000.000) 07/16 16:33:31 Job terminated.
	(1) Normal termination (return value 0)
		Usr 0 00:01:16, Sys 0 00:00:02  -  Run Remote Usage
		Usr 0 00:00:00, Sys 0 00:00:00  -  Run Local Usage
		Usr 0 00:01:16, Sys 0 00:00:02  -  Total Remote Usage
		Usr 0 00:00:00, Sys 0 00:00:00  -  Total Local Usage
	934308  -  Run Bytes Sent By Job
	803222  -  Run Bytes Received By Job
	934308  -  Total Bytes Sent By Job
	803222  -  Total Bytes Received By Job
	Partitionable Resources :    Usage  Request Allocated 
	   Cpus                 :        0        1         1 
	   Disk (KB)            :     1718     1000   3154870 
	   Memory (MB)          :      233     2000      2000 

	Job terminated of its own accord at 2024-07-16T14:33:31Z with exit-code 0.
...
000 (10216330.000.000) 07/16 16:37:09 Job submitted from host: <188.185.114.121:9618?addrs=188.185.114.121-9618+[2001-1458-d00-a--100-273]-9618&alias=bigbird19.cern.ch&noUDP&sock=schedd_4961_696e>
...
040 (10216330.000.000) 07/16 16:38:58 Started transferring input files
	Transferring to host: <128.142.192.207:9618?addrs=128.142.192.207-9618+[2001-1458-301-56--100-4b]-9618&alias=b9g18p3814.cern.ch&noUDP&sock=slot1_19_1707733_231d_67960>
...
040 (10216330.000.000) 07/16 16:38:58 Finished transferring input files
...
001 (10216330.000.000) 07/16 16:38:59 Job executing on host: <128.142.192.207:9618?addrs=128.142.192.207-9618+[2001-1458-301-56--100-4b]-9618&alias=b9g18p3814.cern.ch&noUDP&sock=startd_5483_75de>
	SlotName: slot1_19@b9g18p3814.cern.ch
	CondorScratchDir = "/pool/condor/dir_2223455"
	Cpus = 1
	Disk = 2995396
	Memory = 2000
...
006 (10216330.000.000) 07/16 16:39:07 Image size of job updated: 669668
	654  -  MemoryUsage of job (MB)
	669660  -  ResidentSetSize of job (KB)
...
006 (10216330.000.000) 07/16 16:41:05 Image size of job updated: 1226484
	654  -  MemoryUsage of job (MB)
	669660  -  ResidentSetSize of job (KB)
...
040 (10216330.000.000) 07/16 16:41:05 Started transferring output files
...
040 (10216330.000.000) 07/16 16:41:05 Finished transferring output files
...
005 (10216330.000.000) 07/16 16:41:05 Job terminated.
	(1) Normal termination (return value 0)
		Usr 0 00:01:09, Sys 0 00:00:02  -  Run Remote Usage
		Usr 0 00:00:00, Sys 0 00:00:00  -  Run Local Usage
		Usr 0 00:01:09, Sys 0 00:00:02  -  Total Remote Usage
		Usr 0 00:00:00, Sys 0 00:00:00  -  Total Local Usage
	934308  -  Run Bytes Sent By Job
	803222  -  Run Bytes Received By Job
	934308  -  Total Bytes Sent By Job
	803222  -  Total Bytes Received By Job
	Partitionable Resources :    Usage  Request Allocated 
	   Cpus                 :     0.60        1         1 
	   Disk (KB)            :  1718        1000   2995396 
	   Memory (MB)          :   654        2000      2000 

	Job terminated of its own accord at 2024-07-16T14:41:05Z with exit-code 0.
...
000 (10216333.000.000) 07/16 16:43:48 Job submitted from host: <188.185.114.121:9618?addrs=188.185.114.121-9618+[2001-1458-d00-a--100-273]-9618&alias=bigbird19.cern.ch&noUDP&sock=schedd_4961_696e>
...
009 (10216333.000.000) 07/16 16:45:10 Job was aborted.
	via condor_rm (by user yelberke)
...
000 (10216335.000.000) 07/16 16:45:17 Job submitted from host: <188.185.114.121:9618?addrs=188.185.114.121-9618+[2001-1458-d00-a--100-273]-9618&alias=bigbird19.cern.ch&noUDP&sock=schedd_4961_696e>
...
040 (10216335.000.000) 07/16 16:46:32 Started transferring input files
	Transferring to host: <128.142.248.42:9618?addrs=128.142.248.42-9618+[2001-1458-301-73--100-11a]-9618&alias=b9g23p2144.cern.ch&noUDP&sock=slot1_4_2075005_7c74_14334>
...
040 (10216335.000.000) 07/16 16:46:32 Finished transferring input files
...
001 (10216335.000.000) 07/16 16:46:33 Job executing on host: <128.142.248.42:9618?addrs=128.142.248.42-9618+[2001-1458-301-73--100-11a]-9618&alias=b9g23p2144.cern.ch&noUDP&sock=startd_118633_f2f2>
	SlotName: slot1_4@b9g23p2144.cern.ch
	CondorScratchDir = "/pool/condor/dir_2740427"
	Cpus = 1
	Disk = 2950664
	Memory = 2000
...
006 (10216335.000.000) 07/16 16:46:42 Image size of job updated: 397408
	388  -  MemoryUsage of job (MB)
	396844  -  ResidentSetSize of job (KB)
...
006 (10216335.000.000) 07/16 16:48:59 Image size of job updated: 1091156
	473  -  MemoryUsage of job (MB)
	483848  -  ResidentSetSize of job (KB)
...
040 (10216335.000.000) 07/16 16:48:59 Started transferring output files
...
040 (10216335.000.000) 07/16 16:48:59 Finished transferring output files
...
005 (10216335.000.000) 07/16 16:48:59 Job terminated.
	(1) Normal termination (return value 0)
		Usr 0 00:01:21, Sys 0 00:00:03  -  Run Remote Usage
		Usr 0 00:00:00, Sys 0 00:00:00  -  Run Local Usage
		Usr 0 00:01:21, Sys 0 00:00:03  -  Total Remote Usage
		Usr 0 00:00:00, Sys 0 00:00:00  -  Total Local Usage
	934308  -  Run Bytes Sent By Job
	803221  -  Run Bytes Received By Job
	934308  -  Total Bytes Sent By Job
	803221  -  Total Bytes Received By Job
	Partitionable Resources :    Usage  Request Allocated 
	   Cpus                 :                 1         1 
	   Disk (KB)            :     1710     1000   2950664 
	   Memory (MB)          :      473     2000      2000 

	Job terminated of its own accord at 2024-07-16T14:48:59Z with exit-code 0.
...
000 (10216337.000.000) 07/16 16:50:42 Job submitted from host: <188.185.114.121:9618?addrs=188.185.114.121-9618+[2001-1458-d00-a--100-273]-9618&alias=bigbird19.cern.ch&noUDP&sock=schedd_4961_696e>
...
040 (10216337.000.000) 07/16 16:53:43 Started transferring input files
	Transferring to host: <188.185.207.162:9618?addrs=188.185.207.162-9618+[2001-1458-303-e--100-1f]-9618&alias=b9p08p7633.cern.ch&noUDP&sock=slot1_13_5305_9a31_135494>
...
040 (10216337.000.000) 07/16 16:53:43 Finished transferring input files
...
001 (10216337.000.000) 07/16 16:53:44 Job executing on host: <188.185.207.162:9618?addrs=188.185.207.162-9618+[2001-1458-303-e--100-1f]-9618&alias=b9p08p7633.cern.ch&noUDP&sock=startd_4298_a623>
	SlotName: slot1_13@b9p08p7633.cern.ch
	CondorScratchDir = "/pool/condor/dir_1111390"
	Cpus = 8
	Disk = 2806426
	Memory = 16000
...
006 (10216337.000.000) 07/16 16:53:53 Image size of job updated: 849072
	829  -  MemoryUsage of job (MB)
	847888  -  ResidentSetSize of job (KB)
...
006 (10216337.000.000) 07/16 16:58:54 Image size of job updated: 1318352
	1282  -  MemoryUsage of job (MB)
	1312228  -  ResidentSetSize of job (KB)
...
006 (10216337.000.000) 07/16 17:03:54 Image size of job updated: 1363936
	1318  -  MemoryUsage of job (MB)
	1349084  -  ResidentSetSize of job (KB)
...
006 (10216337.000.000) 07/16 17:08:54 Image size of job updated: 1385696
	1339  -  MemoryUsage of job (MB)
	1370208  -  ResidentSetSize of job (KB)
...
006 (10216337.000.000) 07/16 17:13:55 Image size of job updated: 1389808
	1340  -  MemoryUsage of job (MB)
	1371944  -  ResidentSetSize of job (KB)
...
006 (10216337.000.000) 07/16 17:18:56 Image size of job updated: 1403704
	1364  -  MemoryUsage of job (MB)
	1396652  -  ResidentSetSize of job (KB)
...
006 (10216337.000.000) 07/16 17:23:56 Image size of job updated: 1407540
	1368  -  MemoryUsage of job (MB)
	1400128  -  ResidentSetSize of job (KB)
...
006 (10216337.000.000) 07/16 17:28:57 Image size of job updated: 1436496
	1388  -  MemoryUsage of job (MB)
	1420640  -  ResidentSetSize of job (KB)
...
006 (10216337.000.000) 07/16 17:33:58 Image size of job updated: 1598764
	1388  -  MemoryUsage of job (MB)
	1420992  -  ResidentSetSize of job (KB)
...
006 (10216337.000.000) 07/16 18:54:06 Image size of job updated: 1598764
	1391  -  MemoryUsage of job (MB)
	1424316  -  ResidentSetSize of job (KB)
...
006 (10216337.000.000) 07/16 18:59:07 Image size of job updated: 1598764
	1450  -  MemoryUsage of job (MB)
	1484096  -  ResidentSetSize of job (KB)
...
006 (10216337.000.000) 07/16 19:04:08 Image size of job updated: 1598764
	1453  -  MemoryUsage of job (MB)
	1487184  -  ResidentSetSize of job (KB)
...
006 (10216337.000.000) 07/16 19:14:09 Image size of job updated: 1598764
	1466  -  MemoryUsage of job (MB)
	1500852  -  ResidentSetSize of job (KB)
...
006 (10216337.000.000) 07/16 19:19:10 Image size of job updated: 1598764
	1467  -  MemoryUsage of job (MB)
	1501924  -  ResidentSetSize of job (KB)
...
006 (10216337.000.000) 07/16 19:24:10 Image size of job updated: 1598764
	1474  -  MemoryUsage of job (MB)
	1508900  -  ResidentSetSize of job (KB)
...
006 (10216337.000.000) 07/16 19:29:10 Image size of job updated: 1598764
	1491  -  MemoryUsage of job (MB)
	1526340  -  ResidentSetSize of job (KB)
...
006 (10216337.000.000) 07/16 19:34:11 Image size of job updated: 1598764
	1495  -  MemoryUsage of job (MB)
	1530800  -  ResidentSetSize of job (KB)
...
006 (10216337.000.000) 07/16 19:39:12 Image size of job updated: 1624556
	1585  -  MemoryUsage of job (MB)
	1622640  -  ResidentSetSize of job (KB)
...
006 (10216337.000.000) 07/16 19:44:12 Image size of job updated: 1717196
	1648  -  MemoryUsage of job (MB)
	1686960  -  ResidentSetSize of job (KB)
...
006 (10216337.000.000) 07/16 19:49:12 Image size of job updated: 1790352
	1729  -  MemoryUsage of job (MB)
	1769480  -  ResidentSetSize of job (KB)
...
006 (10216337.000.000) 07/16 20:04:13 Image size of job updated: 1834552
	1788  -  MemoryUsage of job (MB)
	1830600  -  ResidentSetSize of job (KB)
...
006 (10216337.000.000) 07/16 20:09:14 Image size of job updated: 1837180
	1788  -  MemoryUsage of job (MB)
	1830600  -  ResidentSetSize of job (KB)
...
006 (10216337.000.000) 07/16 20:14:15 Image size of job updated: 1849540
	1788  -  MemoryUsage of job (MB)
	1830600  -  ResidentSetSize of job (KB)
...
006 (10216337.000.000) 07/16 20:29:16 Image size of job updated: 1860512
	1816  -  MemoryUsage of job (MB)
	1858700  -  ResidentSetSize of job (KB)
...
006 (10216337.000.000) 07/16 20:34:17 Image size of job updated: 1918864
	1838  -  MemoryUsage of job (MB)
	1881400  -  ResidentSetSize of job (KB)
...
006 (10216337.000.000) 07/16 20:39:17 Image size of job updated: 1918864
	1841  -  MemoryUsage of job (MB)
	1885052  -  ResidentSetSize of job (KB)
...
006 (10216337.000.000) 07/16 20:59:19 Image size of job updated: 1918864
	1845  -  MemoryUsage of job (MB)
	1889060  -  ResidentSetSize of job (KB)
...
006 (10216337.000.000) 07/16 21:04:20 Image size of job updated: 1955488
	1895  -  MemoryUsage of job (MB)
	1940192  -  ResidentSetSize of job (KB)
...
006 (10216337.000.000) 07/16 21:09:21 Image size of job updated: 1966828
	1895  -  MemoryUsage of job (MB)
	1940192  -  ResidentSetSize of job (KB)
...
006 (10216337.000.000) 07/16 21:19:21 Image size of job updated: 1973776
	1895  -  MemoryUsage of job (MB)
	1940192  -  ResidentSetSize of job (KB)
...
006 (10216337.000.000) 07/16 21:24:22 Image size of job updated: 1976112
	1904  -  MemoryUsage of job (MB)
	1949180  -  ResidentSetSize of job (KB)
...
006 (10216337.000.000) 07/16 21:29:22 Image size of job updated: 1993528
	1927  -  MemoryUsage of job (MB)
	1972280  -  ResidentSetSize of job (KB)
...
006 (10216337.000.000) 07/16 21:34:22 Image size of job updated: 2044880
	1970  -  MemoryUsage of job (MB)
	2017124  -  ResidentSetSize of job (KB)
...
006 (10216337.000.000) 07/16 21:39:23 Image size of job updated: 2052800
	1970  -  MemoryUsage of job (MB)
	2017124  -  ResidentSetSize of job (KB)
...
006 (10216337.000.000) 07/16 21:44:24 Image size of job updated: 2070624
	1980  -  MemoryUsage of job (MB)
	2027228  -  ResidentSetSize of job (KB)
...
006 (10216337.000.000) 07/16 21:49:24 Image size of job updated: 2070624
	2002  -  MemoryUsage of job (MB)
	2050032  -  ResidentSetSize of job (KB)
...
006 (10216337.000.000) 07/16 22:04:26 Image size of job updated: 2106320
	2033  -  MemoryUsage of job (MB)
	2081604  -  ResidentSetSize of job (KB)
...
006 (10216337.000.000) 07/16 22:09:26 Image size of job updated: 2110556
	2039  -  MemoryUsage of job (MB)
	2087448  -  ResidentSetSize of job (KB)
...
006 (10216337.000.000) 07/16 22:14:27 Image size of job updated: 2122924
	2055  -  MemoryUsage of job (MB)
	2104256  -  ResidentSetSize of job (KB)
...
006 (10216337.000.000) 07/16 22:19:28 Image size of job updated: 2129796
	2055  -  MemoryUsage of job (MB)
	2104256  -  ResidentSetSize of job (KB)
...
006 (10216337.000.000) 07/16 22:24:28 Image size of job updated: 2129796
	2058  -  MemoryUsage of job (MB)
	2106756  -  ResidentSetSize of job (KB)
...
006 (10216337.000.000) 07/16 22:34:30 Image size of job updated: 2180356
	2112  -  MemoryUsage of job (MB)
	2161892  -  ResidentSetSize of job (KB)
...
006 (10216337.000.000) 07/16 22:39:30 Image size of job updated: 2194112
	2112  -  MemoryUsage of job (MB)
	2161892  -  ResidentSetSize of job (KB)
...
006 (10216337.000.000) 07/16 22:44:30 Image size of job updated: 2201768
	2119  -  MemoryUsage of job (MB)
	2169448  -  ResidentSetSize of job (KB)
...
006 (10216337.000.000) 07/16 22:49:31 Image size of job updated: 2209248
	2128  -  MemoryUsage of job (MB)
	2178628  -  ResidentSetSize of job (KB)
...
006 (10216337.000.000) 07/16 22:54:32 Image size of job updated: 2210544
	2147  -  MemoryUsage of job (MB)
	2198128  -  ResidentSetSize of job (KB)
...
006 (10216337.000.000) 07/16 22:59:32 Image size of job updated: 2234816
	2161  -  MemoryUsage of job (MB)
	2212836  -  ResidentSetSize of job (KB)
...
006 (10216337.000.000) 07/16 23:04:33 Image size of job updated: 2238460
	2161  -  MemoryUsage of job (MB)
	2212836  -  ResidentSetSize of job (KB)
...
006 (10216337.000.000) 07/16 23:09:34 Image size of job updated: 2266100
	2200  -  MemoryUsage of job (MB)
	2252424  -  ResidentSetSize of job (KB)
...
006 (10216337.000.000) 07/16 23:14:34 Image size of job updated: 2274608
	2200  -  MemoryUsage of job (MB)
	2252424  -  ResidentSetSize of job (KB)
...
006 (10216337.000.000) 07/16 23:34:36 Image size of job updated: 2331384
	2238  -  MemoryUsage of job (MB)
	2291388  -  ResidentSetSize of job (KB)
...
006 (10216337.000.000) 07/16 23:39:36 Image size of job updated: 2336528
	2259  -  MemoryUsage of job (MB)
	2313112  -  ResidentSetSize of job (KB)
...
006 (10216337.000.000) 07/16 23:44:37 Image size of job updated: 2346064
	2260  -  MemoryUsage of job (MB)
	2313824  -  ResidentSetSize of job (KB)
...
006 (10216337.000.000) 07/16 23:54:38 Image size of job updated: 2361984
	2270  -  MemoryUsage of job (MB)
	2324152  -  ResidentSetSize of job (KB)
...
006 (10216337.000.000) 07/16 23:59:38 Image size of job updated: 2399372
	2323  -  MemoryUsage of job (MB)
	2378052  -  ResidentSetSize of job (KB)
...
006 (10216337.000.000) 07/17 00:04:39 Image size of job updated: 2403056
	2324  -  MemoryUsage of job (MB)
	2379236  -  ResidentSetSize of job (KB)
...
006 (10216337.000.000) 07/17 00:09:39 Image size of job updated: 2403056
	2327  -  MemoryUsage of job (MB)
	2382248  -  ResidentSetSize of job (KB)
...
006 (10216337.000.000) 07/17 00:14:39 Image size of job updated: 2404344
	2327  -  MemoryUsage of job (MB)
	2382248  -  ResidentSetSize of job (KB)
...
006 (10216337.000.000) 07/17 00:19:40 Image size of job updated: 2413800
	2332  -  MemoryUsage of job (MB)
	2387104  -  ResidentSetSize of job (KB)
...
006 (10216337.000.000) 07/17 00:24:41 Image size of job updated: 2419364
	2334  -  MemoryUsage of job (MB)
	2389952  -  ResidentSetSize of job (KB)
...
006 (10216337.000.000) 07/17 00:29:41 Image size of job updated: 2423660
	2338  -  MemoryUsage of job (MB)
	2394100  -  ResidentSetSize of job (KB)
...
006 (10216337.000.000) 07/17 00:39:42 Image size of job updated: 2440396
	2376  -  MemoryUsage of job (MB)
	2432860  -  ResidentSetSize of job (KB)
...
006 (10216337.000.000) 07/17 00:44:42 Image size of job updated: 2446092
	2380  -  MemoryUsage of job (MB)
	2436548  -  ResidentSetSize of job (KB)
...
006 (10216337.000.000) 07/17 00:54:43 Image size of job updated: 2457100
	2380  -  MemoryUsage of job (MB)
	2436548  -  ResidentSetSize of job (KB)
...
006 (10216337.000.000) 07/17 01:09:45 Image size of job updated: 2457100
	2389  -  MemoryUsage of job (MB)
	2445616  -  ResidentSetSize of job (KB)
...
006 (10216337.000.000) 07/17 01:19:46 Image size of job updated: 2511444
	2428  -  MemoryUsage of job (MB)
	2485904  -  ResidentSetSize of job (KB)
...
006 (10216337.000.000) 07/17 02:34:53 Image size of job updated: 2540204
	2456  -  MemoryUsage of job (MB)
	2514028  -  ResidentSetSize of job (KB)
...
006 (10216337.000.000) 07/17 02:39:54 Image size of job updated: 2545564
	2456  -  MemoryUsage of job (MB)
	2514028  -  ResidentSetSize of job (KB)
...
006 (10216337.000.000) 07/17 02:49:54 Image size of job updated: 2545564
	2464  -  MemoryUsage of job (MB)
	2522660  -  ResidentSetSize of job (KB)
...
006 (10216337.000.000) 07/17 03:04:56 Image size of job updated: 2592300
	2494  -  MemoryUsage of job (MB)
	2553288  -  ResidentSetSize of job (KB)
...
006 (10216337.000.000) 07/17 03:09:57 Image size of job updated: 2592300
	2516  -  MemoryUsage of job (MB)
	2575644  -  ResidentSetSize of job (KB)
...
006 (10216337.000.000) 07/17 03:14:58 Image size of job updated: 2592300
	2525  -  MemoryUsage of job (MB)
	2585256  -  ResidentSetSize of job (KB)
...
006 (10216337.000.000) 07/17 03:29:59 Image size of job updated: 2598592
	2525  -  MemoryUsage of job (MB)
	2585256  -  ResidentSetSize of job (KB)
...
006 (10216337.000.000) 07/17 03:40:00 Image size of job updated: 2639728
	2578  -  MemoryUsage of job (MB)
	2639184  -  ResidentSetSize of job (KB)
...
006 (10216337.000.000) 07/17 03:45:01 Image size of job updated: 2646600
	2578  -  MemoryUsage of job (MB)
	2639184  -  ResidentSetSize of job (KB)
...
006 (10216337.000.000) 07/17 03:50:02 Image size of job updated: 2647880
	2578  -  MemoryUsage of job (MB)
	2639184  -  ResidentSetSize of job (KB)
...
006 (10216337.000.000) 07/17 04:00:02 Image size of job updated: 2659340
	2578  -  MemoryUsage of job (MB)
	2639184  -  ResidentSetSize of job (KB)
...
006 (10216337.000.000) 07/17 04:10:03 Image size of job updated: 2670288
	2578  -  MemoryUsage of job (MB)
	2639184  -  ResidentSetSize of job (KB)
...
006 (10216337.000.000) 07/17 04:15:03 Image size of job updated: 2700164
	2611  -  MemoryUsage of job (MB)
	2672796  -  ResidentSetSize of job (KB)
...
006 (10216337.000.000) 07/17 04:20:04 Image size of job updated: 2707192
	2625  -  MemoryUsage of job (MB)
	2687020  -  ResidentSetSize of job (KB)
...
006 (10216337.000.000) 07/17 04:35:06 Image size of job updated: 2734396
	2627  -  MemoryUsage of job (MB)
	2689480  -  ResidentSetSize of job (KB)
...
006 (10216337.000.000) 07/17 04:40:07 Image size of job updated: 2734396
	2629  -  MemoryUsage of job (MB)
	2691356  -  ResidentSetSize of job (KB)
...
006 (10216337.000.000) 07/17 04:45:07 Image size of job updated: 2734396
	2630  -  MemoryUsage of job (MB)
	2692500  -  ResidentSetSize of job (KB)
...
006 (10216337.000.000) 07/17 04:50:07 Image size of job updated: 2756552
	2671  -  MemoryUsage of job (MB)
	2734304  -  ResidentSetSize of job (KB)
...
006 (10216337.000.000) 07/17 04:55:08 Image size of job updated: 2778520
	2695  -  MemoryUsage of job (MB)
	2759244  -  ResidentSetSize of job (KB)
...
006 (10216337.000.000) 07/17 05:00:09 Image size of job updated: 2798584
	2718  -  MemoryUsage of job (MB)
	2783184  -  ResidentSetSize of job (KB)
...
006 (10216337.000.000) 07/17 05:25:11 Image size of job updated: 2857076
	2763  -  MemoryUsage of job (MB)
	2828524  -  ResidentSetSize of job (KB)
...
006 (10216337.000.000) 07/17 05:35:12 Image size of job updated: 2857076
	2772  -  MemoryUsage of job (MB)
	2837828  -  ResidentSetSize of job (KB)
...
006 (10216337.000.000) 07/17 05:40:12 Image size of job updated: 2861172
	2772  -  MemoryUsage of job (MB)
	2837828  -  ResidentSetSize of job (KB)
...
006 (10216337.000.000) 07/17 05:50:14 Image size of job updated: 2869044
	2797  -  MemoryUsage of job (MB)
	2863216  -  ResidentSetSize of job (KB)
...
006 (10216337.000.000) 07/17 06:00:14 Image size of job updated: 2919540
	2818  -  MemoryUsage of job (MB)
	2885100  -  ResidentSetSize of job (KB)
...
006 (10216337.000.000) 07/17 06:05:15 Image size of job updated: 2926996
	2818  -  MemoryUsage of job (MB)
	2885100  -  ResidentSetSize of job (KB)
...
006 (10216337.000.000) 07/17 06:10:15 Image size of job updated: 2926996
	2831  -  MemoryUsage of job (MB)
	2898268  -  ResidentSetSize of job (KB)
...
006 (10216337.000.000) 07/17 06:15:15 Image size of job updated: 2926996
	2840  -  MemoryUsage of job (MB)
	2908052  -  ResidentSetSize of job (KB)
...
006 (10216337.000.000) 07/17 06:20:16 Image size of job updated: 2944420
	2840  -  MemoryUsage of job (MB)
	2908052  -  ResidentSetSize of job (KB)
...
006 (10216337.000.000) 07/17 06:25:17 Image size of job updated: 2953156
	2851  -  MemoryUsage of job (MB)
	2918904  -  ResidentSetSize of job (KB)
...
006 (10216337.000.000) 07/17 06:35:17 Image size of job updated: 2971616
	2851  -  MemoryUsage of job (MB)
	2918904  -  ResidentSetSize of job (KB)
...
006 (10216337.000.000) 07/17 06:40:18 Image size of job updated: 2971616
	2863  -  MemoryUsage of job (MB)
	2931240  -  ResidentSetSize of job (KB)
...
006 (10216337.000.000) 07/17 06:45:18 Image size of job updated: 3015252
	2918  -  MemoryUsage of job (MB)
	2987836  -  ResidentSetSize of job (KB)
...
006 (10216337.000.000) 07/17 06:50:18 Image size of job updated: 3018740
	2928  -  MemoryUsage of job (MB)
	2997800  -  ResidentSetSize of job (KB)
...
006 (10216337.000.000) 07/17 07:15:22 Image size of job updated: 3018740
	2934  -  MemoryUsage of job (MB)
	3003552  -  ResidentSetSize of job (KB)
...
006 (10216337.000.000) 07/17 07:20:22 Image size of job updated: 3092004
	3001  -  MemoryUsage of job (MB)
	3072016  -  ResidentSetSize of job (KB)
...
006 (10216337.000.000) 07/17 07:35:23 Image size of job updated: 3103048
	3001  -  MemoryUsage of job (MB)
	3072016  -  ResidentSetSize of job (KB)
...
006 (10216337.000.000) 07/17 07:55:25 Image size of job updated: 3103048
	3001  -  MemoryUsage of job (MB)
	3072256  -  ResidentSetSize of job (KB)
...
006 (10216337.000.000) 07/17 08:05:27 Image size of job updated: 3163276
	3055  -  MemoryUsage of job (MB)
	3128232  -  ResidentSetSize of job (KB)
...
006 (10216337.000.000) 07/17 08:10:27 Image size of job updated: 3163276
	3060  -  MemoryUsage of job (MB)
	3133212  -  ResidentSetSize of job (KB)
...
006 (10216337.000.000) 07/17 08:20:28 Image size of job updated: 3163632
	3060  -  MemoryUsage of job (MB)
	3133212  -  ResidentSetSize of job (KB)
...
006 (10216337.000.000) 07/17 08:30:29 Image size of job updated: 3180496
	3069  -  MemoryUsage of job (MB)
	3141968  -  ResidentSetSize of job (KB)
...
006 (10216337.000.000) 07/17 08:35:30 Image size of job updated: 3201632
	3119  -  MemoryUsage of job (MB)
	3193592  -  ResidentSetSize of job (KB)
...
006 (10216337.000.000) 07/17 08:40:31 Image size of job updated: 3220616
	3131  -  MemoryUsage of job (MB)
	3205480  -  ResidentSetSize of job (KB)
...
006 (10216337.000.000) 07/17 08:45:31 Image size of job updated: 3220616
	3132  -  MemoryUsage of job (MB)
	3206760  -  ResidentSetSize of job (KB)
...
006 (10216337.000.000) 07/17 08:50:31 Image size of job updated: 3225072
	3132  -  MemoryUsage of job (MB)
	3206760  -  ResidentSetSize of job (KB)
...
006 (10216337.000.000) 07/17 08:55:33 Image size of job updated: 3228112
	3132  -  MemoryUsage of job (MB)
	3206760  -  ResidentSetSize of job (KB)
...
000 (10217361.000.000) 07/17 09:03:07 Job submitted from host: <188.185.114.121:9618?addrs=188.185.114.121-9618+[2001-1458-d00-a--100-273]-9618&alias=bigbird19.cern.ch&noUDP&sock=schedd_4961_696e>
...
009 (10217361.000.000) 07/17 09:03:42 Job was aborted.
	via condor_rm (by user yelberke)
...
006 (10216337.000.000) 07/17 09:10:35 Image size of job updated: 3275520
	3195  -  MemoryUsage of job (MB)
	3271564  -  ResidentSetSize of job (KB)
...
006 (10216337.000.000) 07/17 09:15:35 Image size of job updated: 3294012
	3195  -  MemoryUsage of job (MB)
	3271564  -  ResidentSetSize of job (KB)
...
006 (10216337.000.000) 07/17 09:20:35 Image size of job updated: 3309340
	3216  -  MemoryUsage of job (MB)
	3293172  -  ResidentSetSize of job (KB)
...
006 (10216337.000.000) 07/17 09:25:36 Image size of job updated: 3317264
	3216  -  MemoryUsage of job (MB)
	3293172  -  ResidentSetSize of job (KB)
...
006 (10216337.000.000) 07/17 09:45:38 Image size of job updated: 3345868
	3261  -  MemoryUsage of job (MB)
	3339020  -  ResidentSetSize of job (KB)
...
006 (10216337.000.000) 07/17 09:50:38 Image size of job updated: 3358056
	3261  -  MemoryUsage of job (MB)
	3339020  -  ResidentSetSize of job (KB)
...
006 (10216337.000.000) 07/17 10:00:39 Image size of job updated: 3364844
	3261  -  MemoryUsage of job (MB)
	3339020  -  ResidentSetSize of job (KB)
...
006 (10216337.000.000) 07/17 10:15:41 Image size of job updated: 3402712
	3316  -  MemoryUsage of job (MB)
	3394916  -  ResidentSetSize of job (KB)
...
006 (10216337.000.000) 07/17 10:20:42 Image size of job updated: 3423660
	3316  -  MemoryUsage of job (MB)
	3394916  -  ResidentSetSize of job (KB)
...
006 (10216337.000.000) 07/17 10:25:42 Image size of job updated: 3424564
	3318  -  MemoryUsage of job (MB)
	3397244  -  ResidentSetSize of job (KB)
...
006 (10216337.000.000) 07/17 10:30:42 Image size of job updated: 3430472
	3318  -  MemoryUsage of job (MB)
	3397244  -  ResidentSetSize of job (KB)
...
006 (10216337.000.000) 07/17 10:45:44 Image size of job updated: 3443440
	3326  -  MemoryUsage of job (MB)
	3405440  -  ResidentSetSize of job (KB)
...
006 (10216337.000.000) 07/17 10:50:45 Image size of job updated: 3490344
	3377  -  MemoryUsage of job (MB)
	3457716  -  ResidentSetSize of job (KB)
...
006 (10216337.000.000) 07/17 10:55:46 Image size of job updated: 3507376
	3377  -  MemoryUsage of job (MB)
	3457716  -  ResidentSetSize of job (KB)
...
006 (10216337.000.000) 07/17 11:00:46 Image size of job updated: 3507376
	3404  -  MemoryUsage of job (MB)
	3485204  -  ResidentSetSize of job (KB)
...
006 (10216337.000.000) 07/17 11:05:47 Image size of job updated: 3511064
	3405  -  MemoryUsage of job (MB)
	3486232  -  ResidentSetSize of job (KB)
...
006 (10216337.000.000) 07/17 11:20:48 Image size of job updated: 3513156
	3407  -  MemoryUsage of job (MB)
	3488116  -  ResidentSetSize of job (KB)
...
006 (10216337.000.000) 07/17 11:25:49 Image size of job updated: 3552456
	3462  -  MemoryUsage of job (MB)
	3545068  -  ResidentSetSize of job (KB)
...
006 (10216337.000.000) 07/17 11:30:50 Image size of job updated: 3566868
	3463  -  MemoryUsage of job (MB)
	3545244  -  ResidentSetSize of job (KB)
...
006 (10216337.000.000) 07/17 11:35:50 Image size of job updated: 3569228
	3468  -  MemoryUsage of job (MB)
	3551096  -  ResidentSetSize of job (KB)
...
006 (10216337.000.000) 07/17 11:40:51 Image size of job updated: 3570180
	3468  -  MemoryUsage of job (MB)
	3551096  -  ResidentSetSize of job (KB)
...
006 (10216337.000.000) 07/17 11:50:52 Image size of job updated: 3576472
	3468  -  MemoryUsage of job (MB)
	3551096  -  ResidentSetSize of job (KB)
...
006 (10216337.000.000) 07/17 11:55:52 Image size of job updated: 3604308
	3507  -  MemoryUsage of job (MB)
	3591116  -  ResidentSetSize of job (KB)
...
006 (10216337.000.000) 07/17 12:00:53 Image size of job updated: 3625748
	3517  -  MemoryUsage of job (MB)
	3601296  -  ResidentSetSize of job (KB)
...
006 (10216337.000.000) 07/17 12:10:53 Image size of job updated: 3628348
	3517  -  MemoryUsage of job (MB)
	3601296  -  ResidentSetSize of job (KB)
...
006 (10216337.000.000) 07/17 12:15:54 Image size of job updated: 3638280
	3534  -  MemoryUsage of job (MB)
	3617980  -  ResidentSetSize of job (KB)
...
006 (10216337.000.000) 07/17 12:30:55 Image size of job updated: 3686004
	3537  -  MemoryUsage of job (MB)
	3621628  -  ResidentSetSize of job (KB)
...
006 (10216337.000.000) 07/17 12:35:56 Image size of job updated: 3686004
	3558  -  MemoryUsage of job (MB)
	3643268  -  ResidentSetSize of job (KB)
...
006 (10216337.000.000) 07/17 12:40:56 Image size of job updated: 3686004
	3571  -  MemoryUsage of job (MB)
	3655692  -  ResidentSetSize of job (KB)
...
006 (10216337.000.000) 07/17 12:45:56 Image size of job updated: 3707548
	3579  -  MemoryUsage of job (MB)
	3664336  -  ResidentSetSize of job (KB)
...
006 (10216337.000.000) 07/17 12:50:57 Image size of job updated: 3715672
	3590  -  MemoryUsage of job (MB)
	3675216  -  ResidentSetSize of job (KB)
...
006 (10216337.000.000) 07/17 13:05:58 Image size of job updated: 3760212
	3642  -  MemoryUsage of job (MB)
	3728440  -  ResidentSetSize of job (KB)
...
006 (10216337.000.000) 07/17 13:11:00 Image size of job updated: 3766472
	3642  -  MemoryUsage of job (MB)
	3728440  -  ResidentSetSize of job (KB)
...
006 (10216337.000.000) 07/17 13:36:02 Image size of job updated: 3766472
	3643  -  MemoryUsage of job (MB)
	3730404  -  ResidentSetSize of job (KB)
...
006 (10216337.000.000) 07/17 13:41:03 Image size of job updated: 3769700
	3651  -  MemoryUsage of job (MB)
	3738480  -  ResidentSetSize of job (KB)
...
006 (10216337.000.000) 07/17 13:46:04 Image size of job updated: 3814408
	3696  -  MemoryUsage of job (MB)
	3784008  -  ResidentSetSize of job (KB)
...
006 (10216337.000.000) 07/17 13:51:04 Image size of job updated: 3821712
	3703  -  MemoryUsage of job (MB)
	3791452  -  ResidentSetSize of job (KB)
...
006 (10216337.000.000) 07/17 14:16:07 Image size of job updated: 3850264
	3750  -  MemoryUsage of job (MB)
	3839852  -  ResidentSetSize of job (KB)
...
006 (10216337.000.000) 07/17 14:21:08 Image size of job updated: 3862660
	3750  -  MemoryUsage of job (MB)
	3839852  -  ResidentSetSize of job (KB)
...
006 (10216337.000.000) 07/17 14:26:08 Image size of job updated: 3862660
	3751  -  MemoryUsage of job (MB)
	3840284  -  ResidentSetSize of job (KB)
...
006 (10216337.000.000) 07/17 14:41:10 Image size of job updated: 3862660
	3751  -  MemoryUsage of job (MB)
	3840872  -  ResidentSetSize of job (KB)
...
006 (10216337.000.000) 07/17 14:51:11 Image size of job updated: 3915260
	3791  -  MemoryUsage of job (MB)
	3881460  -  ResidentSetSize of job (KB)
...
006 (10216337.000.000) 07/17 14:56:12 Image size of job updated: 3915260
	3802  -  MemoryUsage of job (MB)
	3892996  -  ResidentSetSize of job (KB)
...
006 (10216337.000.000) 07/17 15:06:12 Image size of job updated: 3926204
	3818  -  MemoryUsage of job (MB)
	3908920  -  ResidentSetSize of job (KB)
...
006 (10216337.000.000) 07/17 15:21:13 Image size of job updated: 3952360
	3832  -  MemoryUsage of job (MB)
	3923884  -  ResidentSetSize of job (KB)
...
006 (10216337.000.000) 07/17 15:26:14 Image size of job updated: 3967872
	3856  -  MemoryUsage of job (MB)
	3947952  -  ResidentSetSize of job (KB)
...
006 (10216337.000.000) 07/17 15:36:15 Image size of job updated: 3979732
	3861  -  MemoryUsage of job (MB)
	3953624  -  ResidentSetSize of job (KB)
...
006 (10216337.000.000) 07/17 15:41:16 Image size of job updated: 3979732
	3867  -  MemoryUsage of job (MB)
	3959608  -  ResidentSetSize of job (KB)
...
006 (10216337.000.000) 07/17 15:46:17 Image size of job updated: 3979788
	3867  -  MemoryUsage of job (MB)
	3959608  -  ResidentSetSize of job (KB)
...
006 (10216337.000.000) 07/17 15:51:17 Image size of job updated: 3981880
	3877  -  MemoryUsage of job (MB)
	3969500  -  ResidentSetSize of job (KB)
...
006 (10216337.000.000) 07/17 15:56:17 Image size of job updated: 4024584
	3922  -  MemoryUsage of job (MB)
	4015392  -  ResidentSetSize of job (KB)
...
006 (10216337.000.000) 07/17 16:01:18 Image size of job updated: 4024736
	3924  -  MemoryUsage of job (MB)
	4018148  -  ResidentSetSize of job (KB)
...
006 (10216337.000.000) 07/17 16:06:18 Image size of job updated: 4046136
	3924  -  MemoryUsage of job (MB)
	4018148  -  ResidentSetSize of job (KB)
...
006 (10216337.000.000) 07/17 16:11:18 Image size of job updated: 4065124
	3935  -  MemoryUsage of job (MB)
	4028992  -  ResidentSetSize of job (KB)
...
006 (10216337.000.000) 07/17 16:31:20 Image size of job updated: 4109648
	3984  -  MemoryUsage of job (MB)
	4079472  -  ResidentSetSize of job (KB)
...
006 (10216337.000.000) 07/17 16:36:21 Image size of job updated: 4109648
	3985  -  MemoryUsage of job (MB)
	4079784  -  ResidentSetSize of job (KB)
...
006 (10216337.000.000) 07/17 16:41:21 Image size of job updated: 4109648
	3990  -  MemoryUsage of job (MB)
	4085188  -  ResidentSetSize of job (KB)
...
006 (10216337.000.000) 07/17 16:46:21 Image size of job updated: 4119156
	3990  -  MemoryUsage of job (MB)
	4085188  -  ResidentSetSize of job (KB)
...
006 (10216337.000.000) 07/17 16:56:23 Image size of job updated: 4124328
	4002  -  MemoryUsage of job (MB)
	4097376  -  ResidentSetSize of job (KB)
...
006 (10216337.000.000) 07/17 17:01:23 Image size of job updated: 4176700
	4053  -  MemoryUsage of job (MB)
	4149260  -  ResidentSetSize of job (KB)
...
006 (10216337.000.000) 07/17 17:16:25 Image size of job updated: 4176700
	4066  -  MemoryUsage of job (MB)
	4162624  -  ResidentSetSize of job (KB)
...
006 (10216337.000.000) 07/17 17:21:26 Image size of job updated: 4183664
	4066  -  MemoryUsage of job (MB)
	4162624  -  ResidentSetSize of job (KB)
...
006 (10216337.000.000) 07/17 17:31:27 Image size of job updated: 4234556
	4098  -  MemoryUsage of job (MB)
	4195524  -  ResidentSetSize of job (KB)
...
006 (10216337.000.000) 07/17 17:36:28 Image size of job updated: 4234556
	4103  -  MemoryUsage of job (MB)
	4201304  -  ResidentSetSize of job (KB)
...
006 (10216337.000.000) 07/17 17:46:29 Image size of job updated: 4234556
	4116  -  MemoryUsage of job (MB)
	4214044  -  ResidentSetSize of job (KB)
...
006 (10216337.000.000) 07/17 17:51:29 Image size of job updated: 4234556
	4124  -  MemoryUsage of job (MB)
	4222664  -  ResidentSetSize of job (KB)
...
006 (10216337.000.000) 07/17 17:56:31 Image size of job updated: 4245836
	4130  -  MemoryUsage of job (MB)
	4228880  -  ResidentSetSize of job (KB)
...
006 (10216337.000.000) 07/17 18:01:31 Image size of job updated: 4307360
	4194  -  MemoryUsage of job (MB)
	4294236  -  ResidentSetSize of job (KB)
...
006 (10216337.000.000) 07/17 18:06:31 Image size of job updated: 4314268
	4197  -  MemoryUsage of job (MB)
	4297424  -  ResidentSetSize of job (KB)
...
006 (10216337.000.000) 07/17 18:11:32 Image size of job updated: 4314268
	4199  -  MemoryUsage of job (MB)
	4299084  -  ResidentSetSize of job (KB)
...
006 (10216337.000.000) 07/17 18:16:33 Image size of job updated: 4314268
	4203  -  MemoryUsage of job (MB)
	4303712  -  ResidentSetSize of job (KB)
...
006 (10216337.000.000) 07/17 18:21:33 Image size of job updated: 4318544
	4203  -  MemoryUsage of job (MB)
	4303712  -  ResidentSetSize of job (KB)
...
006 (10216337.000.000) 07/17 18:26:34 Image size of job updated: 4328080
	4203  -  MemoryUsage of job (MB)
	4303712  -  ResidentSetSize of job (KB)
...
006 (10216337.000.000) 07/17 18:31:35 Image size of job updated: 4376288
	4267  -  MemoryUsage of job (MB)
	4368472  -  ResidentSetSize of job (KB)
...
006 (10216337.000.000) 07/17 18:36:35 Image size of job updated: 4388584
	4267  -  MemoryUsage of job (MB)
	4369264  -  ResidentSetSize of job (KB)
...
006 (10216337.000.000) 07/17 18:41:35 Image size of job updated: 4395600
	4280  -  MemoryUsage of job (MB)
	4382700  -  ResidentSetSize of job (KB)
...
006 (10216337.000.000) 07/17 18:51:37 Image size of job updated: 4397084
	4280  -  MemoryUsage of job (MB)
	4382700  -  ResidentSetSize of job (KB)
...
006 (10216337.000.000) 07/17 18:56:37 Image size of job updated: 4400296
	4280  -  MemoryUsage of job (MB)
	4382700  -  ResidentSetSize of job (KB)
...
006 (10216337.000.000) 07/17 19:01:38 Image size of job updated: 4453468
	4315  -  MemoryUsage of job (MB)
	4418416  -  ResidentSetSize of job (KB)
...
006 (10216337.000.000) 07/17 19:06:39 Image size of job updated: 4472392
	4346  -  MemoryUsage of job (MB)
	4450072  -  ResidentSetSize of job (KB)
...
006 (10216337.000.000) 07/17 19:11:39 Image size of job updated: 4472864
	4346  -  MemoryUsage of job (MB)
	4450072  -  ResidentSetSize of job (KB)
...
006 (10216337.000.000) 07/17 19:16:40 Image size of job updated: 4481564
	4346  -  MemoryUsage of job (MB)
	4450072  -  ResidentSetSize of job (KB)
...
006 (10216337.000.000) 07/17 19:21:41 Image size of job updated: 4484204
	4361  -  MemoryUsage of job (MB)
	4465484  -  ResidentSetSize of job (KB)
...
006 (10216337.000.000) 07/17 19:26:41 Image size of job updated: 4488656
	4384  -  MemoryUsage of job (MB)
	4488472  -  ResidentSetSize of job (KB)
...
006 (10216337.000.000) 07/17 19:31:41 Image size of job updated: 4549220
	4437  -  MemoryUsage of job (MB)
	4542812  -  ResidentSetSize of job (KB)
...
006 (10216337.000.000) 07/17 19:41:43 Image size of job updated: 4549356
	4437  -  MemoryUsage of job (MB)
	4542812  -  ResidentSetSize of job (KB)
...
006 (10216337.000.000) 07/17 19:46:43 Image size of job updated: 4555300
	4437  -  MemoryUsage of job (MB)
	4542812  -  ResidentSetSize of job (KB)
...
006 (10216337.000.000) 07/17 19:56:45 Image size of job updated: 4559252
	4442  -  MemoryUsage of job (MB)
	4548028  -  ResidentSetSize of job (KB)
...
006 (10216337.000.000) 07/17 20:01:45 Image size of job updated: 4616984
	4500  -  MemoryUsage of job (MB)
	4607240  -  ResidentSetSize of job (KB)
...
006 (10216337.000.000) 07/17 20:06:45 Image size of job updated: 4627840
	4512  -  MemoryUsage of job (MB)
	4619976  -  ResidentSetSize of job (KB)
...
006 (10216337.000.000) 07/17 20:11:46 Image size of job updated: 4637076
	4515  -  MemoryUsage of job (MB)
	4623328  -  ResidentSetSize of job (KB)
...
006 (10216337.000.000) 07/17 20:16:46 Image size of job updated: 4645556
	4516  -  MemoryUsage of job (MB)
	4623928  -  ResidentSetSize of job (KB)
...
006 (10216337.000.000) 07/17 20:21:46 Image size of job updated: 4646336
	4516  -  MemoryUsage of job (MB)
	4623928  -  ResidentSetSize of job (KB)
...
006 (10216337.000.000) 07/17 20:26:47 Image size of job updated: 4648744
	4519  -  MemoryUsage of job (MB)
	4627204  -  ResidentSetSize of job (KB)
...
006 (10216337.000.000) 07/17 20:31:48 Image size of job updated: 4704268
	4573  -  MemoryUsage of job (MB)
	4682512  -  ResidentSetSize of job (KB)
...
006 (10216337.000.000) 07/17 20:36:48 Image size of job updated: 4707048
	4580  -  MemoryUsage of job (MB)
	4689400  -  ResidentSetSize of job (KB)
...
006 (10216337.000.000) 07/17 20:41:49 Image size of job updated: 4714936
	4598  -  MemoryUsage of job (MB)
	4707644  -  ResidentSetSize of job (KB)
...
006 (10216337.000.000) 07/17 20:46:50 Image size of job updated: 4733644
	4598  -  MemoryUsage of job (MB)
	4707644  -  ResidentSetSize of job (KB)
...
006 (10216337.000.000) 07/17 20:56:50 Image size of job updated: 4733644
	4601  -  MemoryUsage of job (MB)
	4710664  -  ResidentSetSize of job (KB)
...
006 (10216337.000.000) 07/17 21:01:52 Image size of job updated: 4791452
	4665  -  MemoryUsage of job (MB)
	4776320  -  ResidentSetSize of job (KB)
...
006 (10216337.000.000) 07/17 21:06:52 Image size of job updated: 4799188
	4665  -  MemoryUsage of job (MB)
	4776320  -  ResidentSetSize of job (KB)
...
006 (10216337.000.000) 07/17 21:16:53 Image size of job updated: 4804552
	4666  -  MemoryUsage of job (MB)
	4777560  -  ResidentSetSize of job (KB)
...
006 (10216337.000.000) 07/17 21:21:54 Image size of job updated: 4804552
	4678  -  MemoryUsage of job (MB)
	4789420  -  ResidentSetSize of job (KB)
...
006 (10216337.000.000) 07/17 21:26:54 Image size of job updated: 4805852
	4678  -  MemoryUsage of job (MB)
	4789828  -  ResidentSetSize of job (KB)
...
006 (10216337.000.000) 07/17 21:31:54 Image size of job updated: 4867512
	4738  -  MemoryUsage of job (MB)
	4850800  -  ResidentSetSize of job (KB)
...
006 (10216337.000.000) 07/17 21:36:55 Image size of job updated: 4873876
	4738  -  MemoryUsage of job (MB)
	4851228  -  ResidentSetSize of job (KB)
...
006 (10216337.000.000) 07/17 21:41:55 Image size of job updated: 4876536
	4738  -  MemoryUsage of job (MB)
	4851228  -  ResidentSetSize of job (KB)
...
006 (10216337.000.000) 07/17 22:01:57 Image size of job updated: 4915140
	4783  -  MemoryUsage of job (MB)
	4897032  -  ResidentSetSize of job (KB)
...
006 (10216337.000.000) 07/17 22:06:57 Image size of job updated: 4919724
	4783  -  MemoryUsage of job (MB)
	4897032  -  ResidentSetSize of job (KB)
...
006 (10216337.000.000) 07/17 22:11:58 Image size of job updated: 4927656
	4783  -  MemoryUsage of job (MB)
	4897032  -  ResidentSetSize of job (KB)
...
006 (10216337.000.000) 07/17 22:16:58 Image size of job updated: 4927656
	4803  -  MemoryUsage of job (MB)
	4917884  -  ResidentSetSize of job (KB)
...
006 (10216337.000.000) 07/17 22:37:00 Image size of job updated: 4937196
	4803  -  MemoryUsage of job (MB)
	4917884  -  ResidentSetSize of job (KB)
...
006 (10216337.000.000) 07/17 22:42:01 Image size of job updated: 4976368
	4803  -  MemoryUsage of job (MB)
	4917884  -  ResidentSetSize of job (KB)
...
006 (10216337.000.000) 07/17 22:47:02 Image size of job updated: 4976368
	4824  -  MemoryUsage of job (MB)
	4939036  -  ResidentSetSize of job (KB)
...
006 (10216337.000.000) 07/17 23:02:03 Image size of job updated: 4976368
	4827  -  MemoryUsage of job (MB)
	4942288  -  ResidentSetSize of job (KB)
...
006 (10216337.000.000) 07/17 23:07:04 Image size of job updated: 4976368
	4837  -  MemoryUsage of job (MB)
	4952852  -  ResidentSetSize of job (KB)
...
006 (10216337.000.000) 07/17 23:12:04 Image size of job updated: 4986536
	4842  -  MemoryUsage of job (MB)
	4958128  -  ResidentSetSize of job (KB)
...
006 (10216337.000.000) 07/17 23:17:05 Image size of job updated: 4986536
	4843  -  MemoryUsage of job (MB)
	4959040  -  ResidentSetSize of job (KB)
...
006 (10216337.000.000) 07/17 23:22:06 Image size of job updated: 5052068
	4905  -  MemoryUsage of job (MB)
	5021720  -  ResidentSetSize of job (KB)
...
006 (10216337.000.000) 07/17 23:27:06 Image size of job updated: 5053492
	4905  -  MemoryUsage of job (MB)
	5021720  -  ResidentSetSize of job (KB)
...
006 (10216337.000.000) 07/17 23:42:07 Image size of job updated: 5053492
	4920  -  MemoryUsage of job (MB)
	5037212  -  ResidentSetSize of job (KB)
...
006 (10216337.000.000) 07/17 23:52:08 Image size of job updated: 5062744
	4920  -  MemoryUsage of job (MB)
	5037212  -  ResidentSetSize of job (KB)
...
006 (10216337.000.000) 07/17 23:57:09 Image size of job updated: 5121352
	4959  -  MemoryUsage of job (MB)
	5077484  -  ResidentSetSize of job (KB)
...
006 (10216337.000.000) 07/18 00:02:09 Image size of job updated: 5136900
	4980  -  MemoryUsage of job (MB)
	5098732  -  ResidentSetSize of job (KB)
...
006 (10216337.000.000) 07/18 00:07:09 Image size of job updated: 5138220
	5006  -  MemoryUsage of job (MB)
	5125452  -  ResidentSetSize of job (KB)
...
006 (10216337.000.000) 07/18 00:12:10 Image size of job updated: 5141656
	5006  -  MemoryUsage of job (MB)
	5125452  -  ResidentSetSize of job (KB)
...
006 (10216337.000.000) 07/18 00:17:10 Image size of job updated: 5145704
	5006  -  MemoryUsage of job (MB)
	5125452  -  ResidentSetSize of job (KB)
...
006 (10216337.000.000) 07/18 00:22:10 Image size of job updated: 5149012
	5006  -  MemoryUsage of job (MB)
	5125452  -  ResidentSetSize of job (KB)
...
006 (10216337.000.000) 07/18 00:27:11 Image size of job updated: 5149012
	5007  -  MemoryUsage of job (MB)
	5127084  -  ResidentSetSize of job (KB)
...
006 (10216337.000.000) 07/18 00:32:12 Image size of job updated: 5208948
	5066  -  MemoryUsage of job (MB)
	5186968  -  ResidentSetSize of job (KB)
...
006 (10216337.000.000) 07/18 00:37:12 Image size of job updated: 5214308
	5076  -  MemoryUsage of job (MB)
	5197324  -  ResidentSetSize of job (KB)
...
006 (10216337.000.000) 07/18 00:42:12 Image size of job updated: 5231180
	5078  -  MemoryUsage of job (MB)
	5199788  -  ResidentSetSize of job (KB)
...
006 (10216337.000.000) 07/18 00:47:13 Image size of job updated: 5237932
	5078  -  MemoryUsage of job (MB)
	5199788  -  ResidentSetSize of job (KB)
...
006 (10216337.000.000) 07/18 00:52:13 Image size of job updated: 5237932
	5081  -  MemoryUsage of job (MB)
	5202360  -  ResidentSetSize of job (KB)
...
006 (10216337.000.000) 07/18 00:57:13 Image size of job updated: 5247484
	5081  -  MemoryUsage of job (MB)
	5202360  -  ResidentSetSize of job (KB)
...
006 (10216337.000.000) 07/18 01:07:15 Image size of job updated: 5247484
	5083  -  MemoryUsage of job (MB)
	5204824  -  ResidentSetSize of job (KB)
...
006 (10216337.000.000) 07/18 01:12:15 Image size of job updated: 5289356
	5152  -  MemoryUsage of job (MB)
	5274640  -  ResidentSetSize of job (KB)
...
006 (10216337.000.000) 07/18 01:17:16 Image size of job updated: 5321040
	5152  -  MemoryUsage of job (MB)
	5274640  -  ResidentSetSize of job (KB)
...
006 (10216337.000.000) 07/18 01:32:18 Image size of job updated: 5321040
	5162  -  MemoryUsage of job (MB)
	5285872  -  ResidentSetSize of job (KB)
...
006 (10216337.000.000) 07/18 01:52:20 Image size of job updated: 5367436
	5226  -  MemoryUsage of job (MB)
	5351424  -  ResidentSetSize of job (KB)
...
006 (10216337.000.000) 07/18 01:57:20 Image size of job updated: 5377480
	5235  -  MemoryUsage of job (MB)
	5359648  -  ResidentSetSize of job (KB)
...
006 (10216337.000.000) 07/18 02:02:20 Image size of job updated: 5382996
	5239  -  MemoryUsage of job (MB)
	5364316  -  ResidentSetSize of job (KB)
...
006 (10216337.000.000) 07/18 02:17:22 Image size of job updated: 5382996
	5241  -  MemoryUsage of job (MB)
	5366352  -  ResidentSetSize of job (KB)
...
006 (10216337.000.000) 07/18 02:22:22 Image size of job updated: 5390496
	5241  -  MemoryUsage of job (MB)
	5366352  -  ResidentSetSize of job (KB)
...
006 (10216337.000.000) 07/18 02:32:23 Image size of job updated: 5440620
	5290  -  MemoryUsage of job (MB)
	5416936  -  ResidentSetSize of job (KB)
...
006 (10216337.000.000) 07/18 02:37:23 Image size of job updated: 5453852
	5294  -  MemoryUsage of job (MB)
	5420108  -  ResidentSetSize of job (KB)
...
006 (10216337.000.000) 07/18 02:42:24 Image size of job updated: 5461940
	5299  -  MemoryUsage of job (MB)
	5425928  -  ResidentSetSize of job (KB)
...
006 (10216337.000.000) 07/18 02:47:25 Image size of job updated: 5461940
	5304  -  MemoryUsage of job (MB)
	5430468  -  ResidentSetSize of job (KB)
...
006 (10216337.000.000) 07/18 02:52:25 Image size of job updated: 5465548
	5308  -  MemoryUsage of job (MB)
	5435144  -  ResidentSetSize of job (KB)
...
006 (10216337.000.000) 07/18 02:57:26 Image size of job updated: 5469488
	5308  -  MemoryUsage of job (MB)
	5435144  -  ResidentSetSize of job (KB)
...
006 (10216337.000.000) 07/18 03:02:27 Image size of job updated: 5469488
	5320  -  MemoryUsage of job (MB)
	5447380  -  ResidentSetSize of job (KB)
...
006 (10216337.000.000) 07/18 03:07:27 Image size of job updated: 5524692
	5383  -  MemoryUsage of job (MB)
	5511536  -  ResidentSetSize of job (KB)
...
006 (10216337.000.000) 07/18 03:12:27 Image size of job updated: 5531184
	5392  -  MemoryUsage of job (MB)
	5521184  -  ResidentSetSize of job (KB)
...
006 (10216337.000.000) 07/18 03:22:29 Image size of job updated: 5545336
	5392  -  MemoryUsage of job (MB)
	5521184  -  ResidentSetSize of job (KB)
...
006 (10216337.000.000) 07/18 03:42:31 Image size of job updated: 5607396
	5423  -  MemoryUsage of job (MB)
	5552584  -  ResidentSetSize of job (KB)
...
006 (10216337.000.000) 07/18 03:47:31 Image size of job updated: 5607396
	5441  -  MemoryUsage of job (MB)
	5570616  -  ResidentSetSize of job (KB)
...
006 (10216337.000.000) 07/18 03:57:33 Image size of job updated: 5610912
	5448  -  MemoryUsage of job (MB)
	5578064  -  ResidentSetSize of job (KB)
...
006 (10216337.000.000) 07/18 04:02:33 Image size of job updated: 5610912
	5448  -  MemoryUsage of job (MB)
	5578116  -  ResidentSetSize of job (KB)
...
006 (10216337.000.000) 07/18 04:07:33 Image size of job updated: 5610912
	5458  -  MemoryUsage of job (MB)
	5588832  -  ResidentSetSize of job (KB)
...
006 (10216337.000.000) 07/18 04:12:34 Image size of job updated: 5620760
	5458  -  MemoryUsage of job (MB)
	5588832  -  ResidentSetSize of job (KB)
...
006 (10216337.000.000) 07/18 04:27:36 Image size of job updated: 5668408
	5518  -  MemoryUsage of job (MB)
	5649460  -  ResidentSetSize of job (KB)
...
006 (10216337.000.000) 07/18 04:32:37 Image size of job updated: 5684960
	5523  -  MemoryUsage of job (MB)
	5654912  -  ResidentSetSize of job (KB)
...
006 (10216337.000.000) 07/18 04:37:37 Image size of job updated: 5689988
	5523  -  MemoryUsage of job (MB)
	5654912  -  ResidentSetSize of job (KB)
...
006 (10216337.000.000) 07/18 04:57:39 Image size of job updated: 5689988
	5539  -  MemoryUsage of job (MB)
	5671868  -  ResidentSetSize of job (KB)
...
006 (10216337.000.000) 07/18 05:02:40 Image size of job updated: 5740176
	5553  -  MemoryUsage of job (MB)
	5685928  -  ResidentSetSize of job (KB)
...
006 (10216337.000.000) 07/18 05:07:41 Image size of job updated: 5747028
	5576  -  MemoryUsage of job (MB)
	5709824  -  ResidentSetSize of job (KB)
...
006 (10216337.000.000) 07/18 05:17:41 Image size of job updated: 5747028
	5578  -  MemoryUsage of job (MB)
	5711356  -  ResidentSetSize of job (KB)
...
006 (10216337.000.000) 07/18 05:22:43 Image size of job updated: 5747028
	5593  -  MemoryUsage of job (MB)
	5726344  -  ResidentSetSize of job (KB)
...
006 (10216337.000.000) 07/18 05:27:43 Image size of job updated: 5755488
	5593  -  MemoryUsage of job (MB)
	5726344  -  ResidentSetSize of job (KB)
...
006 (10216337.000.000) 07/18 05:37:44 Image size of job updated: 5755488
	5596  -  MemoryUsage of job (MB)
	5730216  -  ResidentSetSize of job (KB)
...
006 (10216337.000.000) 07/18 05:47:45 Image size of job updated: 5817272
	5646  -  MemoryUsage of job (MB)
	5781404  -  ResidentSetSize of job (KB)
...
006 (10216337.000.000) 07/18 05:52:45 Image size of job updated: 5826744
	5657  -  MemoryUsage of job (MB)
	5792356  -  ResidentSetSize of job (KB)
...
006 (10216337.000.000) 07/18 06:02:47 Image size of job updated: 5826744
	5668  -  MemoryUsage of job (MB)
	5803892  -  ResidentSetSize of job (KB)
...
006 (10216337.000.000) 07/18 06:07:47 Image size of job updated: 5830308
	5668  -  MemoryUsage of job (MB)
	5803892  -  ResidentSetSize of job (KB)
...
006 (10216337.000.000) 07/18 06:22:49 Image size of job updated: 5835408
	5668  -  MemoryUsage of job (MB)
	5803892  -  ResidentSetSize of job (KB)
...
006 (10216337.000.000) 07/18 06:27:49 Image size of job updated: 5858804
	5721  -  MemoryUsage of job (MB)
	5857904  -  ResidentSetSize of job (KB)
...
006 (10216337.000.000) 07/18 06:32:50 Image size of job updated: 5892420
	5726  -  MemoryUsage of job (MB)
	5862912  -  ResidentSetSize of job (KB)
...
006 (10216337.000.000) 07/18 06:37:51 Image size of job updated: 5896664
	5726  -  MemoryUsage of job (MB)
	5862912  -  ResidentSetSize of job (KB)
...
006 (10216337.000.000) 07/18 06:42:51 Image size of job updated: 5904084
	5726  -  MemoryUsage of job (MB)
	5862912  -  ResidentSetSize of job (KB)
...
006 (10216337.000.000) 07/18 06:47:51 Image size of job updated: 5906060
	5740  -  MemoryUsage of job (MB)
	5876944  -  ResidentSetSize of job (KB)
...
006 (10216337.000.000) 07/18 06:52:52 Image size of job updated: 5912420
	5742  -  MemoryUsage of job (MB)
	5879596  -  ResidentSetSize of job (KB)
...
006 (10216337.000.000) 07/18 07:02:53 Image size of job updated: 5941576
	5789  -  MemoryUsage of job (MB)
	5927780  -  ResidentSetSize of job (KB)
...
006 (10216337.000.000) 07/18 07:07:53 Image size of job updated: 5965156
	5800  -  MemoryUsage of job (MB)
	5938356  -  ResidentSetSize of job (KB)
...
006 (10216337.000.000) 07/18 07:12:54 Image size of job updated: 5965156
	5804  -  MemoryUsage of job (MB)
	5942944  -  ResidentSetSize of job (KB)
...
006 (10216337.000.000) 07/18 07:17:54 Image size of job updated: 5965156
	5807  -  MemoryUsage of job (MB)
	5945468  -  ResidentSetSize of job (KB)
...
006 (10216337.000.000) 07/18 07:22:54 Image size of job updated: 5975340
	5821  -  MemoryUsage of job (MB)
	5959992  -  ResidentSetSize of job (KB)
...
006 (10216337.000.000) 07/18 07:27:55 Image size of job updated: 6014916
	5868  -  MemoryUsage of job (MB)
	6008104  -  ResidentSetSize of job (KB)
...
006 (10216337.000.000) 07/18 07:32:56 Image size of job updated: 6038968
	5874  -  MemoryUsage of job (MB)
	6014444  -  ResidentSetSize of job (KB)
...
006 (10216337.000.000) 07/18 07:37:56 Image size of job updated: 6038972
	5888  -  MemoryUsage of job (MB)
	6028956  -  ResidentSetSize of job (KB)
...
006 (10216337.000.000) 07/18 07:52:57 Image size of job updated: 6039292
	5888  -  MemoryUsage of job (MB)
	6028956  -  ResidentSetSize of job (KB)
...
006 (10216337.000.000) 07/18 07:57:57 Image size of job updated: 6103928
	5950  -  MemoryUsage of job (MB)
	6092724  -  ResidentSetSize of job (KB)
...
006 (10216337.000.000) 07/18 08:02:58 Image size of job updated: 6117216
	5950  -  MemoryUsage of job (MB)
	6092724  -  ResidentSetSize of job (KB)
...
006 (10216337.000.000) 07/18 08:07:59 Image size of job updated: 6117216
	5956  -  MemoryUsage of job (MB)
	6098492  -  ResidentSetSize of job (KB)
...
006 (10216337.000.000) 07/18 08:13:00 Image size of job updated: 6119476
	5965  -  MemoryUsage of job (MB)
	6107508  -  ResidentSetSize of job (KB)
...
006 (10216337.000.000) 07/18 08:18:00 Image size of job updated: 6120016
	5965  -  MemoryUsage of job (MB)
	6107508  -  ResidentSetSize of job (KB)
...
006 (10216337.000.000) 07/18 08:23:01 Image size of job updated: 6167864
	5999  -  MemoryUsage of job (MB)
	6142244  -  ResidentSetSize of job (KB)
...
006 (10216337.000.000) 07/18 08:28:02 Image size of job updated: 6176632
	6023  -  MemoryUsage of job (MB)
	6167312  -  ResidentSetSize of job (KB)
...
006 (10216337.000.000) 07/18 08:33:03 Image size of job updated: 6193608
	6035  -  MemoryUsage of job (MB)
	6179068  -  ResidentSetSize of job (KB)
...
006 (10216337.000.000) 07/18 08:38:04 Image size of job updated: 6198628
	6038  -  MemoryUsage of job (MB)
	6182276  -  ResidentSetSize of job (KB)
...
006 (10216337.000.000) 07/18 08:48:06 Image size of job updated: 6220340
	6045  -  MemoryUsage of job (MB)
	6189496  -  ResidentSetSize of job (KB)
...
006 (10216337.000.000) 07/18 08:53:06 Image size of job updated: 6227380
	6049  -  MemoryUsage of job (MB)
	6193608  -  ResidentSetSize of job (KB)
...
006 (10216337.000.000) 07/18 08:58:07 Image size of job updated: 6267424
	6102  -  MemoryUsage of job (MB)
	6247436  -  ResidentSetSize of job (KB)
...
006 (10216337.000.000) 07/18 09:08:08 Image size of job updated: 6275784
	6118  -  MemoryUsage of job (MB)
	6264428  -  ResidentSetSize of job (KB)
...
006 (10216337.000.000) 07/18 09:18:10 Image size of job updated: 6286120
	6118  -  MemoryUsage of job (MB)
	6264428  -  ResidentSetSize of job (KB)
...
006 (10216337.000.000) 07/18 09:23:10 Image size of job updated: 6287068
	6120  -  MemoryUsage of job (MB)
	6266128  -  ResidentSetSize of job (KB)
...
006 (10216337.000.000) 07/18 09:28:11 Image size of job updated: 6355928
	6183  -  MemoryUsage of job (MB)
	6330736  -  ResidentSetSize of job (KB)
...
006 (10216337.000.000) 07/18 09:33:12 Image size of job updated: 6355928
	6190  -  MemoryUsage of job (MB)
	6338036  -  ResidentSetSize of job (KB)
...
006 (10216337.000.000) 07/18 09:38:12 Image size of job updated: 6364360
	6190  -  MemoryUsage of job (MB)
	6338036  -  ResidentSetSize of job (KB)
...
006 (10216337.000.000) 07/18 09:43:12 Image size of job updated: 6364360
	6197  -  MemoryUsage of job (MB)
	6345484  -  ResidentSetSize of job (KB)
...
006 (10216337.000.000) 07/18 09:53:13 Image size of job updated: 6364360
	6199  -  MemoryUsage of job (MB)
	6347028  -  ResidentSetSize of job (KB)
...
006 (10216337.000.000) 07/18 09:58:13 Image size of job updated: 6414220
	6259  -  MemoryUsage of job (MB)
	6408420  -  ResidentSetSize of job (KB)
...
006 (10216337.000.000) 07/18 10:03:14 Image size of job updated: 6426464
	6270  -  MemoryUsage of job (MB)
	6419552  -  ResidentSetSize of job (KB)
...
006 (10216337.000.000) 07/18 10:08:15 Image size of job updated: 6444816
	6271  -  MemoryUsage of job (MB)
	6421304  -  ResidentSetSize of job (KB)
...
006 (10216337.000.000) 07/18 10:18:16 Image size of job updated: 6444816
	6276  -  MemoryUsage of job (MB)
	6426336  -  ResidentSetSize of job (KB)
...
006 (10216337.000.000) 07/18 10:23:17 Image size of job updated: 6444832
	6282  -  MemoryUsage of job (MB)
	6432120  -  ResidentSetSize of job (KB)
...
006 (10216337.000.000) 07/18 10:28:17 Image size of job updated: 6466016
	6315  -  MemoryUsage of job (MB)
	6466012  -  ResidentSetSize of job (KB)
...
006 (10216337.000.000) 07/18 10:33:17 Image size of job updated: 6505212
	6336  -  MemoryUsage of job (MB)
	6487844  -  ResidentSetSize of job (KB)
...
006 (10216337.000.000) 07/18 10:38:19 Image size of job updated: 6525404
	6336  -  MemoryUsage of job (MB)
	6487844  -  ResidentSetSize of job (KB)
...
006 (10216337.000.000) 07/18 10:43:19 Image size of job updated: 6525404
	6338  -  MemoryUsage of job (MB)
	6489408  -  ResidentSetSize of job (KB)
...
006 (10216337.000.000) 07/18 10:48:19 Image size of job updated: 6525404
	6339  -  MemoryUsage of job (MB)
	6491060  -  ResidentSetSize of job (KB)
...
006 (10216337.000.000) 07/18 10:53:20 Image size of job updated: 6525404
	6346  -  MemoryUsage of job (MB)
	6498040  -  ResidentSetSize of job (KB)
...
006 (10216337.000.000) 07/18 11:03:21 Image size of job updated: 6570348
	6407  -  MemoryUsage of job (MB)
	6560364  -  ResidentSetSize of job (KB)
...
006 (10216337.000.000) 07/18 11:08:22 Image size of job updated: 6580408
	6409  -  MemoryUsage of job (MB)
	6562352  -  ResidentSetSize of job (KB)
...
006 (10216337.000.000) 07/18 11:13:23 Image size of job updated: 6580408
	6417  -  MemoryUsage of job (MB)
	6570520  -  ResidentSetSize of job (KB)
...
006 (10216337.000.000) 07/18 11:18:23 Image size of job updated: 6598668
	6434  -  MemoryUsage of job (MB)
	6587664  -  ResidentSetSize of job (KB)
...
006 (10216337.000.000) 07/18 11:23:23 Image size of job updated: 6600388
	6437  -  MemoryUsage of job (MB)
	6591076  -  ResidentSetSize of job (KB)
...
006 (10216337.000.000) 07/18 11:28:24 Image size of job updated: 6606740
	6447  -  MemoryUsage of job (MB)
	6600708  -  ResidentSetSize of job (KB)
...
006 (10216337.000.000) 07/18 11:33:24 Image size of job updated: 6656300
	6493  -  MemoryUsage of job (MB)
	6648044  -  ResidentSetSize of job (KB)
...
006 (10216337.000.000) 07/18 11:38:24 Image size of job updated: 6673752
	6496  -  MemoryUsage of job (MB)
	6651740  -  ResidentSetSize of job (KB)
...
006 (10216337.000.000) 07/18 11:43:24 Image size of job updated: 6673752
	6502  -  MemoryUsage of job (MB)
	6657544  -  ResidentSetSize of job (KB)
...
006 (10216337.000.000) 07/18 11:48:25 Image size of job updated: 6682072
	6508  -  MemoryUsage of job (MB)
	6663356  -  ResidentSetSize of job (KB)
...
006 (10216337.000.000) 07/18 11:53:26 Image size of job updated: 6682072
	6512  -  MemoryUsage of job (MB)
	6668264  -  ResidentSetSize of job (KB)
...
006 (10216337.000.000) 07/18 11:58:26 Image size of job updated: 6686860
	6516  -  MemoryUsage of job (MB)
	6671912  -  ResidentSetSize of job (KB)
...
006 (10216337.000.000) 07/18 12:08:28 Image size of job updated: 6735792
	6575  -  MemoryUsage of job (MB)
	6732716  -  ResidentSetSize of job (KB)
...
006 (10216337.000.000) 07/18 12:13:28 Image size of job updated: 6748988
	6576  -  MemoryUsage of job (MB)
	6733252  -  ResidentSetSize of job (KB)
...
006 (10216337.000.000) 07/18 12:18:28 Image size of job updated: 6769200
	6580  -  MemoryUsage of job (MB)
	6736956  -  ResidentSetSize of job (KB)
...
006 (10216337.000.000) 07/18 12:23:29 Image size of job updated: 6772016
	6584  -  MemoryUsage of job (MB)
	6741584  -  ResidentSetSize of job (KB)
...
006 (10216337.000.000) 07/18 12:28:29 Image size of job updated: 6781092
	6586  -  MemoryUsage of job (MB)
	6743328  -  ResidentSetSize of job (KB)
...
006 (10216337.000.000) 07/18 12:38:30 Image size of job updated: 6816732
	6644  -  MemoryUsage of job (MB)
	6803024  -  ResidentSetSize of job (KB)
...
006 (10216337.000.000) 07/18 12:43:31 Image size of job updated: 6828296
	6649  -  MemoryUsage of job (MB)
	6807880  -  ResidentSetSize of job (KB)
...
006 (10216337.000.000) 07/18 12:48:31 Image size of job updated: 6834900
	6652  -  MemoryUsage of job (MB)
	6811424  -  ResidentSetSize of job (KB)
...
006 (10216337.000.000) 07/18 12:53:31 Image size of job updated: 6834900
	6668  -  MemoryUsage of job (MB)
	6827724  -  ResidentSetSize of job (KB)
...
006 (10216337.000.000) 07/18 12:58:32 Image size of job updated: 6839084
	6671  -  MemoryUsage of job (MB)
	6830992  -  ResidentSetSize of job (KB)
...
006 (10216337.000.000) 07/18 13:03:32 Image size of job updated: 6846860
	6671  -  MemoryUsage of job (MB)
	6830992  -  ResidentSetSize of job (KB)
...
006 (10216337.000.000) 07/18 13:08:32 Image size of job updated: 6904232
	6735  -  MemoryUsage of job (MB)
	6895648  -  ResidentSetSize of job (KB)
...
006 (10216337.000.000) 07/18 13:13:33 Image size of job updated: 6908592
	6735  -  MemoryUsage of job (MB)
	6895648  -  ResidentSetSize of job (KB)
...
006 (10216337.000.000) 07/18 13:18:34 Image size of job updated: 6914668
	6735  -  MemoryUsage of job (MB)
	6895648  -  ResidentSetSize of job (KB)
...
006 (10216337.000.000) 07/18 13:28:35 Image size of job updated: 6936792
	6735  -  MemoryUsage of job (MB)
	6895648  -  ResidentSetSize of job (KB)
...
006 (10216337.000.000) 07/18 13:33:36 Image size of job updated: 6983440
	6795  -  MemoryUsage of job (MB)
	6957188  -  ResidentSetSize of job (KB)
...
006 (10216337.000.000) 07/18 13:38:36 Image size of job updated: 6983440
	6800  -  MemoryUsage of job (MB)
	6962424  -  ResidentSetSize of job (KB)
...
006 (10216337.000.000) 07/18 13:48:37 Image size of job updated: 6983440
	6802  -  MemoryUsage of job (MB)
	6964464  -  ResidentSetSize of job (KB)
...
006 (10216337.000.000) 07/18 13:53:37 Image size of job updated: 6983440
	6804  -  MemoryUsage of job (MB)
	6967232  -  ResidentSetSize of job (KB)
...
006 (10216337.000.000) 07/18 13:58:37 Image size of job updated: 6983440
	6804  -  MemoryUsage of job (MB)
	6967272  -  ResidentSetSize of job (KB)
...
006 (10216337.000.000) 07/18 14:03:38 Image size of job updated: 7045200
	6866  -  MemoryUsage of job (MB)
	7030456  -  ResidentSetSize of job (KB)
...
006 (10216337.000.000) 07/18 14:08:39 Image size of job updated: 7056916
	6873  -  MemoryUsage of job (MB)
	7037864  -  ResidentSetSize of job (KB)
...
006 (10216337.000.000) 07/18 14:18:39 Image size of job updated: 7057352
	6874  -  MemoryUsage of job (MB)
	7038568  -  ResidentSetSize of job (KB)
...
006 (10216337.000.000) 07/18 14:23:40 Image size of job updated: 7058712
	6882  -  MemoryUsage of job (MB)
	7046308  -  ResidentSetSize of job (KB)
...
006 (10216337.000.000) 07/18 14:33:40 Image size of job updated: 7110792
	6932  -  MemoryUsage of job (MB)
	7098212  -  ResidentSetSize of job (KB)
...
006 (10216337.000.000) 07/18 14:38:41 Image size of job updated: 7121504
	6932  -  MemoryUsage of job (MB)
	7098212  -  ResidentSetSize of job (KB)
...
006 (10216337.000.000) 07/18 14:43:42 Image size of job updated: 7121504
	6940  -  MemoryUsage of job (MB)
	7106116  -  ResidentSetSize of job (KB)
...
006 (10216337.000.000) 07/18 14:48:42 Image size of job updated: 7130372
	6940  -  MemoryUsage of job (MB)
	7106116  -  ResidentSetSize of job (KB)
...
006 (10216337.000.000) 07/18 14:53:43 Image size of job updated: 7130372
	6942  -  MemoryUsage of job (MB)
	7108244  -  ResidentSetSize of job (KB)
...
006 (10216337.000.000) 07/18 14:58:44 Image size of job updated: 7130484
	6949  -  MemoryUsage of job (MB)
	7115048  -  ResidentSetSize of job (KB)
...
006 (10216337.000.000) 07/18 15:03:44 Image size of job updated: 7186212
	7003  -  MemoryUsage of job (MB)
	7170684  -  ResidentSetSize of job (KB)
...
006 (10216337.000.000) 07/18 15:08:44 Image size of job updated: 7191344
	7007  -  MemoryUsage of job (MB)
	7174544  -  ResidentSetSize of job (KB)
...
006 (10216337.000.000) 07/18 15:13:45 Image size of job updated: 7193256
	7008  -  MemoryUsage of job (MB)
	7175848  -  ResidentSetSize of job (KB)
...
006 (10216337.000.000) 07/18 15:18:46 Image size of job updated: 7194132
	7012  -  MemoryUsage of job (MB)
	7179412  -  ResidentSetSize of job (KB)
...
006 (10216337.000.000) 07/18 15:23:46 Image size of job updated: 7199600
	7015  -  MemoryUsage of job (MB)
	7183168  -  ResidentSetSize of job (KB)
...
006 (10216337.000.000) 07/18 15:28:46 Image size of job updated: 7248636
	7076  -  MemoryUsage of job (MB)
	7244908  -  ResidentSetSize of job (KB)
...
006 (10216337.000.000) 07/18 15:33:47 Image size of job updated: 7272272
	7076  -  MemoryUsage of job (MB)
	7244908  -  ResidentSetSize of job (KB)
...
006 (10216337.000.000) 07/18 15:43:47 Image size of job updated: 7272272
	7077  -  MemoryUsage of job (MB)
	7246632  -  ResidentSetSize of job (KB)
...
006 (10216337.000.000) 07/18 15:48:48 Image size of job updated: 7274472
	7080  -  MemoryUsage of job (MB)
	7249428  -  ResidentSetSize of job (KB)
...
006 (10216337.000.000) 07/18 15:53:49 Image size of job updated: 7280316
	7080  -  MemoryUsage of job (MB)
	7249428  -  ResidentSetSize of job (KB)
...
006 (10216337.000.000) 07/18 15:58:49 Image size of job updated: 7346516
	7154  -  MemoryUsage of job (MB)
	7324868  -  ResidentSetSize of job (KB)
...
006 (10216337.000.000) 07/18 16:08:49 Image size of job updated: 7349180
	7154  -  MemoryUsage of job (MB)
	7324868  -  ResidentSetSize of job (KB)
...
006 (10216337.000.000) 07/18 16:23:51 Image size of job updated: 7385528
	7190  -  MemoryUsage of job (MB)
	7362244  -  ResidentSetSize of job (KB)
...
006 (10216337.000.000) 07/18 16:28:51 Image size of job updated: 7386832
	7212  -  MemoryUsage of job (MB)
	7384668  -  ResidentSetSize of job (KB)
...
006 (10216337.000.000) 07/18 16:33:51 Image size of job updated: 7387236
	7212  -  MemoryUsage of job (MB)
	7384668  -  ResidentSetSize of job (KB)
...
006 (10216337.000.000) 07/18 16:43:53 Image size of job updated: 7401140
	7212  -  MemoryUsage of job (MB)
	7384668  -  ResidentSetSize of job (KB)
...
006 (10216337.000.000) 07/18 16:48:53 Image size of job updated: 7440616
	7256  -  MemoryUsage of job (MB)
	7430008  -  ResidentSetSize of job (KB)
...
006 (10216337.000.000) 07/18 16:53:54 Image size of job updated: 7460796
	7256  -  MemoryUsage of job (MB)
	7430008  -  ResidentSetSize of job (KB)
...
006 (10216337.000.000) 07/18 17:38:58 Image size of job updated: 7475652
	7279  -  MemoryUsage of job (MB)
	7452844  -  ResidentSetSize of job (KB)
...
006 (10216337.000.000) 07/18 17:43:58 Image size of job updated: 7475652
	7287  -  MemoryUsage of job (MB)
	7460896  -  ResidentSetSize of job (KB)
...
006 (10216337.000.000) 07/18 17:48:59 Image size of job updated: 7484468
	7287  -  MemoryUsage of job (MB)
	7460896  -  ResidentSetSize of job (KB)
...
006 (10216337.000.000) 07/18 18:04:00 Image size of job updated: 7507404
	7293  -  MemoryUsage of job (MB)
	7467656  -  ResidentSetSize of job (KB)
...
006 (10216337.000.000) 07/18 18:09:01 Image size of job updated: 7510700
	7313  -  MemoryUsage of job (MB)
	7487592  -  ResidentSetSize of job (KB)
...
006 (10216337.000.000) 07/18 18:29:03 Image size of job updated: 7564524
	7352  -  MemoryUsage of job (MB)
	7528236  -  ResidentSetSize of job (KB)
...
006 (10216337.000.000) 07/18 18:34:03 Image size of job updated: 7565400
	7352  -  MemoryUsage of job (MB)
	7528236  -  ResidentSetSize of job (KB)
...
006 (10216337.000.000) 07/18 18:54:05 Image size of job updated: 7584044
	7404  -  MemoryUsage of job (MB)
	7580700  -  ResidentSetSize of job (KB)
...
006 (10216337.000.000) 07/18 18:59:05 Image size of job updated: 7605772
	7411  -  MemoryUsage of job (MB)
	7588564  -  ResidentSetSize of job (KB)
...
006 (10216337.000.000) 07/18 19:04:06 Image size of job updated: 7607696
	7411  -  MemoryUsage of job (MB)
	7588564  -  ResidentSetSize of job (KB)
...
040 (10216337.000.000) 07/19 03:39:20 Started transferring output files
...
040 (10216337.000.000) 07/19 03:39:20 Finished transferring output files
...
005 (10216337.000.000) 07/19 03:39:20 Job terminated.
	(1) Normal termination (return value 0)
		Usr 0 23:00:10, Sys 0 00:42:46  -  Run Remote Usage
		Usr 0 00:00:00, Sys 0 00:00:00  -  Run Local Usage
		Usr 0 23:00:10, Sys 0 00:42:46  -  Total Remote Usage
		Usr 0 00:00:00, Sys 0 00:00:00  -  Total Local Usage
	6204395  -  Run Bytes Sent By Job
	803221  -  Run Bytes Received By Job
	6204395  -  Total Bytes Sent By Job
	803221  -  Total Bytes Received By Job
	Partitionable Resources :    Usage  Request Allocated 
	   Cpus                 :     0.35        8         8 
	   Disk (KB)            :  6865        1000   2806426 
	   Memory (MB)          :  7411       16000     16000 

	Job terminated of its own accord at 2024-07-19T01:39:19Z with exit-code 0.
...
